<?xml version="1.0" encoding="UTF-8"?>
<testsuites>
  <testsuite name="aaa" timestamp="2025-03-12T08:07:26Z" hostname="530edd91f089" tests="74" skipped="0" failures="0" errors="0" time="3.774">
    <testcase time="0.132" classname="aaa" name="Test_suite_aaa.R"/>
    <testcase time="0.042" classname="aaa" name="Test_suite_aaa.R"/>
    <testcase time="0.032" classname="aaa" name="Test_suite_aaa.R"/>
    <testcase time="0.0329999999999999" classname="aaa" name="Test_suite_aaa.R"/>
    <testcase time="0.0450000000000002" classname="aaa" name="Test_suite_aaa.R"/>
    <testcase time="0.0209999999999999" classname="aaa" name="Test_suite_aaa.R"/>
    <testcase time="0.042" classname="aaa" name="Test_suite_aaa.R"/>
    <testcase time="0.016" classname="aaa" name="Test_suite_aaa.R"/>
    <testcase time="0.00700000000000012" classname="aaa" name="Test_suite_aaa.R"/>
    <testcase time="0.0169999999999999" classname="aaa" name="Test_suite_aaa.R"/>
    <testcase time="0.0209999999999999" classname="aaa" name="Test_suite_aaa.R"/>
    <testcase time="0.0250000000000004" classname="aaa" name="Test_suite_aaa.R"/>
    <testcase time="0.0279999999999996" classname="aaa" name="Test_suite_aaa.R"/>
    <testcase time="0.0310000000000001" classname="aaa" name="Test_suite_aaa.R"/>
    <testcase time="0.036" classname="aaa" name="Test_suite_aaa.R"/>
    <testcase time="0.0129999999999999" classname="aaa" name="Test_suite_aaa.R"/>
    <testcase time="0.0170000000000003" classname="aaa" name="Test_suite_aaa.R"/>
    <testcase time="0.0269999999999997" classname="aaa" name="Test_suite_aaa.R"/>
    <testcase time="0.048" classname="aaa" name="Test_suite_aaa.R"/>
    <testcase time="0.0680000000000001" classname="aaa" name="Test_suite_aaa.R"/>
    <testcase time="0.00199999999999978" classname="aaa" name="Test_suite_aaa.R"/>
    <testcase time="0.0100000000000002" classname="aaa" name="Test_suite_aaa.R"/>
    <testcase time="0.00999999999999979" classname="aaa" name="Test_suite_aaa.R"/>
    <testcase time="0.028" classname="aaa" name="Test_suite_aaa.R"/>
    <testcase time="0.0310000000000001" classname="aaa" name="Test_suite_aaa.R"/>
    <testcase time="0.032" classname="aaa" name="Test_suite_aaa.R"/>
    <testcase time="0.0449999999999999" classname="aaa" name="Test_suite_aaa.R"/>
    <testcase time="0.024" classname="aaa" name="Test_suite_aaa.R"/>
    <testcase time="0.044" classname="aaa" name="Test_suite_aaa.R"/>
    <testcase time="0.0209999999999999" classname="aaa" name="Test_suite_aaa.R"/>
    <testcase time="0.024" classname="aaa" name="Test_suite_aaa.R"/>
    <testcase time="0.032" classname="aaa" name="Test_suite_aaa.R"/>
    <testcase time="0.0510000000000002" classname="aaa" name="Test_suite_aaa.R"/>
    <testcase time="0.0789999999999997" classname="aaa" name="Test_suite_aaa.R"/>
    <testcase time="0.00900000000000034" classname="aaa" name="Test_suite_aaa.R"/>
    <testcase time="0.04" classname="aaa" name="Test_suite_aaa.R"/>
    <testcase time="0.103" classname="aaa" name="Test_suite_aaa.R"/>
    <testcase time="1.436" classname="aaa" name="Test_suite_aaa.R"/>
    <testcase time="0.0190000000000001" classname="aaa" name="Test_suite_aaa.R"/>
    <testcase time="0.0179999999999998" classname="aaa" name="Test_suite_aaa.R"/>
    <testcase time="0.024" classname="aaa" name="Test_suite_aaa.R"/>
    <testcase time="0.0330000000000004" classname="aaa" name="Test_suite_aaa.R"/>
    <testcase time="0.016" classname="aaa" name="Test_suite_aaa.R"/>
    <testcase time="0.0309999999999997" classname="aaa" name="Test_suite_aaa.R"/>
    <testcase time="0.016" classname="aaa" name="Test_suite_aaa.R"/>
    <testcase time="0.00600000000000023" classname="aaa" name="Test_suite_aaa.R"/>
    <testcase time="0.0169999999999995" classname="aaa" name="Test_suite_aaa.R"/>
    <testcase time="0.0200000000000005" classname="aaa" name="Test_suite_aaa.R"/>
    <testcase time="0.024" classname="aaa" name="Test_suite_aaa.R"/>
    <testcase time="0.0270000000000001" classname="aaa" name="Test_suite_aaa.R"/>
    <testcase time="0.0350000000000001" classname="aaa" name="Test_suite_aaa.R"/>
    <testcase time="0.0339999999999998" classname="aaa" name="Test_suite_aaa.R"/>
    <testcase time="0.0149999999999997" classname="aaa" name="Test_suite_aaa.R"/>
    <testcase time="0.016" classname="aaa" name="Test_suite_aaa.R"/>
    <testcase time="0.0259999999999998" classname="aaa" name="Test_suite_aaa.R"/>
    <testcase time="0.04" classname="aaa" name="Test_suite_aaa.R"/>
    <testcase time="0.0710000000000006" classname="aaa" name="Test_suite_aaa.R"/>
    <testcase time="0.00300000000000011" classname="aaa" name="Test_suite_aaa.R"/>
    <testcase time="0.00800000000000001" classname="aaa" name="Test_suite_aaa.R"/>
    <testcase time="0.00999999999999979" classname="aaa" name="Test_suite_aaa.R"/>
    <testcase time="0.0279999999999996" classname="aaa" name="Test_suite_aaa.R"/>
    <testcase time="0.0300000000000002" classname="aaa" name="Test_suite_aaa.R"/>
    <testcase time="0.0299999999999994" classname="aaa" name="Test_suite_aaa.R"/>
    <testcase time="0.04" classname="aaa" name="Test_suite_aaa.R"/>
    <testcase time="0.0209999999999999" classname="aaa" name="Test_suite_aaa.R"/>
    <testcase time="0.0449999999999999" classname="aaa" name="Test_suite_aaa.R"/>
    <testcase time="0.0200000000000005" classname="aaa" name="Test_suite_aaa.R"/>
    <testcase time="0.0270000000000001" classname="aaa" name="Test_suite_aaa.R"/>
    <testcase time="0.0329999999999995" classname="aaa" name="Test_suite_aaa.R"/>
    <testcase time="0.048" classname="aaa" name="Test_suite_aaa.R"/>
    <testcase time="0.0800000000000001" classname="aaa" name="Test_suite_aaa.R"/>
    <testcase time="0.00999999999999979" classname="aaa" name="Test_suite_aaa.R"/>
    <testcase time="0.0300000000000002" classname="aaa" name="Test_suite_aaa.R"/>
    <testcase time="0.101" classname="aaa" name="Test_suite_aaa.R"/>
  </testsuite>
  <testsuite name="aab" timestamp="2025-03-12T08:07:31Z" hostname="530edd91f089" tests="12" skipped="0" failures="0" errors="0" time="2.764">
    <testcase time="1.466" classname="aab" name="Test_suite_aab.R"/>
    <testcase time="0.11" classname="aab" name="Test_suite_aab.R"/>
    <testcase time="0.0989999999999993" classname="aab" name="Test_suite_aab.R"/>
    <testcase time="0.11" classname="aab" name="Test_suite_aab.R"/>
    <testcase time="0.11" classname="aab" name="Test_suite_aab.R"/>
    <testcase time="0.0949999999999998" classname="aab" name="Test_suite_aab.R"/>
    <testcase time="0.11" classname="aab" name="Test_suite_aab.R"/>
    <testcase time="0.0979999999999999" classname="aab" name="Test_suite_aab.R"/>
    <testcase time="0.112" classname="aab" name="Test_suite_aab.R"/>
    <testcase time="0.112" classname="aab" name="Test_suite_aab.R"/>
    <testcase time="0.335" classname="aab" name="Test_suite_aab.R"/>
    <testcase time="0.00699999999999967" classname="aab" name="Test_suite_aab.R"/>
  </testsuite>
  <testsuite name="aac" timestamp="2025-03-12T08:07:33Z" hostname="530edd91f089" tests="26" skipped="0" failures="0" errors="0" time="0.592">
    <testcase time="0.0489999999999995" classname="aac" name="Test_suite_aac.R"/>
    <testcase time="0.0280000000000005" classname="aac" name="Test_suite_aac.R"/>
    <testcase time="0.0400000000000009" classname="aac" name="Test_suite_aac.R"/>
    <testcase time="0.0359999999999996" classname="aac" name="Test_suite_aac.R"/>
    <testcase time="0.0419999999999998" classname="aac" name="Test_suite_aac.R"/>
    <testcase time="0.0389999999999997" classname="aac" name="Test_suite_aac.R"/>
    <testcase time="0.0419999999999998" classname="aac" name="Test_suite_aac.R"/>
    <testcase time="0.027000000000001" classname="aac" name="Test_suite_aac.R"/>
    <testcase time="0.00399999999999956" classname="aac" name="Test_suite_aac.R"/>
    <testcase time="0.00900000000000034" classname="aac" name="Test_suite_aac.R"/>
    <testcase time="0.0419999999999998" classname="aac" name="Test_suite_aac.R"/>
    <testcase time="0.0419999999999998" classname="aac" name="Test_suite_aac.R"/>
    <testcase time="0.0789999999999988" classname="aac" name="Test_suite_aac.R"/>
    <testcase time="0.00700000000000145" classname="aac" name="Test_suite_aac.R"/>
    <testcase time="0.00399999999999956" classname="aac" name="Test_suite_aac.R"/>
    <testcase time="0.0269999999999992" classname="aac" name="Test_suite_aac.R"/>
    <testcase time="0.00400000000000134" classname="aac" name="Test_suite_aac.R"/>
    <testcase time="0.00399999999999956" classname="aac" name="Test_suite_aac.R"/>
    <testcase time="0.00499999999999901" classname="aac" name="Test_suite_aac.R"/>
    <testcase time="0.00400000000000134" classname="aac" name="Test_suite_aac.R"/>
    <testcase time="0.00399999999999956" classname="aac" name="Test_suite_aac.R"/>
    <testcase time="0.00399999999999956" classname="aac" name="Test_suite_aac.R"/>
    <testcase time="0.00399999999999956" classname="aac" name="Test_suite_aac.R"/>
    <testcase time="0.0140000000000011" classname="aac" name="Test_suite_aac.R"/>
    <testcase time="0.016" classname="aac" name="Test_suite_aac.R"/>
    <testcase time="0.016" classname="aac" name="Test_suite_aac.R"/>
  </testsuite>
  <testsuite name="aad" timestamp="2025-03-12T08:07:33Z" hostname="530edd91f089" tests="1" skipped="0" failures="0" errors="0" time="0.222">
    <testcase time="0.222" classname="aad" name="Test_suite_aad.R_Degen_s_eight_square_identity"/>
  </testsuite>
  <testsuite name="aae" timestamp="2025-03-12T08:07:34Z" hostname="530edd91f089" tests="13" skipped="0" failures="0" errors="0" time="0.062">
    <testcase time="0.00699999999999967" classname="aae" name="Test_suite_test_aae.R"/>
    <testcase time="0.00200000000000067" classname="aae" name="Test_suite_test_aae.R"/>
    <testcase time="0.00499999999999901" classname="aae" name="Test_suite_test_aae.R"/>
    <testcase time="0.00400000000000134" classname="aae" name="Test_suite_test_aae.R"/>
    <testcase time="0.00399999999999956" classname="aae" name="Test_suite_test_aae.R"/>
    <testcase time="0.00499999999999901" classname="aae" name="Test_suite_test_aae.R"/>
    <testcase time="0.00300000000000011" classname="aae" name="Test_suite_test_aae.R"/>
    <testcase time="0.00400000000000134" classname="aae" name="Test_suite_test_aae.R"/>
    <testcase time="0.00199999999999889" classname="aae" name="Test_suite_test_aae.R"/>
    <testcase time="0.00500000000000078" classname="aae" name="Test_suite_test_aae.R"/>
    <testcase time="0.00499999999999901" classname="aae" name="Test_suite_test_aae.R"/>
    <testcase time="0.0140000000000011" classname="aae" name="Test_suite_test_aae.R"/>
    <testcase time="0.00199999999999889" classname="aae" name="Test_suite_test_aae.R"/>
  </testsuite>
  <testsuite name="aaf" timestamp="2025-03-12T08:07:34Z" hostname="530edd91f089" tests="389" skipped="0" failures="0" errors="0" time="6.618">
    <testcase time="0.0800000000000001" classname="aaf" name="Test_suite_test_aaf.R"/>
    <testcase time="0.00200000000000067" classname="aaf" name="Test_suite_test_aaf.R"/>
    <testcase time="0.00200000000000067" classname="aaf" name="Test_suite_test_aaf.R"/>
    <testcase time="0.00199999999999889" classname="aaf" name="Test_suite_test_aaf.R"/>
    <testcase time="0.00200000000000067" classname="aaf" name="Test_suite_test_aaf.R"/>
    <testcase time="0.00199999999999889" classname="aaf" name="Test_suite_test_aaf.R"/>
    <testcase time="0.00300000000000011" classname="aaf" name="Test_suite_test_aaf.R"/>
    <testcase time="0.00200000000000067" classname="aaf" name="Test_suite_test_aaf.R"/>
    <testcase time="0.00200000000000067" classname="aaf" name="Test_suite_test_aaf.R"/>
    <testcase time="0.00199999999999889" classname="aaf" name="Test_suite_test_aaf.R"/>
    <testcase time="0.00200000000000067" classname="aaf" name="Test_suite_test_aaf.R"/>
    <testcase time="0.00199999999999889" classname="aaf" name="Test_suite_test_aaf.R"/>
    <testcase time="0.00500000000000078" classname="aaf" name="Test_suite_test_aaf.R"/>
    <testcase time="0.00399999999999956" classname="aaf" name="Test_suite_test_aaf.R"/>
    <testcase time="0.00500000000000078" classname="aaf" name="Test_suite_test_aaf.R"/>
    <testcase time="0.00399999999999956" classname="aaf" name="Test_suite_test_aaf.R"/>
    <testcase time="0.00399999999999956" classname="aaf" name="Test_suite_test_aaf.R"/>
    <testcase time="0.00500000000000078" classname="aaf" name="Test_suite_test_aaf.R"/>
    <testcase time="0.00399999999999956" classname="aaf" name="Test_suite_test_aaf.R"/>
    <testcase time="0.00399999999999956" classname="aaf" name="Test_suite_test_aaf.R"/>
    <testcase time="0.00300000000000011" classname="aaf" name="Test_suite_test_aaf.R"/>
    <testcase time="0.00200000000000067" classname="aaf" name="Test_suite_test_aaf.R"/>
    <testcase time="0.00200000000000067" classname="aaf" name="Test_suite_test_aaf.R"/>
    <testcase time="0.00199999999999889" classname="aaf" name="Test_suite_test_aaf.R"/>
    <testcase time="0.00200000000000067" classname="aaf" name="Test_suite_test_aaf.R"/>
    <testcase time="0.00199999999999889" classname="aaf" name="Test_suite_test_aaf.R"/>
    <testcase time="0.00199999999999889" classname="aaf" name="Test_suite_test_aaf.R"/>
    <testcase time="0.00300000000000011" classname="aaf" name="Test_suite_test_aaf.R"/>
    <testcase time="0.00200000000000067" classname="aaf" name="Test_suite_test_aaf.R"/>
    <testcase time="0.00300000000000011" classname="aaf" name="Test_suite_test_aaf.R"/>
    <testcase time="0.00200000000000067" classname="aaf" name="Test_suite_test_aaf.R"/>
    <testcase time="0.00299999999999834" classname="aaf" name="Test_suite_test_aaf.R"/>
    <testcase time="0.00200000000000067" classname="aaf" name="Test_suite_test_aaf.R"/>
    <testcase time="0.00200000000000067" classname="aaf" name="Test_suite_test_aaf.R"/>
    <testcase time="0.00300000000000011" classname="aaf" name="Test_suite_test_aaf.R"/>
    <testcase time="0.00199999999999889" classname="aaf" name="Test_suite_test_aaf.R"/>
    <testcase time="0.00200000000000067" classname="aaf" name="Test_suite_test_aaf.R"/>
    <testcase time="0.00300000000000011" classname="aaf" name="Test_suite_test_aaf.R"/>
    <testcase time="0.00199999999999889" classname="aaf" name="Test_suite_test_aaf.R"/>
    <testcase time="0.00300000000000011" classname="aaf" name="Test_suite_test_aaf.R"/>
    <testcase time="0.00200000000000067" classname="aaf" name="Test_suite_test_aaf.R"/>
    <testcase time="0.00300000000000011" classname="aaf" name="Test_suite_test_aaf.R"/>
    <testcase time="0.00300000000000011" classname="aaf" name="Test_suite_test_aaf.R"/>
    <testcase time="0.00200000000000067" classname="aaf" name="Test_suite_test_aaf.R"/>
    <testcase time="0.00899999999999856" classname="aaf" name="Test_suite_test_aaf.R"/>
    <testcase time="0.00300000000000011" classname="aaf" name="Test_suite_test_aaf.R"/>
    <testcase time="0.00500000000000078" classname="aaf" name="Test_suite_test_aaf.R"/>
    <testcase time="0.00600000000000023" classname="aaf" name="Test_suite_test_aaf.R"/>
    <testcase time="0.00600000000000023" classname="aaf" name="Test_suite_test_aaf.R"/>
    <testcase time="0.00499999999999901" classname="aaf" name="Test_suite_test_aaf.R"/>
    <testcase time="0.00999999999999979" classname="aaf" name="Test_suite_test_aaf.R"/>
    <testcase time="0.00600000000000023" classname="aaf" name="Test_suite_test_aaf.R"/>
    <testcase time="0.00500000000000078" classname="aaf" name="Test_suite_test_aaf.R"/>
    <testcase time="0.00600000000000023" classname="aaf" name="Test_suite_test_aaf.R"/>
    <testcase time="0.00599999999999845" classname="aaf" name="Test_suite_test_aaf.R"/>
    <testcase time="0.00700000000000145" classname="aaf" name="Test_suite_test_aaf.R"/>
    <testcase time="0.0129999999999999" classname="aaf" name="Test_suite_test_aaf.R"/>
    <testcase time="0.0129999999999999" classname="aaf" name="Test_suite_test_aaf.R"/>
    <testcase time="0.0109999999999992" classname="aaf" name="Test_suite_test_aaf.R"/>
    <testcase time="0.0150000000000006" classname="aaf" name="Test_suite_test_aaf.R"/>
    <testcase time="0.00900000000000034" classname="aaf" name="Test_suite_test_aaf.R"/>
    <testcase time="0.00599999999999845" classname="aaf" name="Test_suite_test_aaf.R"/>
    <testcase time="0.00600000000000023" classname="aaf" name="Test_suite_test_aaf.R"/>
    <testcase time="0.00600000000000023" classname="aaf" name="Test_suite_test_aaf.R"/>
    <testcase time="0.0080000000000009" classname="aaf" name="Test_suite_test_aaf.R"/>
    <testcase time="0.0129999999999999" classname="aaf" name="Test_suite_test_aaf.R"/>
    <testcase time="0.0129999999999999" classname="aaf" name="Test_suite_test_aaf.R"/>
    <testcase time="0.0109999999999992" classname="aaf" name="Test_suite_test_aaf.R"/>
    <testcase time="0.00900000000000034" classname="aaf" name="Test_suite_test_aaf.R"/>
    <testcase time="0.00699999999999967" classname="aaf" name="Test_suite_test_aaf.R"/>
    <testcase time="0.00699999999999967" classname="aaf" name="Test_suite_test_aaf.R"/>
    <testcase time="0.00600000000000023" classname="aaf" name="Test_suite_test_aaf.R"/>
    <testcase time="0.0170000000000012" classname="aaf" name="Test_suite_test_aaf.R"/>
    <testcase time="0.00799999999999912" classname="aaf" name="Test_suite_test_aaf.R"/>
    <testcase time="0.131" classname="aaf" name="Test_suite_test_aaf.R"/>
    <testcase time="0.00300000000000011" classname="aaf" name="Test_suite_test_aaf.R"/>
    <testcase time="0.00200000000000067" classname="aaf" name="Test_suite_test_aaf.R"/>
    <testcase time="0.00199999999999889" classname="aaf" name="Test_suite_test_aaf.R"/>
    <testcase time="0.00200000000000067" classname="aaf" name="Test_suite_test_aaf.R"/>
    <testcase time="0.00300000000000011" classname="aaf" name="Test_suite_test_aaf.R"/>
    <testcase time="0.00199999999999889" classname="aaf" name="Test_suite_test_aaf.R"/>
    <testcase time="0.00200000000000067" classname="aaf" name="Test_suite_test_aaf.R"/>
    <testcase time="0.00300000000000011" classname="aaf" name="Test_suite_test_aaf.R"/>
    <testcase time="0.00200000000000067" classname="aaf" name="Test_suite_test_aaf.R"/>
    <testcase time="0.00199999999999889" classname="aaf" name="Test_suite_test_aaf.R"/>
    <testcase time="0.00200000000000067" classname="aaf" name="Test_suite_test_aaf.R"/>
    <testcase time="0.00499999999999901" classname="aaf" name="Test_suite_test_aaf.R"/>
    <testcase time="0.00400000000000134" classname="aaf" name="Test_suite_test_aaf.R"/>
    <testcase time="0.00499999999999901" classname="aaf" name="Test_suite_test_aaf.R"/>
    <testcase time="0.00399999999999956" classname="aaf" name="Test_suite_test_aaf.R"/>
    <testcase time="0.00399999999999956" classname="aaf" name="Test_suite_test_aaf.R"/>
    <testcase time="0.00500000000000078" classname="aaf" name="Test_suite_test_aaf.R"/>
    <testcase time="0.00399999999999956" classname="aaf" name="Test_suite_test_aaf.R"/>
    <testcase time="0.00499999999999901" classname="aaf" name="Test_suite_test_aaf.R"/>
    <testcase time="0.00200000000000067" classname="aaf" name="Test_suite_test_aaf.R"/>
    <testcase time="0.00200000000000067" classname="aaf" name="Test_suite_test_aaf.R"/>
    <testcase time="0.00300000000000011" classname="aaf" name="Test_suite_test_aaf.R"/>
    <testcase time="0.00199999999999889" classname="aaf" name="Test_suite_test_aaf.R"/>
    <testcase time="0.00200000000000067" classname="aaf" name="Test_suite_test_aaf.R"/>
    <testcase time="0.00199999999999889" classname="aaf" name="Test_suite_test_aaf.R"/>
    <testcase time="0.00200000000000067" classname="aaf" name="Test_suite_test_aaf.R"/>
    <testcase time="0.00300000000000011" classname="aaf" name="Test_suite_test_aaf.R"/>
    <testcase time="0.00200000000000067" classname="aaf" name="Test_suite_test_aaf.R"/>
    <testcase time="0.00199999999999889" classname="aaf" name="Test_suite_test_aaf.R"/>
    <testcase time="0.00200000000000067" classname="aaf" name="Test_suite_test_aaf.R"/>
    <testcase time="0.00199999999999889" classname="aaf" name="Test_suite_test_aaf.R"/>
    <testcase time="0.00300000000000011" classname="aaf" name="Test_suite_test_aaf.R"/>
    <testcase time="0.00200000000000067" classname="aaf" name="Test_suite_test_aaf.R"/>
    <testcase time="0.00200000000000067" classname="aaf" name="Test_suite_test_aaf.R"/>
    <testcase time="0.00300000000000011" classname="aaf" name="Test_suite_test_aaf.R"/>
    <testcase time="0.00399999999999956" classname="aaf" name="Test_suite_test_aaf.R"/>
    <testcase time="0.00300000000000011" classname="aaf" name="Test_suite_test_aaf.R"/>
    <testcase time="0.00300000000000011" classname="aaf" name="Test_suite_test_aaf.R"/>
    <testcase time="0.00300000000000011" classname="aaf" name="Test_suite_test_aaf.R"/>
    <testcase time="0.00199999999999889" classname="aaf" name="Test_suite_test_aaf.R"/>
    <testcase time="0.00200000000000067" classname="aaf" name="Test_suite_test_aaf.R"/>
    <testcase time="0.00300000000000011" classname="aaf" name="Test_suite_test_aaf.R"/>
    <testcase time="0.00199999999999889" classname="aaf" name="Test_suite_test_aaf.R"/>
    <testcase time="0.00400000000000134" classname="aaf" name="Test_suite_test_aaf.R"/>
    <testcase time="0.00300000000000011" classname="aaf" name="Test_suite_test_aaf.R"/>
    <testcase time="0.00599999999999845" classname="aaf" name="Test_suite_test_aaf.R"/>
    <testcase time="0.00600000000000023" classname="aaf" name="Test_suite_test_aaf.R"/>
    <testcase time="0.00999999999999979" classname="aaf" name="Test_suite_test_aaf.R"/>
    <testcase time="0.00600000000000023" classname="aaf" name="Test_suite_test_aaf.R"/>
    <testcase time="0.00999999999999979" classname="aaf" name="Test_suite_test_aaf.R"/>
    <testcase time="0.00600000000000023" classname="aaf" name="Test_suite_test_aaf.R"/>
    <testcase time="0.00500000000000078" classname="aaf" name="Test_suite_test_aaf.R"/>
    <testcase time="0.00699999999999967" classname="aaf" name="Test_suite_test_aaf.R"/>
    <testcase time="0.00500000000000078" classname="aaf" name="Test_suite_test_aaf.R"/>
    <testcase time="0.00799999999999912" classname="aaf" name="Test_suite_test_aaf.R"/>
    <testcase time="0.0129999999999999" classname="aaf" name="Test_suite_test_aaf.R"/>
    <testcase time="0.0129999999999999" classname="aaf" name="Test_suite_test_aaf.R"/>
    <testcase time="0.011000000000001" classname="aaf" name="Test_suite_test_aaf.R"/>
    <testcase time="0.0139999999999993" classname="aaf" name="Test_suite_test_aaf.R"/>
    <testcase time="0.00999999999999979" classname="aaf" name="Test_suite_test_aaf.R"/>
    <testcase time="0.00600000000000023" classname="aaf" name="Test_suite_test_aaf.R"/>
    <testcase time="0.00600000000000023" classname="aaf" name="Test_suite_test_aaf.R"/>
    <testcase time="0.00600000000000023" classname="aaf" name="Test_suite_test_aaf.R"/>
    <testcase time="0.00799999999999912" classname="aaf" name="Test_suite_test_aaf.R"/>
    <testcase time="0.0120000000000005" classname="aaf" name="Test_suite_test_aaf.R"/>
    <testcase time="0.0139999999999993" classname="aaf" name="Test_suite_test_aaf.R"/>
    <testcase time="0.011000000000001" classname="aaf" name="Test_suite_test_aaf.R"/>
    <testcase time="0.00799999999999912" classname="aaf" name="Test_suite_test_aaf.R"/>
    <testcase time="0.00900000000000034" classname="aaf" name="Test_suite_test_aaf.R"/>
    <testcase time="0.00500000000000078" classname="aaf" name="Test_suite_test_aaf.R"/>
    <testcase time="0.00600000000000023" classname="aaf" name="Test_suite_test_aaf.R"/>
    <testcase time="0.016" classname="aaf" name="Test_suite_test_aaf.R"/>
    <testcase time="0.00799999999999912" classname="aaf" name="Test_suite_test_aaf.R"/>
    <testcase time="0.0690000000000008" classname="aaf" name="Test_suite_test_aaf.R"/>
    <testcase time="0.00199999999999889" classname="aaf" name="Test_suite_test_aaf.R"/>
    <testcase time="0.00300000000000011" classname="aaf" name="Test_suite_test_aaf.R"/>
    <testcase time="0.00200000000000067" classname="aaf" name="Test_suite_test_aaf.R"/>
    <testcase time="0.00300000000000011" classname="aaf" name="Test_suite_test_aaf.R"/>
    <testcase time="0.00199999999999889" classname="aaf" name="Test_suite_test_aaf.R"/>
    <testcase time="0.00300000000000011" classname="aaf" name="Test_suite_test_aaf.R"/>
    <testcase time="0.00200000000000067" classname="aaf" name="Test_suite_test_aaf.R"/>
    <testcase time="0.00300000000000011" classname="aaf" name="Test_suite_test_aaf.R"/>
    <testcase time="0.00199999999999889" classname="aaf" name="Test_suite_test_aaf.R"/>
    <testcase time="0.00300000000000011" classname="aaf" name="Test_suite_test_aaf.R"/>
    <testcase time="0.00200000000000067" classname="aaf" name="Test_suite_test_aaf.R"/>
    <testcase time="0.00500000000000078" classname="aaf" name="Test_suite_test_aaf.R"/>
    <testcase time="0.00499999999999901" classname="aaf" name="Test_suite_test_aaf.R"/>
    <testcase time="0.00500000000000078" classname="aaf" name="Test_suite_test_aaf.R"/>
    <testcase time="0.00499999999999901" classname="aaf" name="Test_suite_test_aaf.R"/>
    <testcase time="0.00500000000000078" classname="aaf" name="Test_suite_test_aaf.R"/>
    <testcase time="0.00499999999999901" classname="aaf" name="Test_suite_test_aaf.R"/>
    <testcase time="0.00400000000000134" classname="aaf" name="Test_suite_test_aaf.R"/>
    <testcase time="0.00499999999999901" classname="aaf" name="Test_suite_test_aaf.R"/>
    <testcase time="0.00300000000000011" classname="aaf" name="Test_suite_test_aaf.R"/>
    <testcase time="0.00200000000000067" classname="aaf" name="Test_suite_test_aaf.R"/>
    <testcase time="0.00300000000000011" classname="aaf" name="Test_suite_test_aaf.R"/>
    <testcase time="0.00199999999999889" classname="aaf" name="Test_suite_test_aaf.R"/>
    <testcase time="0.00300000000000011" classname="aaf" name="Test_suite_test_aaf.R"/>
    <testcase time="0.00200000000000067" classname="aaf" name="Test_suite_test_aaf.R"/>
    <testcase time="0.00300000000000011" classname="aaf" name="Test_suite_test_aaf.R"/>
    <testcase time="0.00199999999999889" classname="aaf" name="Test_suite_test_aaf.R"/>
    <testcase time="0.00300000000000011" classname="aaf" name="Test_suite_test_aaf.R"/>
    <testcase time="0.00200000000000067" classname="aaf" name="Test_suite_test_aaf.R"/>
    <testcase time="0.00300000000000011" classname="aaf" name="Test_suite_test_aaf.R"/>
    <testcase time="0.00200000000000067" classname="aaf" name="Test_suite_test_aaf.R"/>
    <testcase time="0.00299999999999834" classname="aaf" name="Test_suite_test_aaf.R"/>
    <testcase time="0.00200000000000067" classname="aaf" name="Test_suite_test_aaf.R"/>
    <testcase time="0.00300000000000011" classname="aaf" name="Test_suite_test_aaf.R"/>
    <testcase time="0.00300000000000011" classname="aaf" name="Test_suite_test_aaf.R"/>
    <testcase time="0.00200000000000067" classname="aaf" name="Test_suite_test_aaf.R"/>
    <testcase time="0.00300000000000011" classname="aaf" name="Test_suite_test_aaf.R"/>
    <testcase time="0.00199999999999889" classname="aaf" name="Test_suite_test_aaf.R"/>
    <testcase time="0.00300000000000011" classname="aaf" name="Test_suite_test_aaf.R"/>
    <testcase time="0.00200000000000067" classname="aaf" name="Test_suite_test_aaf.R"/>
    <testcase time="0.00300000000000011" classname="aaf" name="Test_suite_test_aaf.R"/>
    <testcase time="0.00199999999999889" classname="aaf" name="Test_suite_test_aaf.R"/>
    <testcase time="0.00300000000000011" classname="aaf" name="Test_suite_test_aaf.R"/>
    <testcase time="0.00399999999999956" classname="aaf" name="Test_suite_test_aaf.R"/>
    <testcase time="0.00400000000000134" classname="aaf" name="Test_suite_test_aaf.R"/>
    <testcase time="0.00600000000000023" classname="aaf" name="Test_suite_test_aaf.R"/>
    <testcase time="0.00599999999999845" classname="aaf" name="Test_suite_test_aaf.R"/>
    <testcase time="0.00600000000000023" classname="aaf" name="Test_suite_test_aaf.R"/>
    <testcase time="0.00600000000000023" classname="aaf" name="Test_suite_test_aaf.R"/>
    <testcase time="0.00999999999999979" classname="aaf" name="Test_suite_test_aaf.R"/>
    <testcase time="0.00600000000000023" classname="aaf" name="Test_suite_test_aaf.R"/>
    <testcase time="0.00600000000000023" classname="aaf" name="Test_suite_test_aaf.R"/>
    <testcase time="0.00600000000000023" classname="aaf" name="Test_suite_test_aaf.R"/>
    <testcase time="0.00600000000000023" classname="aaf" name="Test_suite_test_aaf.R"/>
    <testcase time="0.00799999999999912" classname="aaf" name="Test_suite_test_aaf.R"/>
    <testcase time="0.0170000000000012" classname="aaf" name="Test_suite_test_aaf.R"/>
    <testcase time="0.0129999999999999" classname="aaf" name="Test_suite_test_aaf.R"/>
    <testcase time="0.0109999999999992" classname="aaf" name="Test_suite_test_aaf.R"/>
    <testcase time="0.0139999999999993" classname="aaf" name="Test_suite_test_aaf.R"/>
    <testcase time="0.0100000000000016" classname="aaf" name="Test_suite_test_aaf.R"/>
    <testcase time="0.00599999999999845" classname="aaf" name="Test_suite_test_aaf.R"/>
    <testcase time="0.00600000000000023" classname="aaf" name="Test_suite_test_aaf.R"/>
    <testcase time="0.00700000000000145" classname="aaf" name="Test_suite_test_aaf.R"/>
    <testcase time="0.00799999999999912" classname="aaf" name="Test_suite_test_aaf.R"/>
    <testcase time="0.0120000000000005" classname="aaf" name="Test_suite_test_aaf.R"/>
    <testcase time="0.0109999999999992" classname="aaf" name="Test_suite_test_aaf.R"/>
    <testcase time="0.011000000000001" classname="aaf" name="Test_suite_test_aaf.R"/>
    <testcase time="0.00799999999999912" classname="aaf" name="Test_suite_test_aaf.R"/>
    <testcase time="0.0080000000000009" classname="aaf" name="Test_suite_test_aaf.R"/>
    <testcase time="0.00599999999999845" classname="aaf" name="Test_suite_test_aaf.R"/>
    <testcase time="0.00600000000000023" classname="aaf" name="Test_suite_test_aaf.R"/>
    <testcase time="0.016" classname="aaf" name="Test_suite_test_aaf.R"/>
    <testcase time="0.0080000000000009" classname="aaf" name="Test_suite_test_aaf.R"/>
    <testcase time="0.0659999999999989" classname="aaf" name="Test_suite_test_aaf.R"/>
    <testcase time="0.00300000000000011" classname="aaf" name="Test_suite_test_aaf.R"/>
    <testcase time="0.00200000000000067" classname="aaf" name="Test_suite_test_aaf.R"/>
    <testcase time="0.00300000000000011" classname="aaf" name="Test_suite_test_aaf.R"/>
    <testcase time="0.00300000000000011" classname="aaf" name="Test_suite_test_aaf.R"/>
    <testcase time="0.00300000000000011" classname="aaf" name="Test_suite_test_aaf.R"/>
    <testcase time="0.00300000000000011" classname="aaf" name="Test_suite_test_aaf.R"/>
    <testcase time="0.00699999999999967" classname="aaf" name="Test_suite_test_aaf.R"/>
    <testcase time="0.00200000000000067" classname="aaf" name="Test_suite_test_aaf.R"/>
    <testcase time="0.00299999999999834" classname="aaf" name="Test_suite_test_aaf.R"/>
    <testcase time="0.00300000000000011" classname="aaf" name="Test_suite_test_aaf.R"/>
    <testcase time="0.00200000000000067" classname="aaf" name="Test_suite_test_aaf.R"/>
    <testcase time="0.00600000000000023" classname="aaf" name="Test_suite_test_aaf.R"/>
    <testcase time="0.00499999999999901" classname="aaf" name="Test_suite_test_aaf.R"/>
    <testcase time="0.00500000000000078" classname="aaf" name="Test_suite_test_aaf.R"/>
    <testcase time="0.00500000000000078" classname="aaf" name="Test_suite_test_aaf.R"/>
    <testcase time="0.00499999999999901" classname="aaf" name="Test_suite_test_aaf.R"/>
    <testcase time="0.00500000000000078" classname="aaf" name="Test_suite_test_aaf.R"/>
    <testcase time="0.00600000000000023" classname="aaf" name="Test_suite_test_aaf.R"/>
    <testcase time="0.00499999999999901" classname="aaf" name="Test_suite_test_aaf.R"/>
    <testcase time="0.00300000000000011" classname="aaf" name="Test_suite_test_aaf.R"/>
    <testcase time="0.00200000000000067" classname="aaf" name="Test_suite_test_aaf.R"/>
    <testcase time="0.00300000000000011" classname="aaf" name="Test_suite_test_aaf.R"/>
    <testcase time="0.00300000000000011" classname="aaf" name="Test_suite_test_aaf.R"/>
    <testcase time="0.00300000000000011" classname="aaf" name="Test_suite_test_aaf.R"/>
    <testcase time="0.00199999999999889" classname="aaf" name="Test_suite_test_aaf.R"/>
    <testcase time="0.00300000000000011" classname="aaf" name="Test_suite_test_aaf.R"/>
    <testcase time="0.00300000000000011" classname="aaf" name="Test_suite_test_aaf.R"/>
    <testcase time="0.00300000000000011" classname="aaf" name="Test_suite_test_aaf.R"/>
    <testcase time="0.00200000000000067" classname="aaf" name="Test_suite_test_aaf.R"/>
    <testcase time="0.00300000000000011" classname="aaf" name="Test_suite_test_aaf.R"/>
    <testcase time="0.00299999999999834" classname="aaf" name="Test_suite_test_aaf.R"/>
    <testcase time="0.00300000000000011" classname="aaf" name="Test_suite_test_aaf.R"/>
    <testcase time="0.00300000000000011" classname="aaf" name="Test_suite_test_aaf.R"/>
    <testcase time="0.00300000000000011" classname="aaf" name="Test_suite_test_aaf.R"/>
    <testcase time="0.00300000000000011" classname="aaf" name="Test_suite_test_aaf.R"/>
    <testcase time="0.00300000000000011" classname="aaf" name="Test_suite_test_aaf.R"/>
    <testcase time="0.00200000000000067" classname="aaf" name="Test_suite_test_aaf.R"/>
    <testcase time="0.00300000000000011" classname="aaf" name="Test_suite_test_aaf.R"/>
    <testcase time="0.00300000000000011" classname="aaf" name="Test_suite_test_aaf.R"/>
    <testcase time="0.00300000000000011" classname="aaf" name="Test_suite_test_aaf.R"/>
    <testcase time="0.00199999999999889" classname="aaf" name="Test_suite_test_aaf.R"/>
    <testcase time="0.00300000000000011" classname="aaf" name="Test_suite_test_aaf.R"/>
    <testcase time="0.00300000000000011" classname="aaf" name="Test_suite_test_aaf.R"/>
    <testcase time="0.00500000000000078" classname="aaf" name="Test_suite_test_aaf.R"/>
    <testcase time="0.00300000000000011" classname="aaf" name="Test_suite_test_aaf.R"/>
    <testcase time="0.00699999999999967" classname="aaf" name="Test_suite_test_aaf.R"/>
    <testcase time="0.00600000000000023" classname="aaf" name="Test_suite_test_aaf.R"/>
    <testcase time="0.00699999999999967" classname="aaf" name="Test_suite_test_aaf.R"/>
    <testcase time="0.00699999999999967" classname="aaf" name="Test_suite_test_aaf.R"/>
    <testcase time="0.00999999999999979" classname="aaf" name="Test_suite_test_aaf.R"/>
    <testcase time="0.00699999999999967" classname="aaf" name="Test_suite_test_aaf.R"/>
    <testcase time="0.00600000000000023" classname="aaf" name="Test_suite_test_aaf.R"/>
    <testcase time="0.00699999999999967" classname="aaf" name="Test_suite_test_aaf.R"/>
    <testcase time="0.00600000000000023" classname="aaf" name="Test_suite_test_aaf.R"/>
    <testcase time="0.0080000000000009" classname="aaf" name="Test_suite_test_aaf.R"/>
    <testcase time="0.0179999999999989" classname="aaf" name="Test_suite_test_aaf.R"/>
    <testcase time="0.0150000000000006" classname="aaf" name="Test_suite_test_aaf.R"/>
    <testcase time="0.016" classname="aaf" name="Test_suite_test_aaf.R"/>
    <testcase time="0.0150000000000006" classname="aaf" name="Test_suite_test_aaf.R"/>
    <testcase time="0.00999999999999979" classname="aaf" name="Test_suite_test_aaf.R"/>
    <testcase time="0.00699999999999967" classname="aaf" name="Test_suite_test_aaf.R"/>
    <testcase time="0.00699999999999967" classname="aaf" name="Test_suite_test_aaf.R"/>
    <testcase time="0.00600000000000023" classname="aaf" name="Test_suite_test_aaf.R"/>
    <testcase time="0.00900000000000034" classname="aaf" name="Test_suite_test_aaf.R"/>
    <testcase time="0.0139999999999993" classname="aaf" name="Test_suite_test_aaf.R"/>
    <testcase time="0.0140000000000011" classname="aaf" name="Test_suite_test_aaf.R"/>
    <testcase time="0.0119999999999987" classname="aaf" name="Test_suite_test_aaf.R"/>
    <testcase time="0.00900000000000034" classname="aaf" name="Test_suite_test_aaf.R"/>
    <testcase time="0.00900000000000034" classname="aaf" name="Test_suite_test_aaf.R"/>
    <testcase time="0.00699999999999967" classname="aaf" name="Test_suite_test_aaf.R"/>
    <testcase time="0.00600000000000023" classname="aaf" name="Test_suite_test_aaf.R"/>
    <testcase time="0.0169999999999995" classname="aaf" name="Test_suite_test_aaf.R"/>
    <testcase time="0.0080000000000009" classname="aaf" name="Test_suite_test_aaf.R"/>
    <testcase time="0.0659999999999989" classname="aaf" name="Test_suite_test_aaf.R"/>
    <testcase time="0.00400000000000134" classname="aaf" name="Test_suite_test_aaf.R"/>
    <testcase time="0.00199999999999889" classname="aaf" name="Test_suite_test_aaf.R"/>
    <testcase time="0.00300000000000011" classname="aaf" name="Test_suite_test_aaf.R"/>
    <testcase time="0.00300000000000011" classname="aaf" name="Test_suite_test_aaf.R"/>
    <testcase time="0.00399999999999956" classname="aaf" name="Test_suite_test_aaf.R"/>
    <testcase time="0.00300000000000011" classname="aaf" name="Test_suite_test_aaf.R"/>
    <testcase time="0.00700000000000145" classname="aaf" name="Test_suite_test_aaf.R"/>
    <testcase time="0.00299999999999834" classname="aaf" name="Test_suite_test_aaf.R"/>
    <testcase time="0.00300000000000011" classname="aaf" name="Test_suite_test_aaf.R"/>
    <testcase time="0.00300000000000011" classname="aaf" name="Test_suite_test_aaf.R"/>
    <testcase time="0.00300000000000011" classname="aaf" name="Test_suite_test_aaf.R"/>
    <testcase time="0.00600000000000023" classname="aaf" name="Test_suite_test_aaf.R"/>
    <testcase time="0.00500000000000078" classname="aaf" name="Test_suite_test_aaf.R"/>
    <testcase time="0.00499999999999901" classname="aaf" name="Test_suite_test_aaf.R"/>
    <testcase time="0.00600000000000023" classname="aaf" name="Test_suite_test_aaf.R"/>
    <testcase time="0.00500000000000078" classname="aaf" name="Test_suite_test_aaf.R"/>
    <testcase time="0.00499999999999901" classname="aaf" name="Test_suite_test_aaf.R"/>
    <testcase time="0.00600000000000023" classname="aaf" name="Test_suite_test_aaf.R"/>
    <testcase time="0.00500000000000078" classname="aaf" name="Test_suite_test_aaf.R"/>
    <testcase time="0.00300000000000011" classname="aaf" name="Test_suite_test_aaf.R"/>
    <testcase time="0.00399999999999956" classname="aaf" name="Test_suite_test_aaf.R"/>
    <testcase time="0.00300000000000011" classname="aaf" name="Test_suite_test_aaf.R"/>
    <testcase time="0.00300000000000011" classname="aaf" name="Test_suite_test_aaf.R"/>
    <testcase time="0.00300000000000011" classname="aaf" name="Test_suite_test_aaf.R"/>
    <testcase time="0.00300000000000011" classname="aaf" name="Test_suite_test_aaf.R"/>
    <testcase time="0.00300000000000011" classname="aaf" name="Test_suite_test_aaf.R"/>
    <testcase time="0.00299999999999834" classname="aaf" name="Test_suite_test_aaf.R"/>
    <testcase time="0.00300000000000011" classname="aaf" name="Test_suite_test_aaf.R"/>
    <testcase time="0.00300000000000011" classname="aaf" name="Test_suite_test_aaf.R"/>
    <testcase time="0.00300000000000011" classname="aaf" name="Test_suite_test_aaf.R"/>
    <testcase time="0.00300000000000011" classname="aaf" name="Test_suite_test_aaf.R"/>
    <testcase time="0.00300000000000011" classname="aaf" name="Test_suite_test_aaf.R"/>
    <testcase time="0.00300000000000011" classname="aaf" name="Test_suite_test_aaf.R"/>
    <testcase time="0.00300000000000011" classname="aaf" name="Test_suite_test_aaf.R"/>
    <testcase time="0.00300000000000011" classname="aaf" name="Test_suite_test_aaf.R"/>
    <testcase time="0.00300000000000011" classname="aaf" name="Test_suite_test_aaf.R"/>
    <testcase time="0.00399999999999956" classname="aaf" name="Test_suite_test_aaf.R"/>
    <testcase time="0.00300000000000011" classname="aaf" name="Test_suite_test_aaf.R"/>
    <testcase time="0.00300000000000011" classname="aaf" name="Test_suite_test_aaf.R"/>
    <testcase time="0.00300000000000011" classname="aaf" name="Test_suite_test_aaf.R"/>
    <testcase time="0.00300000000000011" classname="aaf" name="Test_suite_test_aaf.R"/>
    <testcase time="0.00300000000000011" classname="aaf" name="Test_suite_test_aaf.R"/>
    <testcase time="0.00300000000000011" classname="aaf" name="Test_suite_test_aaf.R"/>
    <testcase time="0.00499999999999901" classname="aaf" name="Test_suite_test_aaf.R"/>
    <testcase time="0.00400000000000134" classname="aaf" name="Test_suite_test_aaf.R"/>
    <testcase time="0.00699999999999967" classname="aaf" name="Test_suite_test_aaf.R"/>
    <testcase time="0.00699999999999967" classname="aaf" name="Test_suite_test_aaf.R"/>
    <testcase time="0.00699999999999967" classname="aaf" name="Test_suite_test_aaf.R"/>
    <testcase time="0.00699999999999967" classname="aaf" name="Test_suite_test_aaf.R"/>
    <testcase time="0.011000000000001" classname="aaf" name="Test_suite_test_aaf.R"/>
    <testcase time="0.00699999999999967" classname="aaf" name="Test_suite_test_aaf.R"/>
    <testcase time="0.00600000000000023" classname="aaf" name="Test_suite_test_aaf.R"/>
    <testcase time="0.00799999999999912" classname="aaf" name="Test_suite_test_aaf.R"/>
    <testcase time="0.00600000000000023" classname="aaf" name="Test_suite_test_aaf.R"/>
    <testcase time="0.0080000000000009" classname="aaf" name="Test_suite_test_aaf.R"/>
    <testcase time="0.0190000000000001" classname="aaf" name="Test_suite_test_aaf.R"/>
    <testcase time="0.0150000000000006" classname="aaf" name="Test_suite_test_aaf.R"/>
    <testcase time="0.0119999999999987" classname="aaf" name="Test_suite_test_aaf.R"/>
    <testcase time="0.016" classname="aaf" name="Test_suite_test_aaf.R"/>
    <testcase time="0.011000000000001" classname="aaf" name="Test_suite_test_aaf.R"/>
    <testcase time="0.00699999999999967" classname="aaf" name="Test_suite_test_aaf.R"/>
    <testcase time="0.00699999999999967" classname="aaf" name="Test_suite_test_aaf.R"/>
    <testcase time="0.00699999999999967" classname="aaf" name="Test_suite_test_aaf.R"/>
    <testcase time="0.00900000000000034" classname="aaf" name="Test_suite_test_aaf.R"/>
    <testcase time="0.0150000000000006" classname="aaf" name="Test_suite_test_aaf.R"/>
    <testcase time="0.0149999999999988" classname="aaf" name="Test_suite_test_aaf.R"/>
    <testcase time="0.0130000000000017" classname="aaf" name="Test_suite_test_aaf.R"/>
    <testcase time="0.00899999999999856" classname="aaf" name="Test_suite_test_aaf.R"/>
    <testcase time="0.011000000000001" classname="aaf" name="Test_suite_test_aaf.R"/>
    <testcase time="0.00600000000000023" classname="aaf" name="Test_suite_test_aaf.R"/>
    <testcase time="0.00699999999999967" classname="aaf" name="Test_suite_test_aaf.R"/>
    <testcase time="0.0179999999999989" classname="aaf" name="Test_suite_test_aaf.R"/>
    <testcase time="0.0080000000000009" classname="aaf" name="Test_suite_test_aaf.R"/>
    <testcase time="0.00600000000000023" classname="aaf" name="Test_suite_test_aaf.R"/>
    <testcase time="0.0389999999999997" classname="aaf" name="Test_suite_test_aaf.R"/>
    <testcase time="0.0449999999999999" classname="aaf" name="Test_suite_test_aaf.R"/>
    <testcase time="0.0259999999999998" classname="aaf" name="Test_suite_test_aaf.R"/>
    <testcase time="0.0960000000000001" classname="aaf" name="Test_suite_test_aaf.R"/>
    <testcase time="0.00999999999999979" classname="aaf" name="Test_suite_test_aaf.R"/>
    <testcase time="3.708" classname="aaf" name="Test_suite_test_aaf.R"/>
    <testcase time="0.00699999999999967" classname="aaf" name="Test_suite_test_aaf.R"/>
    <testcase time="0.00699999999999967" classname="aaf" name="Test_suite_test_aaf.R"/>
    <testcase time="0.0180000000000007" classname="aaf" name="Test_suite_test_aaf.R"/>
    <testcase time="0.0540000000000003" classname="aaf" name="Test_suite_test_aaf.R"/>
    <testcase time="0.0609999999999999" classname="aaf" name="Test_suite_test_aaf.R"/>
    <testcase time="0.101000000000001" classname="aaf" name="Test_suite_test_aaf.R"/>
    <testcase time="0.00299999999999834" classname="aaf" name="Test_suite_test_aaf.R"/>
    <testcase time="0.00500000000000078" classname="aaf" name="Test_suite_test_aaf.R"/>
    <testcase time="0.00300000000000011" classname="aaf" name="Test_suite_test_aaf.R"/>
    <testcase time="0.0250000000000004" classname="aaf" name="Test_suite_test_aaf.R"/>
    <testcase time="0.00600000000000023" classname="aaf" name="Test_suite_test_aaf.R"/>
    <testcase time="0.00499999999999901" classname="aaf" name="Test_suite_test_aaf.R"/>
  </testsuite>
  <testsuite name="aag" timestamp="2025-03-12T08:07:40Z" hostname="530edd91f089" tests="19" skipped="0" failures="0" errors="0" time="0.305">
    <testcase time="0.0120000000000005" classname="aag" name="Test_suite_test_aag.R"/>
    <testcase time="0.00600000000000023" classname="aag" name="Test_suite_test_aag.R"/>
    <testcase time="0.00199999999999889" classname="aag" name="Test_suite_test_aag.R"/>
    <testcase time="0.00300000000000011" classname="aag" name="Test_suite_test_aag.R"/>
    <testcase time="0.00400000000000134" classname="aag" name="Test_suite_test_aag.R"/>
    <testcase time="0.00499999999999901" classname="aag" name="Test_suite_test_aag.R"/>
    <testcase time="0.00500000000000078" classname="aag" name="Test_suite_test_aag.R"/>
    <testcase time="0.0119999999999987" classname="aag" name="Test_suite_test_aag.R"/>
    <testcase time="0.00900000000000034" classname="aag" name="Test_suite_test_aag.R"/>
    <testcase time="0.016" classname="aag" name="Test_suite_test_aag.R"/>
    <testcase time="0.00999999999999979" classname="aag" name="Test_suite_test_aag.R"/>
    <testcase time="0.00600000000000023" classname="aag" name="Test_suite_test_aag.R"/>
    <testcase time="0.0150000000000006" classname="aag" name="Test_suite_test_aag.R"/>
    <testcase time="0.00399999999999956" classname="aag" name="Test_suite_test_aag.R"/>
    <testcase time="0.00500000000000078" classname="aag" name="Test_suite_test_aag.R"/>
    <testcase time="0.0990000000000002" classname="aag" name="Test_suite_test_aag.R"/>
    <testcase time="0.0399999999999991" classname="aag" name="Test_suite_test_aag.R"/>
    <testcase time="0.0389999999999997" classname="aag" name="Test_suite_test_aag.R"/>
    <testcase time="0.0129999999999999" classname="aag" name="Test_suite_test_aag.R"/>
  </testsuite>
</testsuites>
