<?xml version="1.0" encoding="UTF-8"?>
<testsuites>
  <testsuite name="aaa" timestamp="2025-03-31T07:38:23Z" hostname="ec99d2565072" tests="74" skipped="0" failures="0" errors="0" time="3.739">
    <testcase time="0.129" classname="aaa" name="Test_suite_aaa.R"/>
    <testcase time="0.042" classname="aaa" name="Test_suite_aaa.R"/>
    <testcase time="0.0309999999999999" classname="aaa" name="Test_suite_aaa.R"/>
    <testcase time="0.032" classname="aaa" name="Test_suite_aaa.R"/>
    <testcase time="0.044" classname="aaa" name="Test_suite_aaa.R"/>
    <testcase time="0.02" classname="aaa" name="Test_suite_aaa.R"/>
    <testcase time="0.0409999999999999" classname="aaa" name="Test_suite_aaa.R"/>
    <testcase time="0.0170000000000001" classname="aaa" name="Test_suite_aaa.R"/>
    <testcase time="0.0069999999999999" classname="aaa" name="Test_suite_aaa.R"/>
    <testcase time="0.0169999999999999" classname="aaa" name="Test_suite_aaa.R"/>
    <testcase time="0.02" classname="aaa" name="Test_suite_aaa.R"/>
    <testcase time="0.0250000000000001" classname="aaa" name="Test_suite_aaa.R"/>
    <testcase time="0.0270000000000001" classname="aaa" name="Test_suite_aaa.R"/>
    <testcase time="0.032" classname="aaa" name="Test_suite_aaa.R"/>
    <testcase time="0.0359999999999996" classname="aaa" name="Test_suite_aaa.R"/>
    <testcase time="0.0130000000000003" classname="aaa" name="Test_suite_aaa.R"/>
    <testcase time="0.0169999999999999" classname="aaa" name="Test_suite_aaa.R"/>
    <testcase time="0.0270000000000001" classname="aaa" name="Test_suite_aaa.R"/>
    <testcase time="0.0469999999999997" classname="aaa" name="Test_suite_aaa.R"/>
    <testcase time="0.0670000000000002" classname="aaa" name="Test_suite_aaa.R"/>
    <testcase time="0.00300000000000011" classname="aaa" name="Test_suite_aaa.R"/>
    <testcase time="0.00999999999999979" classname="aaa" name="Test_suite_aaa.R"/>
    <testcase time="0.0100000000000002" classname="aaa" name="Test_suite_aaa.R"/>
    <testcase time="0.0269999999999997" classname="aaa" name="Test_suite_aaa.R"/>
    <testcase time="0.0310000000000001" classname="aaa" name="Test_suite_aaa.R"/>
    <testcase time="0.0310000000000001" classname="aaa" name="Test_suite_aaa.R"/>
    <testcase time="0.0459999999999998" classname="aaa" name="Test_suite_aaa.R"/>
    <testcase time="0.0230000000000001" classname="aaa" name="Test_suite_aaa.R"/>
    <testcase time="0.0459999999999998" classname="aaa" name="Test_suite_aaa.R"/>
    <testcase time="0.02" classname="aaa" name="Test_suite_aaa.R"/>
    <testcase time="0.024" classname="aaa" name="Test_suite_aaa.R"/>
    <testcase time="0.032" classname="aaa" name="Test_suite_aaa.R"/>
    <testcase time="0.048" classname="aaa" name="Test_suite_aaa.R"/>
    <testcase time="0.0790000000000002" classname="aaa" name="Test_suite_aaa.R"/>
    <testcase time="0.00999999999999979" classname="aaa" name="Test_suite_aaa.R"/>
    <testcase time="0.0299999999999998" classname="aaa" name="Test_suite_aaa.R"/>
    <testcase time="0.102" classname="aaa" name="Test_suite_aaa.R"/>
    <testcase time="1.324" classname="aaa" name="Test_suite_aaa.R"/>
    <testcase time="0.0189999999999992" classname="aaa" name="Test_suite_aaa.R"/>
    <testcase time="0.0230000000000006" classname="aaa" name="Test_suite_aaa.R"/>
    <testcase time="0.024" classname="aaa" name="Test_suite_aaa.R"/>
    <testcase time="0.0329999999999995" classname="aaa" name="Test_suite_aaa.R"/>
    <testcase time="0.0150000000000006" classname="aaa" name="Test_suite_aaa.R"/>
    <testcase time="0.0309999999999997" classname="aaa" name="Test_suite_aaa.R"/>
    <testcase time="0.016" classname="aaa" name="Test_suite_aaa.R"/>
    <testcase time="0.00600000000000023" classname="aaa" name="Test_suite_aaa.R"/>
    <testcase time="0.0169999999999995" classname="aaa" name="Test_suite_aaa.R"/>
    <testcase time="0.0200000000000005" classname="aaa" name="Test_suite_aaa.R"/>
    <testcase time="0.0229999999999997" classname="aaa" name="Test_suite_aaa.R"/>
    <testcase time="0.0270000000000001" classname="aaa" name="Test_suite_aaa.R"/>
    <testcase time="0.0309999999999997" classname="aaa" name="Test_suite_aaa.R"/>
    <testcase time="0.0370000000000008" classname="aaa" name="Test_suite_aaa.R"/>
    <testcase time="0.0129999999999999" classname="aaa" name="Test_suite_aaa.R"/>
    <testcase time="0.016" classname="aaa" name="Test_suite_aaa.R"/>
    <testcase time="0.0259999999999998" classname="aaa" name="Test_suite_aaa.R"/>
    <testcase time="0.04" classname="aaa" name="Test_suite_aaa.R"/>
    <testcase time="0.0659999999999998" classname="aaa" name="Test_suite_aaa.R"/>
    <testcase time="0.00300000000000011" classname="aaa" name="Test_suite_aaa.R"/>
    <testcase time="0.00800000000000001" classname="aaa" name="Test_suite_aaa.R"/>
    <testcase time="0.0140000000000002" classname="aaa" name="Test_suite_aaa.R"/>
    <testcase time="0.0279999999999996" classname="aaa" name="Test_suite_aaa.R"/>
    <testcase time="0.0300000000000002" classname="aaa" name="Test_suite_aaa.R"/>
    <testcase time="0.0299999999999994" classname="aaa" name="Test_suite_aaa.R"/>
    <testcase time="0.0390000000000006" classname="aaa" name="Test_suite_aaa.R"/>
    <testcase time="0.0209999999999999" classname="aaa" name="Test_suite_aaa.R"/>
    <testcase time="0.0430000000000001" classname="aaa" name="Test_suite_aaa.R"/>
    <testcase time="0.0259999999999998" classname="aaa" name="Test_suite_aaa.R"/>
    <testcase time="0.0289999999999999" classname="aaa" name="Test_suite_aaa.R"/>
    <testcase time="0.0460000000000003" classname="aaa" name="Test_suite_aaa.R"/>
    <testcase time="0.0659999999999998" classname="aaa" name="Test_suite_aaa.R"/>
    <testcase time="0.108" classname="aaa" name="Test_suite_aaa.R"/>
    <testcase time="0.0190000000000001" classname="aaa" name="Test_suite_aaa.R"/>
    <testcase time="0.056" classname="aaa" name="Test_suite_aaa.R"/>
    <testcase time="0.103" classname="aaa" name="Test_suite_aaa.R"/>
  </testsuite>
  <testsuite name="aab" timestamp="2025-03-31T07:38:28Z" hostname="ec99d2565072" tests="12" skipped="0" failures="0" errors="0" time="2.932">
    <testcase time="1.528" classname="aab" name="Test_suite_aab.R"/>
    <testcase time="0.131" classname="aab" name="Test_suite_aab.R"/>
    <testcase time="0.104" classname="aab" name="Test_suite_aab.R"/>
    <testcase time="0.0949999999999998" classname="aab" name="Test_suite_aab.R"/>
    <testcase time="0.114" classname="aab" name="Test_suite_aab.R"/>
    <testcase time="0.116" classname="aab" name="Test_suite_aab.R"/>
    <testcase time="0.115" classname="aab" name="Test_suite_aab.R"/>
    <testcase time="0.117" classname="aab" name="Test_suite_aab.R"/>
    <testcase time="0.124000000000001" classname="aab" name="Test_suite_aab.R"/>
    <testcase time="0.116" classname="aab" name="Test_suite_aab.R"/>
    <testcase time="0.366000000000001" classname="aab" name="Test_suite_aab.R"/>
    <testcase time="0.00600000000000023" classname="aab" name="Test_suite_aab.R"/>
  </testsuite>
  <testsuite name="aac" timestamp="2025-03-31T07:38:30Z" hostname="ec99d2565072" tests="26" skipped="0" failures="0" errors="0" time="0.583">
    <testcase time="0.048" classname="aac" name="Test_suite_aac.R"/>
    <testcase time="0.0269999999999992" classname="aac" name="Test_suite_aac.R"/>
    <testcase time="0.0340000000000007" classname="aac" name="Test_suite_aac.R"/>
    <testcase time="0.0349999999999984" classname="aac" name="Test_suite_aac.R"/>
    <testcase time="0.0410000000000004" classname="aac" name="Test_suite_aac.R"/>
    <testcase time="0.043000000000001" classname="aac" name="Test_suite_aac.R"/>
    <testcase time="0.0389999999999997" classname="aac" name="Test_suite_aac.R"/>
    <testcase time="0.0269999999999992" classname="aac" name="Test_suite_aac.R"/>
    <testcase time="0.00400000000000134" classname="aac" name="Test_suite_aac.R"/>
    <testcase time="0.00799999999999912" classname="aac" name="Test_suite_aac.R"/>
    <testcase time="0.0429999999999993" classname="aac" name="Test_suite_aac.R"/>
    <testcase time="0.0410000000000004" classname="aac" name="Test_suite_aac.R"/>
    <testcase time="0.0800000000000001" classname="aac" name="Test_suite_aac.R"/>
    <testcase time="0.00600000000000023" classname="aac" name="Test_suite_aac.R"/>
    <testcase time="0.00399999999999956" classname="aac" name="Test_suite_aac.R"/>
    <testcase time="0.0310000000000006" classname="aac" name="Test_suite_aac.R"/>
    <testcase time="0.00399999999999956" classname="aac" name="Test_suite_aac.R"/>
    <testcase time="0.00399999999999956" classname="aac" name="Test_suite_aac.R"/>
    <testcase time="0.00400000000000134" classname="aac" name="Test_suite_aac.R"/>
    <testcase time="0.00399999999999956" classname="aac" name="Test_suite_aac.R"/>
    <testcase time="0.00399999999999956" classname="aac" name="Test_suite_aac.R"/>
    <testcase time="0.00399999999999956" classname="aac" name="Test_suite_aac.R"/>
    <testcase time="0.00400000000000134" classname="aac" name="Test_suite_aac.R"/>
    <testcase time="0.0129999999999999" classname="aac" name="Test_suite_aac.R"/>
    <testcase time="0.0149999999999988" classname="aac" name="Test_suite_aac.R"/>
    <testcase time="0.016" classname="aac" name="Test_suite_aac.R"/>
  </testsuite>
  <testsuite name="aad" timestamp="2025-03-31T07:38:31Z" hostname="ec99d2565072" tests="1" skipped="0" failures="0" errors="0" time="0.216">
    <testcase time="0.216000000000001" classname="aad" name="Test_suite_aad.R_Degen_s_eight_square_identity"/>
  </testsuite>
  <testsuite name="aae" timestamp="2025-03-31T07:38:31Z" hostname="ec99d2565072" tests="13" skipped="0" failures="0" errors="0" time="0.061">
    <testcase time="0.00699999999999967" classname="aae" name="Test_suite_test_aae.R"/>
    <testcase time="0.00200000000000067" classname="aae" name="Test_suite_test_aae.R"/>
    <testcase time="0.00399999999999956" classname="aae" name="Test_suite_test_aae.R"/>
    <testcase time="0.00499999999999901" classname="aae" name="Test_suite_test_aae.R"/>
    <testcase time="0.00400000000000134" classname="aae" name="Test_suite_test_aae.R"/>
    <testcase time="0.00499999999999901" classname="aae" name="Test_suite_test_aae.R"/>
    <testcase time="0.00200000000000067" classname="aae" name="Test_suite_test_aae.R"/>
    <testcase time="0.00399999999999956" classname="aae" name="Test_suite_test_aae.R"/>
    <testcase time="0.00300000000000011" classname="aae" name="Test_suite_test_aae.R"/>
    <testcase time="0.00399999999999956" classname="aae" name="Test_suite_test_aae.R"/>
    <testcase time="0.00500000000000078" classname="aae" name="Test_suite_test_aae.R"/>
    <testcase time="0.0139999999999993" classname="aae" name="Test_suite_test_aae.R"/>
    <testcase time="0.00200000000000067" classname="aae" name="Test_suite_test_aae.R"/>
  </testsuite>
  <testsuite name="aaf" timestamp="2025-03-31T07:38:31Z" hostname="ec99d2565072" tests="389" skipped="0" failures="0" errors="0" time="6.465">
    <testcase time="0.077" classname="aaf" name="Test_suite_test_aaf.R"/>
    <testcase time="0.00200000000000067" classname="aaf" name="Test_suite_test_aaf.R"/>
    <testcase time="0.00199999999999889" classname="aaf" name="Test_suite_test_aaf.R"/>
    <testcase time="0.00200000000000067" classname="aaf" name="Test_suite_test_aaf.R"/>
    <testcase time="0.00199999999999889" classname="aaf" name="Test_suite_test_aaf.R"/>
    <testcase time="0.00300000000000011" classname="aaf" name="Test_suite_test_aaf.R"/>
    <testcase time="0.00200000000000067" classname="aaf" name="Test_suite_test_aaf.R"/>
    <testcase time="0.00200000000000067" classname="aaf" name="Test_suite_test_aaf.R"/>
    <testcase time="0.00199999999999889" classname="aaf" name="Test_suite_test_aaf.R"/>
    <testcase time="0.00200000000000067" classname="aaf" name="Test_suite_test_aaf.R"/>
    <testcase time="0.00199999999999889" classname="aaf" name="Test_suite_test_aaf.R"/>
    <testcase time="0.00200000000000067" classname="aaf" name="Test_suite_test_aaf.R"/>
    <testcase time="0.00500000000000078" classname="aaf" name="Test_suite_test_aaf.R"/>
    <testcase time="0.00899999999999856" classname="aaf" name="Test_suite_test_aaf.R"/>
    <testcase time="0.00400000000000134" classname="aaf" name="Test_suite_test_aaf.R"/>
    <testcase time="0.00399999999999956" classname="aaf" name="Test_suite_test_aaf.R"/>
    <testcase time="0.00399999999999956" classname="aaf" name="Test_suite_test_aaf.R"/>
    <testcase time="0.00399999999999956" classname="aaf" name="Test_suite_test_aaf.R"/>
    <testcase time="0.00500000000000078" classname="aaf" name="Test_suite_test_aaf.R"/>
    <testcase time="0.00399999999999956" classname="aaf" name="Test_suite_test_aaf.R"/>
    <testcase time="0.00200000000000067" classname="aaf" name="Test_suite_test_aaf.R"/>
    <testcase time="0.00199999999999889" classname="aaf" name="Test_suite_test_aaf.R"/>
    <testcase time="0.00200000000000067" classname="aaf" name="Test_suite_test_aaf.R"/>
    <testcase time="0.00300000000000011" classname="aaf" name="Test_suite_test_aaf.R"/>
    <testcase time="0.00200000000000067" classname="aaf" name="Test_suite_test_aaf.R"/>
    <testcase time="0.00199999999999889" classname="aaf" name="Test_suite_test_aaf.R"/>
    <testcase time="0.00200000000000067" classname="aaf" name="Test_suite_test_aaf.R"/>
    <testcase time="0.00200000000000067" classname="aaf" name="Test_suite_test_aaf.R"/>
    <testcase time="0.00199999999999889" classname="aaf" name="Test_suite_test_aaf.R"/>
    <testcase time="0.00300000000000011" classname="aaf" name="Test_suite_test_aaf.R"/>
    <testcase time="0.00200000000000067" classname="aaf" name="Test_suite_test_aaf.R"/>
    <testcase time="0.00300000000000011" classname="aaf" name="Test_suite_test_aaf.R"/>
    <testcase time="0.00200000000000067" classname="aaf" name="Test_suite_test_aaf.R"/>
    <testcase time="0.00199999999999889" classname="aaf" name="Test_suite_test_aaf.R"/>
    <testcase time="0.00300000000000011" classname="aaf" name="Test_suite_test_aaf.R"/>
    <testcase time="0.00200000000000067" classname="aaf" name="Test_suite_test_aaf.R"/>
    <testcase time="0.00199999999999889" classname="aaf" name="Test_suite_test_aaf.R"/>
    <testcase time="0.00200000000000067" classname="aaf" name="Test_suite_test_aaf.R"/>
    <testcase time="0.00300000000000011" classname="aaf" name="Test_suite_test_aaf.R"/>
    <testcase time="0.00200000000000067" classname="aaf" name="Test_suite_test_aaf.R"/>
    <testcase time="0.00300000000000011" classname="aaf" name="Test_suite_test_aaf.R"/>
    <testcase time="0.00199999999999889" classname="aaf" name="Test_suite_test_aaf.R"/>
    <testcase time="0.00300000000000011" classname="aaf" name="Test_suite_test_aaf.R"/>
    <testcase time="0.00200000000000067" classname="aaf" name="Test_suite_test_aaf.R"/>
    <testcase time="0.00399999999999956" classname="aaf" name="Test_suite_test_aaf.R"/>
    <testcase time="0.00300000000000011" classname="aaf" name="Test_suite_test_aaf.R"/>
    <testcase time="0.00499999999999901" classname="aaf" name="Test_suite_test_aaf.R"/>
    <testcase time="0.00600000000000023" classname="aaf" name="Test_suite_test_aaf.R"/>
    <testcase time="0.00500000000000078" classname="aaf" name="Test_suite_test_aaf.R"/>
    <testcase time="0.00499999999999901" classname="aaf" name="Test_suite_test_aaf.R"/>
    <testcase time="0.00900000000000034" classname="aaf" name="Test_suite_test_aaf.R"/>
    <testcase time="0.00600000000000023" classname="aaf" name="Test_suite_test_aaf.R"/>
    <testcase time="0.00500000000000078" classname="aaf" name="Test_suite_test_aaf.R"/>
    <testcase time="0.00600000000000023" classname="aaf" name="Test_suite_test_aaf.R"/>
    <testcase time="0.00499999999999901" classname="aaf" name="Test_suite_test_aaf.R"/>
    <testcase time="0.00600000000000023" classname="aaf" name="Test_suite_test_aaf.R"/>
    <testcase time="0.0120000000000005" classname="aaf" name="Test_suite_test_aaf.R"/>
    <testcase time="0.0119999999999987" classname="aaf" name="Test_suite_test_aaf.R"/>
    <testcase time="0.011000000000001" classname="aaf" name="Test_suite_test_aaf.R"/>
    <testcase time="0.0129999999999999" classname="aaf" name="Test_suite_test_aaf.R"/>
    <testcase time="0.00999999999999979" classname="aaf" name="Test_suite_test_aaf.R"/>
    <testcase time="0.00500000000000078" classname="aaf" name="Test_suite_test_aaf.R"/>
    <testcase time="0.00600000000000023" classname="aaf" name="Test_suite_test_aaf.R"/>
    <testcase time="0.00599999999999845" classname="aaf" name="Test_suite_test_aaf.R"/>
    <testcase time="0.0080000000000009" classname="aaf" name="Test_suite_test_aaf.R"/>
    <testcase time="0.0109999999999992" classname="aaf" name="Test_suite_test_aaf.R"/>
    <testcase time="0.0120000000000005" classname="aaf" name="Test_suite_test_aaf.R"/>
    <testcase time="0.0139999999999993" classname="aaf" name="Test_suite_test_aaf.R"/>
    <testcase time="0.0080000000000009" classname="aaf" name="Test_suite_test_aaf.R"/>
    <testcase time="0.00699999999999967" classname="aaf" name="Test_suite_test_aaf.R"/>
    <testcase time="0.00600000000000023" classname="aaf" name="Test_suite_test_aaf.R"/>
    <testcase time="0.00600000000000023" classname="aaf" name="Test_suite_test_aaf.R"/>
    <testcase time="0.016" classname="aaf" name="Test_suite_test_aaf.R"/>
    <testcase time="0.00699999999999967" classname="aaf" name="Test_suite_test_aaf.R"/>
    <testcase time="0.125999999999999" classname="aaf" name="Test_suite_test_aaf.R"/>
    <testcase time="0.00200000000000067" classname="aaf" name="Test_suite_test_aaf.R"/>
    <testcase time="0.00200000000000067" classname="aaf" name="Test_suite_test_aaf.R"/>
    <testcase time="0.00199999999999889" classname="aaf" name="Test_suite_test_aaf.R"/>
    <testcase time="0.00300000000000011" classname="aaf" name="Test_suite_test_aaf.R"/>
    <testcase time="0.00200000000000067" classname="aaf" name="Test_suite_test_aaf.R"/>
    <testcase time="0.00199999999999889" classname="aaf" name="Test_suite_test_aaf.R"/>
    <testcase time="0.00300000000000011" classname="aaf" name="Test_suite_test_aaf.R"/>
    <testcase time="0.00200000000000067" classname="aaf" name="Test_suite_test_aaf.R"/>
    <testcase time="0.00200000000000067" classname="aaf" name="Test_suite_test_aaf.R"/>
    <testcase time="0.00199999999999889" classname="aaf" name="Test_suite_test_aaf.R"/>
    <testcase time="0.00200000000000067" classname="aaf" name="Test_suite_test_aaf.R"/>
    <testcase time="0.00499999999999901" classname="aaf" name="Test_suite_test_aaf.R"/>
    <testcase time="0.00400000000000134" classname="aaf" name="Test_suite_test_aaf.R"/>
    <testcase time="0.00499999999999901" classname="aaf" name="Test_suite_test_aaf.R"/>
    <testcase time="0.00399999999999956" classname="aaf" name="Test_suite_test_aaf.R"/>
    <testcase time="0.00500000000000078" classname="aaf" name="Test_suite_test_aaf.R"/>
    <testcase time="0.00399999999999956" classname="aaf" name="Test_suite_test_aaf.R"/>
    <testcase time="0.00500000000000078" classname="aaf" name="Test_suite_test_aaf.R"/>
    <testcase time="0.00399999999999956" classname="aaf" name="Test_suite_test_aaf.R"/>
    <testcase time="0.00300000000000011" classname="aaf" name="Test_suite_test_aaf.R"/>
    <testcase time="0.00500000000000078" classname="aaf" name="Test_suite_test_aaf.R"/>
    <testcase time="0.00300000000000011" classname="aaf" name="Test_suite_test_aaf.R"/>
    <testcase time="0.00199999999999889" classname="aaf" name="Test_suite_test_aaf.R"/>
    <testcase time="0.00200000000000067" classname="aaf" name="Test_suite_test_aaf.R"/>
    <testcase time="0.00199999999999889" classname="aaf" name="Test_suite_test_aaf.R"/>
    <testcase time="0.00200000000000067" classname="aaf" name="Test_suite_test_aaf.R"/>
    <testcase time="0.00200000000000067" classname="aaf" name="Test_suite_test_aaf.R"/>
    <testcase time="0.00300000000000011" classname="aaf" name="Test_suite_test_aaf.R"/>
    <testcase time="0.00199999999999889" classname="aaf" name="Test_suite_test_aaf.R"/>
    <testcase time="0.00200000000000067" classname="aaf" name="Test_suite_test_aaf.R"/>
    <testcase time="0.00199999999999889" classname="aaf" name="Test_suite_test_aaf.R"/>
    <testcase time="0.00200000000000067" classname="aaf" name="Test_suite_test_aaf.R"/>
    <testcase time="0.00300000000000011" classname="aaf" name="Test_suite_test_aaf.R"/>
    <testcase time="0.00200000000000067" classname="aaf" name="Test_suite_test_aaf.R"/>
    <testcase time="0.00199999999999889" classname="aaf" name="Test_suite_test_aaf.R"/>
    <testcase time="0.00300000000000011" classname="aaf" name="Test_suite_test_aaf.R"/>
    <testcase time="0.00200000000000067" classname="aaf" name="Test_suite_test_aaf.R"/>
    <testcase time="0.00199999999999889" classname="aaf" name="Test_suite_test_aaf.R"/>
    <testcase time="0.00200000000000067" classname="aaf" name="Test_suite_test_aaf.R"/>
    <testcase time="0.00200000000000067" classname="aaf" name="Test_suite_test_aaf.R"/>
    <testcase time="0.00199999999999889" classname="aaf" name="Test_suite_test_aaf.R"/>
    <testcase time="0.00300000000000011" classname="aaf" name="Test_suite_test_aaf.R"/>
    <testcase time="0.00200000000000067" classname="aaf" name="Test_suite_test_aaf.R"/>
    <testcase time="0.00399999999999956" classname="aaf" name="Test_suite_test_aaf.R"/>
    <testcase time="0.00300000000000011" classname="aaf" name="Test_suite_test_aaf.R"/>
    <testcase time="0.00600000000000023" classname="aaf" name="Test_suite_test_aaf.R"/>
    <testcase time="0.00600000000000023" classname="aaf" name="Test_suite_test_aaf.R"/>
    <testcase time="0.00600000000000023" classname="aaf" name="Test_suite_test_aaf.R"/>
    <testcase time="0.00600000000000023" classname="aaf" name="Test_suite_test_aaf.R"/>
    <testcase time="0.00999999999999979" classname="aaf" name="Test_suite_test_aaf.R"/>
    <testcase time="0.00499999999999901" classname="aaf" name="Test_suite_test_aaf.R"/>
    <testcase time="0.00600000000000023" classname="aaf" name="Test_suite_test_aaf.R"/>
    <testcase time="0.00699999999999967" classname="aaf" name="Test_suite_test_aaf.R"/>
    <testcase time="0.00500000000000078" classname="aaf" name="Test_suite_test_aaf.R"/>
    <testcase time="0.00799999999999912" classname="aaf" name="Test_suite_test_aaf.R"/>
    <testcase time="0.0129999999999999" classname="aaf" name="Test_suite_test_aaf.R"/>
    <testcase time="0.0140000000000011" classname="aaf" name="Test_suite_test_aaf.R"/>
    <testcase time="0.0109999999999992" classname="aaf" name="Test_suite_test_aaf.R"/>
    <testcase time="0.0140000000000011" classname="aaf" name="Test_suite_test_aaf.R"/>
    <testcase time="0.00999999999999979" classname="aaf" name="Test_suite_test_aaf.R"/>
    <testcase time="0.00600000000000023" classname="aaf" name="Test_suite_test_aaf.R"/>
    <testcase time="0.00599999999999845" classname="aaf" name="Test_suite_test_aaf.R"/>
    <testcase time="0.00600000000000023" classname="aaf" name="Test_suite_test_aaf.R"/>
    <testcase time="0.0080000000000009" classname="aaf" name="Test_suite_test_aaf.R"/>
    <testcase time="0.0129999999999999" classname="aaf" name="Test_suite_test_aaf.R"/>
    <testcase time="0.0129999999999999" classname="aaf" name="Test_suite_test_aaf.R"/>
    <testcase time="0.0120000000000005" classname="aaf" name="Test_suite_test_aaf.R"/>
    <testcase time="0.0119999999999987" classname="aaf" name="Test_suite_test_aaf.R"/>
    <testcase time="0.00900000000000034" classname="aaf" name="Test_suite_test_aaf.R"/>
    <testcase time="0.00500000000000078" classname="aaf" name="Test_suite_test_aaf.R"/>
    <testcase time="0.00600000000000023" classname="aaf" name="Test_suite_test_aaf.R"/>
    <testcase time="0.016" classname="aaf" name="Test_suite_test_aaf.R"/>
    <testcase time="0.00799999999999912" classname="aaf" name="Test_suite_test_aaf.R"/>
    <testcase time="0.0649999999999995" classname="aaf" name="Test_suite_test_aaf.R"/>
    <testcase time="0.00300000000000011" classname="aaf" name="Test_suite_test_aaf.R"/>
    <testcase time="0.00200000000000067" classname="aaf" name="Test_suite_test_aaf.R"/>
    <testcase time="0.00200000000000067" classname="aaf" name="Test_suite_test_aaf.R"/>
    <testcase time="0.00300000000000011" classname="aaf" name="Test_suite_test_aaf.R"/>
    <testcase time="0.00299999999999834" classname="aaf" name="Test_suite_test_aaf.R"/>
    <testcase time="0.00200000000000067" classname="aaf" name="Test_suite_test_aaf.R"/>
    <testcase time="0.00300000000000011" classname="aaf" name="Test_suite_test_aaf.R"/>
    <testcase time="0.00200000000000067" classname="aaf" name="Test_suite_test_aaf.R"/>
    <testcase time="0.00199999999999889" classname="aaf" name="Test_suite_test_aaf.R"/>
    <testcase time="0.00300000000000011" classname="aaf" name="Test_suite_test_aaf.R"/>
    <testcase time="0.00200000000000067" classname="aaf" name="Test_suite_test_aaf.R"/>
    <testcase time="0.00499999999999901" classname="aaf" name="Test_suite_test_aaf.R"/>
    <testcase time="0.00500000000000078" classname="aaf" name="Test_suite_test_aaf.R"/>
    <testcase time="0.00499999999999901" classname="aaf" name="Test_suite_test_aaf.R"/>
    <testcase time="0.00400000000000134" classname="aaf" name="Test_suite_test_aaf.R"/>
    <testcase time="0.00499999999999901" classname="aaf" name="Test_suite_test_aaf.R"/>
    <testcase time="0.00500000000000078" classname="aaf" name="Test_suite_test_aaf.R"/>
    <testcase time="0.00499999999999901" classname="aaf" name="Test_suite_test_aaf.R"/>
    <testcase time="0.00400000000000134" classname="aaf" name="Test_suite_test_aaf.R"/>
    <testcase time="0.00300000000000011" classname="aaf" name="Test_suite_test_aaf.R"/>
    <testcase time="0.00199999999999889" classname="aaf" name="Test_suite_test_aaf.R"/>
    <testcase time="0.00300000000000011" classname="aaf" name="Test_suite_test_aaf.R"/>
    <testcase time="0.00200000000000067" classname="aaf" name="Test_suite_test_aaf.R"/>
    <testcase time="0.00199999999999889" classname="aaf" name="Test_suite_test_aaf.R"/>
    <testcase time="0.00300000000000011" classname="aaf" name="Test_suite_test_aaf.R"/>
    <testcase time="0.00200000000000067" classname="aaf" name="Test_suite_test_aaf.R"/>
    <testcase time="0.00200000000000067" classname="aaf" name="Test_suite_test_aaf.R"/>
    <testcase time="0.00200000000000067" classname="aaf" name="Test_suite_test_aaf.R"/>
    <testcase time="0.00199999999999889" classname="aaf" name="Test_suite_test_aaf.R"/>
    <testcase time="0.00300000000000011" classname="aaf" name="Test_suite_test_aaf.R"/>
    <testcase time="0.00200000000000067" classname="aaf" name="Test_suite_test_aaf.R"/>
    <testcase time="0.00199999999999889" classname="aaf" name="Test_suite_test_aaf.R"/>
    <testcase time="0.00300000000000011" classname="aaf" name="Test_suite_test_aaf.R"/>
    <testcase time="0.00300000000000011" classname="aaf" name="Test_suite_test_aaf.R"/>
    <testcase time="0.00200000000000067" classname="aaf" name="Test_suite_test_aaf.R"/>
    <testcase time="0.00200000000000067" classname="aaf" name="Test_suite_test_aaf.R"/>
    <testcase time="0.00199999999999889" classname="aaf" name="Test_suite_test_aaf.R"/>
    <testcase time="0.00300000000000011" classname="aaf" name="Test_suite_test_aaf.R"/>
    <testcase time="0.00200000000000067" classname="aaf" name="Test_suite_test_aaf.R"/>
    <testcase time="0.00300000000000011" classname="aaf" name="Test_suite_test_aaf.R"/>
    <testcase time="0.00200000000000067" classname="aaf" name="Test_suite_test_aaf.R"/>
    <testcase time="0.00299999999999834" classname="aaf" name="Test_suite_test_aaf.R"/>
    <testcase time="0.00200000000000067" classname="aaf" name="Test_suite_test_aaf.R"/>
    <testcase time="0.00900000000000034" classname="aaf" name="Test_suite_test_aaf.R"/>
    <testcase time="0.00300000000000011" classname="aaf" name="Test_suite_test_aaf.R"/>
    <testcase time="0.00600000000000023" classname="aaf" name="Test_suite_test_aaf.R"/>
    <testcase time="0.00600000000000023" classname="aaf" name="Test_suite_test_aaf.R"/>
    <testcase time="0.00599999999999845" classname="aaf" name="Test_suite_test_aaf.R"/>
    <testcase time="0.00600000000000023" classname="aaf" name="Test_suite_test_aaf.R"/>
    <testcase time="0.011000000000001" classname="aaf" name="Test_suite_test_aaf.R"/>
    <testcase time="0.00600000000000023" classname="aaf" name="Test_suite_test_aaf.R"/>
    <testcase time="0.00599999999999845" classname="aaf" name="Test_suite_test_aaf.R"/>
    <testcase time="0.00600000000000023" classname="aaf" name="Test_suite_test_aaf.R"/>
    <testcase time="0.00499999999999901" classname="aaf" name="Test_suite_test_aaf.R"/>
    <testcase time="0.0080000000000009" classname="aaf" name="Test_suite_test_aaf.R"/>
    <testcase time="0.0139999999999993" classname="aaf" name="Test_suite_test_aaf.R"/>
    <testcase time="0.0129999999999999" classname="aaf" name="Test_suite_test_aaf.R"/>
    <testcase time="0.011000000000001" classname="aaf" name="Test_suite_test_aaf.R"/>
    <testcase time="0.0149999999999988" classname="aaf" name="Test_suite_test_aaf.R"/>
    <testcase time="0.00999999999999979" classname="aaf" name="Test_suite_test_aaf.R"/>
    <testcase time="0.00600000000000023" classname="aaf" name="Test_suite_test_aaf.R"/>
    <testcase time="0.00600000000000023" classname="aaf" name="Test_suite_test_aaf.R"/>
    <testcase time="0.00600000000000023" classname="aaf" name="Test_suite_test_aaf.R"/>
    <testcase time="0.0080000000000009" classname="aaf" name="Test_suite_test_aaf.R"/>
    <testcase time="0.0129999999999999" classname="aaf" name="Test_suite_test_aaf.R"/>
    <testcase time="0.0139999999999993" classname="aaf" name="Test_suite_test_aaf.R"/>
    <testcase time="0.0120000000000005" classname="aaf" name="Test_suite_test_aaf.R"/>
    <testcase time="0.00799999999999912" classname="aaf" name="Test_suite_test_aaf.R"/>
    <testcase time="0.00900000000000034" classname="aaf" name="Test_suite_test_aaf.R"/>
    <testcase time="0.00600000000000023" classname="aaf" name="Test_suite_test_aaf.R"/>
    <testcase time="0.00600000000000023" classname="aaf" name="Test_suite_test_aaf.R"/>
    <testcase time="0.0210000000000008" classname="aaf" name="Test_suite_test_aaf.R"/>
    <testcase time="0.00799999999999912" classname="aaf" name="Test_suite_test_aaf.R"/>
    <testcase time="0.0640000000000001" classname="aaf" name="Test_suite_test_aaf.R"/>
    <testcase time="0.00300000000000011" classname="aaf" name="Test_suite_test_aaf.R"/>
    <testcase time="0.00300000000000011" classname="aaf" name="Test_suite_test_aaf.R"/>
    <testcase time="0.00200000000000067" classname="aaf" name="Test_suite_test_aaf.R"/>
    <testcase time="0.00299999999999834" classname="aaf" name="Test_suite_test_aaf.R"/>
    <testcase time="0.00300000000000011" classname="aaf" name="Test_suite_test_aaf.R"/>
    <testcase time="0.00200000000000067" classname="aaf" name="Test_suite_test_aaf.R"/>
    <testcase time="0.00300000000000011" classname="aaf" name="Test_suite_test_aaf.R"/>
    <testcase time="0.00300000000000011" classname="aaf" name="Test_suite_test_aaf.R"/>
    <testcase time="0.00300000000000011" classname="aaf" name="Test_suite_test_aaf.R"/>
    <testcase time="0.00199999999999889" classname="aaf" name="Test_suite_test_aaf.R"/>
    <testcase time="0.00300000000000011" classname="aaf" name="Test_suite_test_aaf.R"/>
    <testcase time="0.00500000000000078" classname="aaf" name="Test_suite_test_aaf.R"/>
    <testcase time="0.00500000000000078" classname="aaf" name="Test_suite_test_aaf.R"/>
    <testcase time="0.00499999999999901" classname="aaf" name="Test_suite_test_aaf.R"/>
    <testcase time="0.00500000000000078" classname="aaf" name="Test_suite_test_aaf.R"/>
    <testcase time="0.00499999999999901" classname="aaf" name="Test_suite_test_aaf.R"/>
    <testcase time="0.00500000000000078" classname="aaf" name="Test_suite_test_aaf.R"/>
    <testcase time="0.00499999999999901" classname="aaf" name="Test_suite_test_aaf.R"/>
    <testcase time="0.00500000000000078" classname="aaf" name="Test_suite_test_aaf.R"/>
    <testcase time="0.00300000000000011" classname="aaf" name="Test_suite_test_aaf.R"/>
    <testcase time="0.00300000000000011" classname="aaf" name="Test_suite_test_aaf.R"/>
    <testcase time="0.00199999999999889" classname="aaf" name="Test_suite_test_aaf.R"/>
    <testcase time="0.00300000000000011" classname="aaf" name="Test_suite_test_aaf.R"/>
    <testcase time="0.00300000000000011" classname="aaf" name="Test_suite_test_aaf.R"/>
    <testcase time="0.00200000000000067" classname="aaf" name="Test_suite_test_aaf.R"/>
    <testcase time="0.00300000000000011" classname="aaf" name="Test_suite_test_aaf.R"/>
    <testcase time="0.00300000000000011" classname="aaf" name="Test_suite_test_aaf.R"/>
    <testcase time="0.00199999999999889" classname="aaf" name="Test_suite_test_aaf.R"/>
    <testcase time="0.00300000000000011" classname="aaf" name="Test_suite_test_aaf.R"/>
    <testcase time="0.00300000000000011" classname="aaf" name="Test_suite_test_aaf.R"/>
    <testcase time="0.00200000000000067" classname="aaf" name="Test_suite_test_aaf.R"/>
    <testcase time="0.00300000000000011" classname="aaf" name="Test_suite_test_aaf.R"/>
    <testcase time="0.00300000000000011" classname="aaf" name="Test_suite_test_aaf.R"/>
    <testcase time="0.00300000000000011" classname="aaf" name="Test_suite_test_aaf.R"/>
    <testcase time="0.00300000000000011" classname="aaf" name="Test_suite_test_aaf.R"/>
    <testcase time="0.00199999999999889" classname="aaf" name="Test_suite_test_aaf.R"/>
    <testcase time="0.00300000000000011" classname="aaf" name="Test_suite_test_aaf.R"/>
    <testcase time="0.00300000000000011" classname="aaf" name="Test_suite_test_aaf.R"/>
    <testcase time="0.00300000000000011" classname="aaf" name="Test_suite_test_aaf.R"/>
    <testcase time="0.00200000000000067" classname="aaf" name="Test_suite_test_aaf.R"/>
    <testcase time="0.00300000000000011" classname="aaf" name="Test_suite_test_aaf.R"/>
    <testcase time="0.00300000000000011" classname="aaf" name="Test_suite_test_aaf.R"/>
    <testcase time="0.00199999999999889" classname="aaf" name="Test_suite_test_aaf.R"/>
    <testcase time="0.00500000000000078" classname="aaf" name="Test_suite_test_aaf.R"/>
    <testcase time="0.00399999999999956" classname="aaf" name="Test_suite_test_aaf.R"/>
    <testcase time="0.00600000000000023" classname="aaf" name="Test_suite_test_aaf.R"/>
    <testcase time="0.00999999999999979" classname="aaf" name="Test_suite_test_aaf.R"/>
    <testcase time="0.00699999999999967" classname="aaf" name="Test_suite_test_aaf.R"/>
    <testcase time="0.00600000000000023" classname="aaf" name="Test_suite_test_aaf.R"/>
    <testcase time="0.00999999999999979" classname="aaf" name="Test_suite_test_aaf.R"/>
    <testcase time="0.00600000000000023" classname="aaf" name="Test_suite_test_aaf.R"/>
    <testcase time="0.00600000000000023" classname="aaf" name="Test_suite_test_aaf.R"/>
    <testcase time="0.00900000000000034" classname="aaf" name="Test_suite_test_aaf.R"/>
    <testcase time="0.00699999999999967" classname="aaf" name="Test_suite_test_aaf.R"/>
    <testcase time="0.0080000000000009" classname="aaf" name="Test_suite_test_aaf.R"/>
    <testcase time="0.0129999999999999" classname="aaf" name="Test_suite_test_aaf.R"/>
    <testcase time="0.0139999999999993" classname="aaf" name="Test_suite_test_aaf.R"/>
    <testcase time="0.011000000000001" classname="aaf" name="Test_suite_test_aaf.R"/>
    <testcase time="0.0149999999999988" classname="aaf" name="Test_suite_test_aaf.R"/>
    <testcase time="0.00999999999999979" classname="aaf" name="Test_suite_test_aaf.R"/>
    <testcase time="0.00600000000000023" classname="aaf" name="Test_suite_test_aaf.R"/>
    <testcase time="0.00699999999999967" classname="aaf" name="Test_suite_test_aaf.R"/>
    <testcase time="0.00600000000000023" classname="aaf" name="Test_suite_test_aaf.R"/>
    <testcase time="0.00900000000000034" classname="aaf" name="Test_suite_test_aaf.R"/>
    <testcase time="0.0129999999999999" classname="aaf" name="Test_suite_test_aaf.R"/>
    <testcase time="0.0140000000000011" classname="aaf" name="Test_suite_test_aaf.R"/>
    <testcase time="0.0109999999999992" classname="aaf" name="Test_suite_test_aaf.R"/>
    <testcase time="0.00900000000000034" classname="aaf" name="Test_suite_test_aaf.R"/>
    <testcase time="0.00799999999999912" classname="aaf" name="Test_suite_test_aaf.R"/>
    <testcase time="0.00600000000000023" classname="aaf" name="Test_suite_test_aaf.R"/>
    <testcase time="0.00699999999999967" classname="aaf" name="Test_suite_test_aaf.R"/>
    <testcase time="0.016" classname="aaf" name="Test_suite_test_aaf.R"/>
    <testcase time="0.0120000000000005" classname="aaf" name="Test_suite_test_aaf.R"/>
    <testcase time="0.0649999999999995" classname="aaf" name="Test_suite_test_aaf.R"/>
    <testcase time="0.00300000000000011" classname="aaf" name="Test_suite_test_aaf.R"/>
    <testcase time="0.00200000000000067" classname="aaf" name="Test_suite_test_aaf.R"/>
    <testcase time="0.00300000000000011" classname="aaf" name="Test_suite_test_aaf.R"/>
    <testcase time="0.00300000000000011" classname="aaf" name="Test_suite_test_aaf.R"/>
    <testcase time="0.00300000000000011" classname="aaf" name="Test_suite_test_aaf.R"/>
    <testcase time="0.00300000000000011" classname="aaf" name="Test_suite_test_aaf.R"/>
    <testcase time="0.00300000000000011" classname="aaf" name="Test_suite_test_aaf.R"/>
    <testcase time="0.00299999999999834" classname="aaf" name="Test_suite_test_aaf.R"/>
    <testcase time="0.00300000000000011" classname="aaf" name="Test_suite_test_aaf.R"/>
    <testcase time="0.00300000000000011" classname="aaf" name="Test_suite_test_aaf.R"/>
    <testcase time="0.00300000000000011" classname="aaf" name="Test_suite_test_aaf.R"/>
    <testcase time="0.00600000000000023" classname="aaf" name="Test_suite_test_aaf.R"/>
    <testcase time="0.00500000000000078" classname="aaf" name="Test_suite_test_aaf.R"/>
    <testcase time="0.00499999999999901" classname="aaf" name="Test_suite_test_aaf.R"/>
    <testcase time="0.00500000000000078" classname="aaf" name="Test_suite_test_aaf.R"/>
    <testcase time="0.00600000000000023" classname="aaf" name="Test_suite_test_aaf.R"/>
    <testcase time="0.00499999999999901" classname="aaf" name="Test_suite_test_aaf.R"/>
    <testcase time="0.00500000000000078" classname="aaf" name="Test_suite_test_aaf.R"/>
    <testcase time="0.00600000000000023" classname="aaf" name="Test_suite_test_aaf.R"/>
    <testcase time="0.00300000000000011" classname="aaf" name="Test_suite_test_aaf.R"/>
    <testcase time="0.00300000000000011" classname="aaf" name="Test_suite_test_aaf.R"/>
    <testcase time="0.00300000000000011" classname="aaf" name="Test_suite_test_aaf.R"/>
    <testcase time="0.00199999999999889" classname="aaf" name="Test_suite_test_aaf.R"/>
    <testcase time="0.00300000000000011" classname="aaf" name="Test_suite_test_aaf.R"/>
    <testcase time="0.00300000000000011" classname="aaf" name="Test_suite_test_aaf.R"/>
    <testcase time="0.00300000000000011" classname="aaf" name="Test_suite_test_aaf.R"/>
    <testcase time="0.00300000000000011" classname="aaf" name="Test_suite_test_aaf.R"/>
    <testcase time="0.00300000000000011" classname="aaf" name="Test_suite_test_aaf.R"/>
    <testcase time="0.00300000000000011" classname="aaf" name="Test_suite_test_aaf.R"/>
    <testcase time="0.00300000000000011" classname="aaf" name="Test_suite_test_aaf.R"/>
    <testcase time="0.00300000000000011" classname="aaf" name="Test_suite_test_aaf.R"/>
    <testcase time="0.00300000000000011" classname="aaf" name="Test_suite_test_aaf.R"/>
    <testcase time="0.00300000000000011" classname="aaf" name="Test_suite_test_aaf.R"/>
    <testcase time="0.00299999999999834" classname="aaf" name="Test_suite_test_aaf.R"/>
    <testcase time="0.00300000000000011" classname="aaf" name="Test_suite_test_aaf.R"/>
    <testcase time="0.00300000000000011" classname="aaf" name="Test_suite_test_aaf.R"/>
    <testcase time="0.00300000000000011" classname="aaf" name="Test_suite_test_aaf.R"/>
    <testcase time="0.00300000000000011" classname="aaf" name="Test_suite_test_aaf.R"/>
    <testcase time="0.00300000000000011" classname="aaf" name="Test_suite_test_aaf.R"/>
    <testcase time="0.00300000000000011" classname="aaf" name="Test_suite_test_aaf.R"/>
    <testcase time="0.00300000000000011" classname="aaf" name="Test_suite_test_aaf.R"/>
    <testcase time="0.00300000000000011" classname="aaf" name="Test_suite_test_aaf.R"/>
    <testcase time="0.00300000000000011" classname="aaf" name="Test_suite_test_aaf.R"/>
    <testcase time="0.00499999999999901" classname="aaf" name="Test_suite_test_aaf.R"/>
    <testcase time="0.00400000000000134" classname="aaf" name="Test_suite_test_aaf.R"/>
    <testcase time="0.00999999999999979" classname="aaf" name="Test_suite_test_aaf.R"/>
    <testcase time="0.00699999999999967" classname="aaf" name="Test_suite_test_aaf.R"/>
    <testcase time="0.00600000000000023" classname="aaf" name="Test_suite_test_aaf.R"/>
    <testcase time="0.00699999999999967" classname="aaf" name="Test_suite_test_aaf.R"/>
    <testcase time="0.0109999999999992" classname="aaf" name="Test_suite_test_aaf.R"/>
    <testcase time="0.00600000000000023" classname="aaf" name="Test_suite_test_aaf.R"/>
    <testcase time="0.00600000000000023" classname="aaf" name="Test_suite_test_aaf.R"/>
    <testcase time="0.00699999999999967" classname="aaf" name="Test_suite_test_aaf.R"/>
    <testcase time="0.00700000000000145" classname="aaf" name="Test_suite_test_aaf.R"/>
    <testcase time="0.00799999999999912" classname="aaf" name="Test_suite_test_aaf.R"/>
    <testcase time="0.0139999999999993" classname="aaf" name="Test_suite_test_aaf.R"/>
    <testcase time="0.0140000000000011" classname="aaf" name="Test_suite_test_aaf.R"/>
    <testcase time="0.0109999999999992" classname="aaf" name="Test_suite_test_aaf.R"/>
    <testcase time="0.0150000000000006" classname="aaf" name="Test_suite_test_aaf.R"/>
    <testcase time="0.0109999999999992" classname="aaf" name="Test_suite_test_aaf.R"/>
    <testcase time="0.00600000000000023" classname="aaf" name="Test_suite_test_aaf.R"/>
    <testcase time="0.00699999999999967" classname="aaf" name="Test_suite_test_aaf.R"/>
    <testcase time="0.00700000000000145" classname="aaf" name="Test_suite_test_aaf.R"/>
    <testcase time="0.00799999999999912" classname="aaf" name="Test_suite_test_aaf.R"/>
    <testcase time="0.0129999999999999" classname="aaf" name="Test_suite_test_aaf.R"/>
    <testcase time="0.0140000000000011" classname="aaf" name="Test_suite_test_aaf.R"/>
    <testcase time="0.0119999999999987" classname="aaf" name="Test_suite_test_aaf.R"/>
    <testcase time="0.00900000000000034" classname="aaf" name="Test_suite_test_aaf.R"/>
    <testcase time="0.0080000000000009" classname="aaf" name="Test_suite_test_aaf.R"/>
    <testcase time="0.00699999999999967" classname="aaf" name="Test_suite_test_aaf.R"/>
    <testcase time="0.00699999999999967" classname="aaf" name="Test_suite_test_aaf.R"/>
    <testcase time="0.0199999999999996" classname="aaf" name="Test_suite_test_aaf.R"/>
    <testcase time="0.0080000000000009" classname="aaf" name="Test_suite_test_aaf.R"/>
    <testcase time="0.00499999999999901" classname="aaf" name="Test_suite_test_aaf.R"/>
    <testcase time="0.0389999999999997" classname="aaf" name="Test_suite_test_aaf.R"/>
    <testcase time="0.0410000000000004" classname="aaf" name="Test_suite_test_aaf.R"/>
    <testcase time="0.0250000000000004" classname="aaf" name="Test_suite_test_aaf.R"/>
    <testcase time="0.0950000000000006" classname="aaf" name="Test_suite_test_aaf.R"/>
    <testcase time="0.00899999999999856" classname="aaf" name="Test_suite_test_aaf.R"/>
    <testcase time="3.628" classname="aaf" name="Test_suite_test_aaf.R"/>
    <testcase time="0.00600000000000023" classname="aaf" name="Test_suite_test_aaf.R"/>
    <testcase time="0.00699999999999967" classname="aaf" name="Test_suite_test_aaf.R"/>
    <testcase time="0.0170000000000012" classname="aaf" name="Test_suite_test_aaf.R"/>
    <testcase time="0.0549999999999997" classname="aaf" name="Test_suite_test_aaf.R"/>
    <testcase time="0.0619999999999994" classname="aaf" name="Test_suite_test_aaf.R"/>
    <testcase time="0.0960000000000001" classname="aaf" name="Test_suite_test_aaf.R"/>
    <testcase time="0.00300000000000011" classname="aaf" name="Test_suite_test_aaf.R"/>
    <testcase time="0.00399999999999956" classname="aaf" name="Test_suite_test_aaf.R"/>
    <testcase time="0.00300000000000011" classname="aaf" name="Test_suite_test_aaf.R"/>
    <testcase time="0.0259999999999998" classname="aaf" name="Test_suite_test_aaf.R"/>
    <testcase time="0.00600000000000023" classname="aaf" name="Test_suite_test_aaf.R"/>
    <testcase time="0.00500000000000078" classname="aaf" name="Test_suite_test_aaf.R"/>
  </testsuite>
  <testsuite name="aag" timestamp="2025-03-31T07:38:37Z" hostname="ec99d2565072" tests="19" skipped="0" failures="0" errors="0" time="0.307">
    <testcase time="0.0120000000000005" classname="aag" name="Test_suite_test_aag.R"/>
    <testcase time="0.00499999999999901" classname="aag" name="Test_suite_test_aag.R"/>
    <testcase time="0.00300000000000011" classname="aag" name="Test_suite_test_aag.R"/>
    <testcase time="0.00200000000000067" classname="aag" name="Test_suite_test_aag.R"/>
    <testcase time="0.00499999999999901" classname="aag" name="Test_suite_test_aag.R"/>
    <testcase time="0.00500000000000078" classname="aag" name="Test_suite_test_aag.R"/>
    <testcase time="0.00499999999999901" classname="aag" name="Test_suite_test_aag.R"/>
    <testcase time="0.011000000000001" classname="aag" name="Test_suite_test_aag.R"/>
    <testcase time="0.00900000000000034" classname="aag" name="Test_suite_test_aag.R"/>
    <testcase time="0.0169999999999995" classname="aag" name="Test_suite_test_aag.R"/>
    <testcase time="0.016" classname="aag" name="Test_suite_test_aag.R"/>
    <testcase time="0.00699999999999967" classname="aag" name="Test_suite_test_aag.R"/>
    <testcase time="0.0140000000000011" classname="aag" name="Test_suite_test_aag.R"/>
    <testcase time="0.00499999999999901" classname="aag" name="Test_suite_test_aag.R"/>
    <testcase time="0.00399999999999956" classname="aag" name="Test_suite_test_aag.R"/>
    <testcase time="0.0910000000000011" classname="aag" name="Test_suite_test_aag.R"/>
    <testcase time="0.0439999999999987" classname="aag" name="Test_suite_test_aag.R"/>
    <testcase time="0.0390000000000015" classname="aag" name="Test_suite_test_aag.R"/>
    <testcase time="0.0129999999999999" classname="aag" name="Test_suite_test_aag.R"/>
  </testsuite>
  <testsuite name="aah" timestamp="2025-03-31T07:38:38Z" hostname="ec99d2565072" tests="17" skipped="0" failures="0" errors="0" time="0.378">
    <testcase time="0.020999999999999" classname="aah" name="Test_suite_test_aah.R"/>
    <testcase time="0.0210000000000008" classname="aah" name="Test_suite_test_aah.R"/>
    <testcase time="0.020999999999999" classname="aah" name="Test_suite_test_aah.R"/>
    <testcase time="0.0240000000000009" classname="aah" name="Test_suite_test_aah.R"/>
    <testcase time="0.0229999999999997" classname="aah" name="Test_suite_test_aah.R"/>
    <testcase time="0.0259999999999998" classname="aah" name="Test_suite_test_aah.R"/>
    <testcase time="0.0350000000000001" classname="aah" name="Test_suite_test_aah.R"/>
    <testcase time="0.0229999999999997" classname="aah" name="Test_suite_test_aah.R"/>
    <testcase time="0.0199999999999996" classname="aah" name="Test_suite_test_aah.R"/>
    <testcase time="0.0340000000000025" classname="aah" name="Test_suite_test_aah.R"/>
    <testcase time="0.0229999999999997" classname="aah" name="Test_suite_test_aah.R"/>
    <testcase time="0.0209999999999972" classname="aah" name="Test_suite_test_aah.R"/>
    <testcase time="0.027000000000001" classname="aah" name="Test_suite_test_aah.R"/>
    <testcase time="0.00700000000000145" classname="aah" name="Test_suite_test_aah.R"/>
    <testcase time="0.0139999999999993" classname="aah" name="Test_suite_test_aah.R"/>
    <testcase time="0.0189999999999984" classname="aah" name="Test_suite_test_aah.R"/>
    <testcase time="0.0190000000000019" classname="aah" name="Test_suite_test_aah.R"/>
  </testsuite>
</testsuites>
