<?xml version="1.0" encoding="UTF-8"?>
<testsuites>
  <testsuite name="aaa" timestamp="2025-10-05T20:47:50Z" hostname="473b9c209b7f" tests="74" skipped="0" failures="0" errors="0" time="4.144">
    <testcase time="0.115" classname="aaa" name="Test_suite_aaa.R"/>
    <testcase time="0.0490000000000002" classname="aaa" name="Test_suite_aaa.R"/>
    <testcase time="0.0270000000000001" classname="aaa" name="Test_suite_aaa.R"/>
    <testcase time="0.0259999999999998" classname="aaa" name="Test_suite_aaa.R"/>
    <testcase time="0.036" classname="aaa" name="Test_suite_aaa.R"/>
    <testcase time="0.0179999999999998" classname="aaa" name="Test_suite_aaa.R"/>
    <testcase time="0.0340000000000003" classname="aaa" name="Test_suite_aaa.R"/>
    <testcase time="0.0169999999999999" classname="aaa" name="Test_suite_aaa.R"/>
    <testcase time="0.00800000000000001" classname="aaa" name="Test_suite_aaa.R"/>
    <testcase time="0.0209999999999999" classname="aaa" name="Test_suite_aaa.R"/>
    <testcase time="0.0230000000000001" classname="aaa" name="Test_suite_aaa.R"/>
    <testcase time="0.0259999999999998" classname="aaa" name="Test_suite_aaa.R"/>
    <testcase time="0.0290000000000004" classname="aaa" name="Test_suite_aaa.R"/>
    <testcase time="0.0339999999999998" classname="aaa" name="Test_suite_aaa.R"/>
    <testcase time="0.0369999999999999" classname="aaa" name="Test_suite_aaa.R"/>
    <testcase time="0.0150000000000001" classname="aaa" name="Test_suite_aaa.R"/>
    <testcase time="0.0579999999999998" classname="aaa" name="Test_suite_aaa.R"/>
    <testcase time="0.028" classname="aaa" name="Test_suite_aaa.R"/>
    <testcase time="0.044" classname="aaa" name="Test_suite_aaa.R"/>
    <testcase time="0.0720000000000001" classname="aaa" name="Test_suite_aaa.R"/>
    <testcase time="0.00300000000000011" classname="aaa" name="Test_suite_aaa.R"/>
    <testcase time="0.0139999999999998" classname="aaa" name="Test_suite_aaa.R"/>
    <testcase time="0.0129999999999999" classname="aaa" name="Test_suite_aaa.R"/>
    <testcase time="0.0350000000000001" classname="aaa" name="Test_suite_aaa.R"/>
    <testcase time="0.0329999999999999" classname="aaa" name="Test_suite_aaa.R"/>
    <testcase time="0.032" classname="aaa" name="Test_suite_aaa.R"/>
    <testcase time="0.0420000000000003" classname="aaa" name="Test_suite_aaa.R"/>
    <testcase time="0.024" classname="aaa" name="Test_suite_aaa.R"/>
    <testcase time="0.0499999999999998" classname="aaa" name="Test_suite_aaa.R"/>
    <testcase time="0.0259999999999998" classname="aaa" name="Test_suite_aaa.R"/>
    <testcase time="0.0290000000000004" classname="aaa" name="Test_suite_aaa.R"/>
    <testcase time="0.0389999999999997" classname="aaa" name="Test_suite_aaa.R"/>
    <testcase time="0.0630000000000002" classname="aaa" name="Test_suite_aaa.R"/>
    <testcase time="0.0950000000000002" classname="aaa" name="Test_suite_aaa.R"/>
    <testcase time="0.0159999999999996" classname="aaa" name="Test_suite_aaa.R"/>
    <testcase time="0.0420000000000003" classname="aaa" name="Test_suite_aaa.R"/>
    <testcase time="0.089" classname="aaa" name="Test_suite_aaa.R"/>
    <testcase time="1.417" classname="aaa" name="Test_suite_aaa.R"/>
    <testcase time="0.0200000000000005" classname="aaa" name="Test_suite_aaa.R"/>
    <testcase time="0.0190000000000001" classname="aaa" name="Test_suite_aaa.R"/>
    <testcase time="0.0259999999999998" classname="aaa" name="Test_suite_aaa.R"/>
    <testcase time="0.04" classname="aaa" name="Test_suite_aaa.R"/>
    <testcase time="0.016" classname="aaa" name="Test_suite_aaa.R"/>
    <testcase time="0.0339999999999998" classname="aaa" name="Test_suite_aaa.R"/>
    <testcase time="0.0170000000000003" classname="aaa" name="Test_suite_aaa.R"/>
    <testcase time="0.00699999999999967" classname="aaa" name="Test_suite_aaa.R"/>
    <testcase time="0.0170000000000003" classname="aaa" name="Test_suite_aaa.R"/>
    <testcase time="0.0219999999999994" classname="aaa" name="Test_suite_aaa.R"/>
    <testcase time="0.0250000000000004" classname="aaa" name="Test_suite_aaa.R"/>
    <testcase time="0.0279999999999996" classname="aaa" name="Test_suite_aaa.R"/>
    <testcase time="0.0369999999999999" classname="aaa" name="Test_suite_aaa.R"/>
    <testcase time="0.0360000000000005" classname="aaa" name="Test_suite_aaa.R"/>
    <testcase time="0.0129999999999999" classname="aaa" name="Test_suite_aaa.R"/>
    <testcase time="0.0179999999999998" classname="aaa" name="Test_suite_aaa.R"/>
    <testcase time="0.0259999999999998" classname="aaa" name="Test_suite_aaa.R"/>
    <testcase time="0.0420000000000007" classname="aaa" name="Test_suite_aaa.R"/>
    <testcase time="0.0720000000000001" classname="aaa" name="Test_suite_aaa.R"/>
    <testcase time="0.00299999999999923" classname="aaa" name="Test_suite_aaa.R"/>
    <testcase time="0.00800000000000001" classname="aaa" name="Test_suite_aaa.R"/>
    <testcase time="0.0110000000000001" classname="aaa" name="Test_suite_aaa.R"/>
    <testcase time="0.0289999999999999" classname="aaa" name="Test_suite_aaa.R"/>
    <testcase time="0.032" classname="aaa" name="Test_suite_aaa.R"/>
    <testcase time="0.0360000000000005" classname="aaa" name="Test_suite_aaa.R"/>
    <testcase time="0.0419999999999998" classname="aaa" name="Test_suite_aaa.R"/>
    <testcase time="0.0209999999999999" classname="aaa" name="Test_suite_aaa.R"/>
    <testcase time="0.0460000000000003" classname="aaa" name="Test_suite_aaa.R"/>
    <testcase time="0.0269999999999992" classname="aaa" name="Test_suite_aaa.R"/>
    <testcase time="0.0300000000000002" classname="aaa" name="Test_suite_aaa.R"/>
    <testcase time="0.0490000000000004" classname="aaa" name="Test_suite_aaa.R"/>
    <testcase time="0.0679999999999996" classname="aaa" name="Test_suite_aaa.R"/>
    <testcase time="0.111" classname="aaa" name="Test_suite_aaa.R"/>
    <testcase time="0.0170000000000003" classname="aaa" name="Test_suite_aaa.R"/>
    <testcase time="0.22" classname="aaa" name="Test_suite_aaa.R"/>
    <testcase time="0.0999999999999996" classname="aaa" name="Test_suite_aaa.R"/>
  </testsuite>
  <testsuite name="aab" timestamp="2025-10-05T20:47:56Z" hostname="473b9c209b7f" tests="12" skipped="0" failures="0" errors="0" time="3.021">
    <testcase time="1.537" classname="aab" name="Test_suite_aab.R"/>
    <testcase time="0.137" classname="aab" name="Test_suite_aab.R"/>
    <testcase time="0.122" classname="aab" name="Test_suite_aab.R"/>
    <testcase time="0.116" classname="aab" name="Test_suite_aab.R"/>
    <testcase time="0.131" classname="aab" name="Test_suite_aab.R"/>
    <testcase time="0.0990000000000002" classname="aab" name="Test_suite_aab.R"/>
    <testcase time="0.122" classname="aab" name="Test_suite_aab.R"/>
    <testcase time="0.127000000000001" classname="aab" name="Test_suite_aab.R"/>
    <testcase time="0.125" classname="aab" name="Test_suite_aab.R"/>
    <testcase time="0.125999999999999" classname="aab" name="Test_suite_aab.R"/>
    <testcase time="0.372" classname="aab" name="Test_suite_aab.R"/>
    <testcase time="0.00699999999999967" classname="aab" name="Test_suite_aab.R"/>
  </testsuite>
  <testsuite name="aac" timestamp="2025-10-05T20:47:57Z" hostname="473b9c209b7f" tests="26" skipped="0" failures="0" errors="0" time="0.625">
    <testcase time="0.0549999999999997" classname="aac" name="Test_suite_aac.R"/>
    <testcase time="0.0280000000000005" classname="aac" name="Test_suite_aac.R"/>
    <testcase time="0.0370000000000008" classname="aac" name="Test_suite_aac.R"/>
    <testcase time="0.0359999999999996" classname="aac" name="Test_suite_aac.R"/>
    <testcase time="0.048" classname="aac" name="Test_suite_aac.R"/>
    <testcase time="0.0399999999999991" classname="aac" name="Test_suite_aac.R"/>
    <testcase time="0.0400000000000009" classname="aac" name="Test_suite_aac.R"/>
    <testcase time="0.0289999999999999" classname="aac" name="Test_suite_aac.R"/>
    <testcase time="0.00399999999999956" classname="aac" name="Test_suite_aac.R"/>
    <testcase time="0.00900000000000034" classname="aac" name="Test_suite_aac.R"/>
    <testcase time="0.0540000000000003" classname="aac" name="Test_suite_aac.R"/>
    <testcase time="0.0429999999999993" classname="aac" name="Test_suite_aac.R"/>
    <testcase time="0.0809999999999995" classname="aac" name="Test_suite_aac.R"/>
    <testcase time="0.00600000000000023" classname="aac" name="Test_suite_aac.R"/>
    <testcase time="0.00500000000000078" classname="aac" name="Test_suite_aac.R"/>
    <testcase time="0.0340000000000007" classname="aac" name="Test_suite_aac.R"/>
    <testcase time="0.00399999999999956" classname="aac" name="Test_suite_aac.R"/>
    <testcase time="0.00399999999999956" classname="aac" name="Test_suite_aac.R"/>
    <testcase time="0.00399999999999956" classname="aac" name="Test_suite_aac.R"/>
    <testcase time="0.00500000000000078" classname="aac" name="Test_suite_aac.R"/>
    <testcase time="0.00399999999999956" classname="aac" name="Test_suite_aac.R"/>
    <testcase time="0.00399999999999956" classname="aac" name="Test_suite_aac.R"/>
    <testcase time="0.00400000000000134" classname="aac" name="Test_suite_aac.R"/>
    <testcase time="0.0139999999999993" classname="aac" name="Test_suite_aac.R"/>
    <testcase time="0.016" classname="aac" name="Test_suite_aac.R"/>
    <testcase time="0.0169999999999995" classname="aac" name="Test_suite_aac.R"/>
  </testsuite>
  <testsuite name="aad" timestamp="2025-10-05T20:47:58Z" hostname="473b9c209b7f" tests="1" skipped="0" failures="0" errors="0" time="0.235">
    <testcase time="0.235000000000001" classname="aad" name="Test_suite_aad.R_Degen_s_eight_square_identity"/>
  </testsuite>
  <testsuite name="aae" timestamp="2025-10-05T20:47:58Z" hostname="473b9c209b7f" tests="13" skipped="0" failures="0" errors="0" time="0.067">
    <testcase time="0.0119999999999987" classname="aae" name="Test_suite_test_aae.R"/>
    <testcase time="0.00200000000000067" classname="aae" name="Test_suite_test_aae.R"/>
    <testcase time="0.00499999999999901" classname="aae" name="Test_suite_test_aae.R"/>
    <testcase time="0.00400000000000134" classname="aae" name="Test_suite_test_aae.R"/>
    <testcase time="0.00399999999999956" classname="aae" name="Test_suite_test_aae.R"/>
    <testcase time="0.00500000000000078" classname="aae" name="Test_suite_test_aae.R"/>
    <testcase time="0.00299999999999834" classname="aae" name="Test_suite_test_aae.R"/>
    <testcase time="0.00400000000000134" classname="aae" name="Test_suite_test_aae.R"/>
    <testcase time="0.00300000000000011" classname="aae" name="Test_suite_test_aae.R"/>
    <testcase time="0.00399999999999956" classname="aae" name="Test_suite_test_aae.R"/>
    <testcase time="0.00499999999999901" classname="aae" name="Test_suite_test_aae.R"/>
    <testcase time="0.0140000000000011" classname="aae" name="Test_suite_test_aae.R"/>
    <testcase time="0.00200000000000067" classname="aae" name="Test_suite_test_aae.R"/>
  </testsuite>
  <testsuite name="aaf" timestamp="2025-10-05T20:47:58Z" hostname="473b9c209b7f" tests="389" skipped="0" failures="0" errors="0" time="6.825">
    <testcase time="0.0830000000000002" classname="aaf" name="Test_suite_test_aaf.R"/>
    <testcase time="0.00199999999999889" classname="aaf" name="Test_suite_test_aaf.R"/>
    <testcase time="0.00300000000000011" classname="aaf" name="Test_suite_test_aaf.R"/>
    <testcase time="0.00200000000000067" classname="aaf" name="Test_suite_test_aaf.R"/>
    <testcase time="0.00199999999999889" classname="aaf" name="Test_suite_test_aaf.R"/>
    <testcase time="0.00300000000000011" classname="aaf" name="Test_suite_test_aaf.R"/>
    <testcase time="0.00200000000000067" classname="aaf" name="Test_suite_test_aaf.R"/>
    <testcase time="0.00300000000000011" classname="aaf" name="Test_suite_test_aaf.R"/>
    <testcase time="0.00200000000000067" classname="aaf" name="Test_suite_test_aaf.R"/>
    <testcase time="0.00199999999999889" classname="aaf" name="Test_suite_test_aaf.R"/>
    <testcase time="0.00200000000000067" classname="aaf" name="Test_suite_test_aaf.R"/>
    <testcase time="0.00199999999999889" classname="aaf" name="Test_suite_test_aaf.R"/>
    <testcase time="0.00500000000000078" classname="aaf" name="Test_suite_test_aaf.R"/>
    <testcase time="0.00500000000000078" classname="aaf" name="Test_suite_test_aaf.R"/>
    <testcase time="0.00399999999999956" classname="aaf" name="Test_suite_test_aaf.R"/>
    <testcase time="0.00999999999999979" classname="aaf" name="Test_suite_test_aaf.R"/>
    <testcase time="0.00399999999999956" classname="aaf" name="Test_suite_test_aaf.R"/>
    <testcase time="0.00500000000000078" classname="aaf" name="Test_suite_test_aaf.R"/>
    <testcase time="0.00399999999999956" classname="aaf" name="Test_suite_test_aaf.R"/>
    <testcase time="0.00399999999999956" classname="aaf" name="Test_suite_test_aaf.R"/>
    <testcase time="0.00300000000000011" classname="aaf" name="Test_suite_test_aaf.R"/>
    <testcase time="0.00200000000000067" classname="aaf" name="Test_suite_test_aaf.R"/>
    <testcase time="0.00199999999999889" classname="aaf" name="Test_suite_test_aaf.R"/>
    <testcase time="0.00300000000000011" classname="aaf" name="Test_suite_test_aaf.R"/>
    <testcase time="0.00200000000000067" classname="aaf" name="Test_suite_test_aaf.R"/>
    <testcase time="0.00200000000000067" classname="aaf" name="Test_suite_test_aaf.R"/>
    <testcase time="0.00300000000000011" classname="aaf" name="Test_suite_test_aaf.R"/>
    <testcase time="0.00300000000000011" classname="aaf" name="Test_suite_test_aaf.R"/>
    <testcase time="0.00199999999999889" classname="aaf" name="Test_suite_test_aaf.R"/>
    <testcase time="0.00300000000000011" classname="aaf" name="Test_suite_test_aaf.R"/>
    <testcase time="0.00200000000000067" classname="aaf" name="Test_suite_test_aaf.R"/>
    <testcase time="0.00300000000000011" classname="aaf" name="Test_suite_test_aaf.R"/>
    <testcase time="0.00199999999999889" classname="aaf" name="Test_suite_test_aaf.R"/>
    <testcase time="0.00300000000000011" classname="aaf" name="Test_suite_test_aaf.R"/>
    <testcase time="0.00200000000000067" classname="aaf" name="Test_suite_test_aaf.R"/>
    <testcase time="0.00300000000000011" classname="aaf" name="Test_suite_test_aaf.R"/>
    <testcase time="0.00199999999999889" classname="aaf" name="Test_suite_test_aaf.R"/>
    <testcase time="0.00200000000000067" classname="aaf" name="Test_suite_test_aaf.R"/>
    <testcase time="0.00200000000000067" classname="aaf" name="Test_suite_test_aaf.R"/>
    <testcase time="0.00300000000000011" classname="aaf" name="Test_suite_test_aaf.R"/>
    <testcase time="0.00199999999999889" classname="aaf" name="Test_suite_test_aaf.R"/>
    <testcase time="0.00300000000000011" classname="aaf" name="Test_suite_test_aaf.R"/>
    <testcase time="0.00300000000000011" classname="aaf" name="Test_suite_test_aaf.R"/>
    <testcase time="0.00200000000000067" classname="aaf" name="Test_suite_test_aaf.R"/>
    <testcase time="0.00500000000000078" classname="aaf" name="Test_suite_test_aaf.R"/>
    <testcase time="0.00299999999999834" classname="aaf" name="Test_suite_test_aaf.R"/>
    <testcase time="0.00500000000000078" classname="aaf" name="Test_suite_test_aaf.R"/>
    <testcase time="0.00600000000000023" classname="aaf" name="Test_suite_test_aaf.R"/>
    <testcase time="0.00600000000000023" classname="aaf" name="Test_suite_test_aaf.R"/>
    <testcase time="0.00699999999999967" classname="aaf" name="Test_suite_test_aaf.R"/>
    <testcase time="0.00999999999999979" classname="aaf" name="Test_suite_test_aaf.R"/>
    <testcase time="0.00600000000000023" classname="aaf" name="Test_suite_test_aaf.R"/>
    <testcase time="0.00600000000000023" classname="aaf" name="Test_suite_test_aaf.R"/>
    <testcase time="0.00699999999999967" classname="aaf" name="Test_suite_test_aaf.R"/>
    <testcase time="0.00600000000000023" classname="aaf" name="Test_suite_test_aaf.R"/>
    <testcase time="0.00699999999999967" classname="aaf" name="Test_suite_test_aaf.R"/>
    <testcase time="0.0150000000000006" classname="aaf" name="Test_suite_test_aaf.R"/>
    <testcase time="0.0179999999999989" classname="aaf" name="Test_suite_test_aaf.R"/>
    <testcase time="0.0120000000000005" classname="aaf" name="Test_suite_test_aaf.R"/>
    <testcase time="0.0139999999999993" classname="aaf" name="Test_suite_test_aaf.R"/>
    <testcase time="0.0100000000000016" classname="aaf" name="Test_suite_test_aaf.R"/>
    <testcase time="0.00599999999999845" classname="aaf" name="Test_suite_test_aaf.R"/>
    <testcase time="0.00600000000000023" classname="aaf" name="Test_suite_test_aaf.R"/>
    <testcase time="0.00700000000000145" classname="aaf" name="Test_suite_test_aaf.R"/>
    <testcase time="0.00799999999999912" classname="aaf" name="Test_suite_test_aaf.R"/>
    <testcase time="0.0129999999999999" classname="aaf" name="Test_suite_test_aaf.R"/>
    <testcase time="0.0139999999999993" classname="aaf" name="Test_suite_test_aaf.R"/>
    <testcase time="0.0120000000000005" classname="aaf" name="Test_suite_test_aaf.R"/>
    <testcase time="0.0080000000000009" classname="aaf" name="Test_suite_test_aaf.R"/>
    <testcase time="0.00899999999999856" classname="aaf" name="Test_suite_test_aaf.R"/>
    <testcase time="0.00700000000000145" classname="aaf" name="Test_suite_test_aaf.R"/>
    <testcase time="0.00600000000000023" classname="aaf" name="Test_suite_test_aaf.R"/>
    <testcase time="0.0189999999999984" classname="aaf" name="Test_suite_test_aaf.R"/>
    <testcase time="0.0120000000000005" classname="aaf" name="Test_suite_test_aaf.R"/>
    <testcase time="0.134" classname="aaf" name="Test_suite_test_aaf.R"/>
    <testcase time="0.00200000000000067" classname="aaf" name="Test_suite_test_aaf.R"/>
    <testcase time="0.00300000000000011" classname="aaf" name="Test_suite_test_aaf.R"/>
    <testcase time="0.00199999999999889" classname="aaf" name="Test_suite_test_aaf.R"/>
    <testcase time="0.00200000000000067" classname="aaf" name="Test_suite_test_aaf.R"/>
    <testcase time="0.00300000000000011" classname="aaf" name="Test_suite_test_aaf.R"/>
    <testcase time="0.00199999999999889" classname="aaf" name="Test_suite_test_aaf.R"/>
    <testcase time="0.00300000000000011" classname="aaf" name="Test_suite_test_aaf.R"/>
    <testcase time="0.00200000000000067" classname="aaf" name="Test_suite_test_aaf.R"/>
    <testcase time="0.00200000000000067" classname="aaf" name="Test_suite_test_aaf.R"/>
    <testcase time="0.00300000000000011" classname="aaf" name="Test_suite_test_aaf.R"/>
    <testcase time="0.00199999999999889" classname="aaf" name="Test_suite_test_aaf.R"/>
    <testcase time="0.00900000000000034" classname="aaf" name="Test_suite_test_aaf.R"/>
    <testcase time="0.00500000000000078" classname="aaf" name="Test_suite_test_aaf.R"/>
    <testcase time="0.00499999999999901" classname="aaf" name="Test_suite_test_aaf.R"/>
    <testcase time="0.00399999999999956" classname="aaf" name="Test_suite_test_aaf.R"/>
    <testcase time="0.00500000000000078" classname="aaf" name="Test_suite_test_aaf.R"/>
    <testcase time="0.00499999999999901" classname="aaf" name="Test_suite_test_aaf.R"/>
    <testcase time="0.00400000000000134" classname="aaf" name="Test_suite_test_aaf.R"/>
    <testcase time="0.00499999999999901" classname="aaf" name="Test_suite_test_aaf.R"/>
    <testcase time="0.00200000000000067" classname="aaf" name="Test_suite_test_aaf.R"/>
    <testcase time="0.00300000000000011" classname="aaf" name="Test_suite_test_aaf.R"/>
    <testcase time="0.00199999999999889" classname="aaf" name="Test_suite_test_aaf.R"/>
    <testcase time="0.00200000000000067" classname="aaf" name="Test_suite_test_aaf.R"/>
    <testcase time="0.00200000000000067" classname="aaf" name="Test_suite_test_aaf.R"/>
    <testcase time="0.00300000000000011" classname="aaf" name="Test_suite_test_aaf.R"/>
    <testcase time="0.00199999999999889" classname="aaf" name="Test_suite_test_aaf.R"/>
    <testcase time="0.00200000000000067" classname="aaf" name="Test_suite_test_aaf.R"/>
    <testcase time="0.00300000000000011" classname="aaf" name="Test_suite_test_aaf.R"/>
    <testcase time="0.00199999999999889" classname="aaf" name="Test_suite_test_aaf.R"/>
    <testcase time="0.00200000000000067" classname="aaf" name="Test_suite_test_aaf.R"/>
    <testcase time="0.00200000000000067" classname="aaf" name="Test_suite_test_aaf.R"/>
    <testcase time="0.00200000000000067" classname="aaf" name="Test_suite_test_aaf.R"/>
    <testcase time="0.00199999999999889" classname="aaf" name="Test_suite_test_aaf.R"/>
    <testcase time="0.00300000000000011" classname="aaf" name="Test_suite_test_aaf.R"/>
    <testcase time="0.00200000000000067" classname="aaf" name="Test_suite_test_aaf.R"/>
    <testcase time="0.00300000000000011" classname="aaf" name="Test_suite_test_aaf.R"/>
    <testcase time="0.00199999999999889" classname="aaf" name="Test_suite_test_aaf.R"/>
    <testcase time="0.00200000000000067" classname="aaf" name="Test_suite_test_aaf.R"/>
    <testcase time="0.00300000000000011" classname="aaf" name="Test_suite_test_aaf.R"/>
    <testcase time="0.00200000000000067" classname="aaf" name="Test_suite_test_aaf.R"/>
    <testcase time="0.00199999999999889" classname="aaf" name="Test_suite_test_aaf.R"/>
    <testcase time="0.00300000000000011" classname="aaf" name="Test_suite_test_aaf.R"/>
    <testcase time="0.00200000000000067" classname="aaf" name="Test_suite_test_aaf.R"/>
    <testcase time="0.00499999999999901" classname="aaf" name="Test_suite_test_aaf.R"/>
    <testcase time="0.00300000000000011" classname="aaf" name="Test_suite_test_aaf.R"/>
    <testcase time="0.00600000000000023" classname="aaf" name="Test_suite_test_aaf.R"/>
    <testcase time="0.00699999999999967" classname="aaf" name="Test_suite_test_aaf.R"/>
    <testcase time="0.00600000000000023" classname="aaf" name="Test_suite_test_aaf.R"/>
    <testcase time="0.00600000000000023" classname="aaf" name="Test_suite_test_aaf.R"/>
    <testcase time="0.00999999999999979" classname="aaf" name="Test_suite_test_aaf.R"/>
    <testcase time="0.00600000000000023" classname="aaf" name="Test_suite_test_aaf.R"/>
    <testcase time="0.00600000000000023" classname="aaf" name="Test_suite_test_aaf.R"/>
    <testcase time="0.0080000000000009" classname="aaf" name="Test_suite_test_aaf.R"/>
    <testcase time="0.00600000000000023" classname="aaf" name="Test_suite_test_aaf.R"/>
    <testcase time="0.0119999999999987" classname="aaf" name="Test_suite_test_aaf.R"/>
    <testcase time="0.0150000000000006" classname="aaf" name="Test_suite_test_aaf.R"/>
    <testcase time="0.0139999999999993" classname="aaf" name="Test_suite_test_aaf.R"/>
    <testcase time="0.011000000000001" classname="aaf" name="Test_suite_test_aaf.R"/>
    <testcase time="0.0139999999999993" classname="aaf" name="Test_suite_test_aaf.R"/>
    <testcase time="0.00999999999999979" classname="aaf" name="Test_suite_test_aaf.R"/>
    <testcase time="0.00699999999999967" classname="aaf" name="Test_suite_test_aaf.R"/>
    <testcase time="0.00600000000000023" classname="aaf" name="Test_suite_test_aaf.R"/>
    <testcase time="0.00600000000000023" classname="aaf" name="Test_suite_test_aaf.R"/>
    <testcase time="0.0080000000000009" classname="aaf" name="Test_suite_test_aaf.R"/>
    <testcase time="0.0139999999999993" classname="aaf" name="Test_suite_test_aaf.R"/>
    <testcase time="0.0150000000000006" classname="aaf" name="Test_suite_test_aaf.R"/>
    <testcase time="0.0119999999999987" classname="aaf" name="Test_suite_test_aaf.R"/>
    <testcase time="0.00700000000000145" classname="aaf" name="Test_suite_test_aaf.R"/>
    <testcase time="0.00999999999999979" classname="aaf" name="Test_suite_test_aaf.R"/>
    <testcase time="0.00999999999999979" classname="aaf" name="Test_suite_test_aaf.R"/>
    <testcase time="0.00699999999999967" classname="aaf" name="Test_suite_test_aaf.R"/>
    <testcase time="0.0169999999999995" classname="aaf" name="Test_suite_test_aaf.R"/>
    <testcase time="0.00700000000000145" classname="aaf" name="Test_suite_test_aaf.R"/>
    <testcase time="0.0689999999999991" classname="aaf" name="Test_suite_test_aaf.R"/>
    <testcase time="0.00200000000000067" classname="aaf" name="Test_suite_test_aaf.R"/>
    <testcase time="0.00300000000000011" classname="aaf" name="Test_suite_test_aaf.R"/>
    <testcase time="0.00200000000000067" classname="aaf" name="Test_suite_test_aaf.R"/>
    <testcase time="0.00300000000000011" classname="aaf" name="Test_suite_test_aaf.R"/>
    <testcase time="0.00299999999999834" classname="aaf" name="Test_suite_test_aaf.R"/>
    <testcase time="0.00200000000000067" classname="aaf" name="Test_suite_test_aaf.R"/>
    <testcase time="0.00300000000000011" classname="aaf" name="Test_suite_test_aaf.R"/>
    <testcase time="0.00300000000000011" classname="aaf" name="Test_suite_test_aaf.R"/>
    <testcase time="0.00200000000000067" classname="aaf" name="Test_suite_test_aaf.R"/>
    <testcase time="0.00300000000000011" classname="aaf" name="Test_suite_test_aaf.R"/>
    <testcase time="0.00299999999999834" classname="aaf" name="Test_suite_test_aaf.R"/>
    <testcase time="0.00500000000000078" classname="aaf" name="Test_suite_test_aaf.R"/>
    <testcase time="0.00500000000000078" classname="aaf" name="Test_suite_test_aaf.R"/>
    <testcase time="0.00499999999999901" classname="aaf" name="Test_suite_test_aaf.R"/>
    <testcase time="0.00500000000000078" classname="aaf" name="Test_suite_test_aaf.R"/>
    <testcase time="0.00499999999999901" classname="aaf" name="Test_suite_test_aaf.R"/>
    <testcase time="0.00500000000000078" classname="aaf" name="Test_suite_test_aaf.R"/>
    <testcase time="0.00900000000000034" classname="aaf" name="Test_suite_test_aaf.R"/>
    <testcase time="0.00499999999999901" classname="aaf" name="Test_suite_test_aaf.R"/>
    <testcase time="0.00300000000000011" classname="aaf" name="Test_suite_test_aaf.R"/>
    <testcase time="0.00300000000000011" classname="aaf" name="Test_suite_test_aaf.R"/>
    <testcase time="0.00200000000000067" classname="aaf" name="Test_suite_test_aaf.R"/>
    <testcase time="0.00300000000000011" classname="aaf" name="Test_suite_test_aaf.R"/>
    <testcase time="0.00199999999999889" classname="aaf" name="Test_suite_test_aaf.R"/>
    <testcase time="0.00300000000000011" classname="aaf" name="Test_suite_test_aaf.R"/>
    <testcase time="0.00200000000000067" classname="aaf" name="Test_suite_test_aaf.R"/>
    <testcase time="0.00300000000000011" classname="aaf" name="Test_suite_test_aaf.R"/>
    <testcase time="0.00199999999999889" classname="aaf" name="Test_suite_test_aaf.R"/>
    <testcase time="0.00199999999999889" classname="aaf" name="Test_suite_test_aaf.R"/>
    <testcase time="0.00300000000000011" classname="aaf" name="Test_suite_test_aaf.R"/>
    <testcase time="0.00200000000000067" classname="aaf" name="Test_suite_test_aaf.R"/>
    <testcase time="0.00300000000000011" classname="aaf" name="Test_suite_test_aaf.R"/>
    <testcase time="0.00300000000000011" classname="aaf" name="Test_suite_test_aaf.R"/>
    <testcase time="0.00199999999999889" classname="aaf" name="Test_suite_test_aaf.R"/>
    <testcase time="0.00300000000000011" classname="aaf" name="Test_suite_test_aaf.R"/>
    <testcase time="0.00300000000000011" classname="aaf" name="Test_suite_test_aaf.R"/>
    <testcase time="0.00300000000000011" classname="aaf" name="Test_suite_test_aaf.R"/>
    <testcase time="0.00200000000000067" classname="aaf" name="Test_suite_test_aaf.R"/>
    <testcase time="0.00300000000000011" classname="aaf" name="Test_suite_test_aaf.R"/>
    <testcase time="0.00199999999999889" classname="aaf" name="Test_suite_test_aaf.R"/>
    <testcase time="0.00300000000000011" classname="aaf" name="Test_suite_test_aaf.R"/>
    <testcase time="0.00200000000000067" classname="aaf" name="Test_suite_test_aaf.R"/>
    <testcase time="0.00300000000000011" classname="aaf" name="Test_suite_test_aaf.R"/>
    <testcase time="0.00499999999999901" classname="aaf" name="Test_suite_test_aaf.R"/>
    <testcase time="0.00300000000000011" classname="aaf" name="Test_suite_test_aaf.R"/>
    <testcase time="0.00700000000000145" classname="aaf" name="Test_suite_test_aaf.R"/>
    <testcase time="0.00699999999999967" classname="aaf" name="Test_suite_test_aaf.R"/>
    <testcase time="0.00699999999999967" classname="aaf" name="Test_suite_test_aaf.R"/>
    <testcase time="0.00699999999999967" classname="aaf" name="Test_suite_test_aaf.R"/>
    <testcase time="0.011000000000001" classname="aaf" name="Test_suite_test_aaf.R"/>
    <testcase time="0.00599999999999845" classname="aaf" name="Test_suite_test_aaf.R"/>
    <testcase time="0.00700000000000145" classname="aaf" name="Test_suite_test_aaf.R"/>
    <testcase time="0.00699999999999967" classname="aaf" name="Test_suite_test_aaf.R"/>
    <testcase time="0.00699999999999967" classname="aaf" name="Test_suite_test_aaf.R"/>
    <testcase time="0.00799999999999912" classname="aaf" name="Test_suite_test_aaf.R"/>
    <testcase time="0.0200000000000014" classname="aaf" name="Test_suite_test_aaf.R"/>
    <testcase time="0.0149999999999988" classname="aaf" name="Test_suite_test_aaf.R"/>
    <testcase time="0.011000000000001" classname="aaf" name="Test_suite_test_aaf.R"/>
    <testcase time="0.0149999999999988" classname="aaf" name="Test_suite_test_aaf.R"/>
    <testcase time="0.011000000000001" classname="aaf" name="Test_suite_test_aaf.R"/>
    <testcase time="0.00600000000000023" classname="aaf" name="Test_suite_test_aaf.R"/>
    <testcase time="0.00699999999999967" classname="aaf" name="Test_suite_test_aaf.R"/>
    <testcase time="0.00699999999999967" classname="aaf" name="Test_suite_test_aaf.R"/>
    <testcase time="0.0080000000000009" classname="aaf" name="Test_suite_test_aaf.R"/>
    <testcase time="0.0139999999999993" classname="aaf" name="Test_suite_test_aaf.R"/>
    <testcase time="0.016" classname="aaf" name="Test_suite_test_aaf.R"/>
    <testcase time="0.0129999999999999" classname="aaf" name="Test_suite_test_aaf.R"/>
    <testcase time="0.0080000000000009" classname="aaf" name="Test_suite_test_aaf.R"/>
    <testcase time="0.00999999999999979" classname="aaf" name="Test_suite_test_aaf.R"/>
    <testcase time="0.0109999999999992" classname="aaf" name="Test_suite_test_aaf.R"/>
    <testcase time="0.00600000000000023" classname="aaf" name="Test_suite_test_aaf.R"/>
    <testcase time="0.0180000000000007" classname="aaf" name="Test_suite_test_aaf.R"/>
    <testcase time="0.00799999999999912" classname="aaf" name="Test_suite_test_aaf.R"/>
    <testcase time="0.0700000000000003" classname="aaf" name="Test_suite_test_aaf.R"/>
    <testcase time="0.00200000000000067" classname="aaf" name="Test_suite_test_aaf.R"/>
    <testcase time="0.00300000000000011" classname="aaf" name="Test_suite_test_aaf.R"/>
    <testcase time="0.00299999999999834" classname="aaf" name="Test_suite_test_aaf.R"/>
    <testcase time="0.00300000000000011" classname="aaf" name="Test_suite_test_aaf.R"/>
    <testcase time="0.00300000000000011" classname="aaf" name="Test_suite_test_aaf.R"/>
    <testcase time="0.00300000000000011" classname="aaf" name="Test_suite_test_aaf.R"/>
    <testcase time="0.00300000000000011" classname="aaf" name="Test_suite_test_aaf.R"/>
    <testcase time="0.00300000000000011" classname="aaf" name="Test_suite_test_aaf.R"/>
    <testcase time="0.00300000000000011" classname="aaf" name="Test_suite_test_aaf.R"/>
    <testcase time="0.00300000000000011" classname="aaf" name="Test_suite_test_aaf.R"/>
    <testcase time="0.00300000000000011" classname="aaf" name="Test_suite_test_aaf.R"/>
    <testcase time="0.00499999999999901" classname="aaf" name="Test_suite_test_aaf.R"/>
    <testcase time="0.00600000000000023" classname="aaf" name="Test_suite_test_aaf.R"/>
    <testcase time="0.00500000000000078" classname="aaf" name="Test_suite_test_aaf.R"/>
    <testcase time="0.00600000000000023" classname="aaf" name="Test_suite_test_aaf.R"/>
    <testcase time="0.00999999999999979" classname="aaf" name="Test_suite_test_aaf.R"/>
    <testcase time="0.00499999999999901" classname="aaf" name="Test_suite_test_aaf.R"/>
    <testcase time="0.00500000000000078" classname="aaf" name="Test_suite_test_aaf.R"/>
    <testcase time="0.00500000000000078" classname="aaf" name="Test_suite_test_aaf.R"/>
    <testcase time="0.00300000000000011" classname="aaf" name="Test_suite_test_aaf.R"/>
    <testcase time="0.00299999999999834" classname="aaf" name="Test_suite_test_aaf.R"/>
    <testcase time="0.00300000000000011" classname="aaf" name="Test_suite_test_aaf.R"/>
    <testcase time="0.00300000000000011" classname="aaf" name="Test_suite_test_aaf.R"/>
    <testcase time="0.00300000000000011" classname="aaf" name="Test_suite_test_aaf.R"/>
    <testcase time="0.00200000000000067" classname="aaf" name="Test_suite_test_aaf.R"/>
    <testcase time="0.00300000000000011" classname="aaf" name="Test_suite_test_aaf.R"/>
    <testcase time="0.00300000000000011" classname="aaf" name="Test_suite_test_aaf.R"/>
    <testcase time="0.00300000000000011" classname="aaf" name="Test_suite_test_aaf.R"/>
    <testcase time="0.00300000000000011" classname="aaf" name="Test_suite_test_aaf.R"/>
    <testcase time="0.00300000000000011" classname="aaf" name="Test_suite_test_aaf.R"/>
    <testcase time="0.00300000000000011" classname="aaf" name="Test_suite_test_aaf.R"/>
    <testcase time="0.00199999999999889" classname="aaf" name="Test_suite_test_aaf.R"/>
    <testcase time="0.00399999999999956" classname="aaf" name="Test_suite_test_aaf.R"/>
    <testcase time="0.00200000000000067" classname="aaf" name="Test_suite_test_aaf.R"/>
    <testcase time="0.00300000000000011" classname="aaf" name="Test_suite_test_aaf.R"/>
    <testcase time="0.00300000000000011" classname="aaf" name="Test_suite_test_aaf.R"/>
    <testcase time="0.00200000000000067" classname="aaf" name="Test_suite_test_aaf.R"/>
    <testcase time="0.00300000000000011" classname="aaf" name="Test_suite_test_aaf.R"/>
    <testcase time="0.00300000000000011" classname="aaf" name="Test_suite_test_aaf.R"/>
    <testcase time="0.00300000000000011" classname="aaf" name="Test_suite_test_aaf.R"/>
    <testcase time="0.00300000000000011" classname="aaf" name="Test_suite_test_aaf.R"/>
    <testcase time="0.00299999999999834" classname="aaf" name="Test_suite_test_aaf.R"/>
    <testcase time="0.00300000000000011" classname="aaf" name="Test_suite_test_aaf.R"/>
    <testcase time="0.00500000000000078" classname="aaf" name="Test_suite_test_aaf.R"/>
    <testcase time="0.00399999999999956" classname="aaf" name="Test_suite_test_aaf.R"/>
    <testcase time="0.00600000000000023" classname="aaf" name="Test_suite_test_aaf.R"/>
    <testcase time="0.00699999999999967" classname="aaf" name="Test_suite_test_aaf.R"/>
    <testcase time="0.00699999999999967" classname="aaf" name="Test_suite_test_aaf.R"/>
    <testcase time="0.0080000000000009" classname="aaf" name="Test_suite_test_aaf.R"/>
    <testcase time="0.0109999999999992" classname="aaf" name="Test_suite_test_aaf.R"/>
    <testcase time="0.00700000000000145" classname="aaf" name="Test_suite_test_aaf.R"/>
    <testcase time="0.00699999999999967" classname="aaf" name="Test_suite_test_aaf.R"/>
    <testcase time="0.0139999999999993" classname="aaf" name="Test_suite_test_aaf.R"/>
    <testcase time="0.00699999999999967" classname="aaf" name="Test_suite_test_aaf.R"/>
    <testcase time="0.00900000000000034" classname="aaf" name="Test_suite_test_aaf.R"/>
    <testcase time="0.016" classname="aaf" name="Test_suite_test_aaf.R"/>
    <testcase time="0.0150000000000006" classname="aaf" name="Test_suite_test_aaf.R"/>
    <testcase time="0.0109999999999992" classname="aaf" name="Test_suite_test_aaf.R"/>
    <testcase time="0.016" classname="aaf" name="Test_suite_test_aaf.R"/>
    <testcase time="0.011000000000001" classname="aaf" name="Test_suite_test_aaf.R"/>
    <testcase time="0.00699999999999967" classname="aaf" name="Test_suite_test_aaf.R"/>
    <testcase time="0.00699999999999967" classname="aaf" name="Test_suite_test_aaf.R"/>
    <testcase time="0.00699999999999967" classname="aaf" name="Test_suite_test_aaf.R"/>
    <testcase time="0.00900000000000034" classname="aaf" name="Test_suite_test_aaf.R"/>
    <testcase time="0.0139999999999993" classname="aaf" name="Test_suite_test_aaf.R"/>
    <testcase time="0.0150000000000006" classname="aaf" name="Test_suite_test_aaf.R"/>
    <testcase time="0.0169999999999995" classname="aaf" name="Test_suite_test_aaf.R"/>
    <testcase time="0.0080000000000009" classname="aaf" name="Test_suite_test_aaf.R"/>
    <testcase time="0.00999999999999979" classname="aaf" name="Test_suite_test_aaf.R"/>
    <testcase time="0.00600000000000023" classname="aaf" name="Test_suite_test_aaf.R"/>
    <testcase time="0.00699999999999967" classname="aaf" name="Test_suite_test_aaf.R"/>
    <testcase time="0.0180000000000007" classname="aaf" name="Test_suite_test_aaf.R"/>
    <testcase time="0.00799999999999912" classname="aaf" name="Test_suite_test_aaf.R"/>
    <testcase time="0.072000000000001" classname="aaf" name="Test_suite_test_aaf.R"/>
    <testcase time="0.00399999999999956" classname="aaf" name="Test_suite_test_aaf.R"/>
    <testcase time="0.00300000000000011" classname="aaf" name="Test_suite_test_aaf.R"/>
    <testcase time="0.00300000000000011" classname="aaf" name="Test_suite_test_aaf.R"/>
    <testcase time="0.00300000000000011" classname="aaf" name="Test_suite_test_aaf.R"/>
    <testcase time="0.00399999999999956" classname="aaf" name="Test_suite_test_aaf.R"/>
    <testcase time="0.00300000000000011" classname="aaf" name="Test_suite_test_aaf.R"/>
    <testcase time="0.00399999999999956" classname="aaf" name="Test_suite_test_aaf.R"/>
    <testcase time="0.00300000000000011" classname="aaf" name="Test_suite_test_aaf.R"/>
    <testcase time="0.00300000000000011" classname="aaf" name="Test_suite_test_aaf.R"/>
    <testcase time="0.00699999999999967" classname="aaf" name="Test_suite_test_aaf.R"/>
    <testcase time="0.00399999999999956" classname="aaf" name="Test_suite_test_aaf.R"/>
    <testcase time="0.00500000000000078" classname="aaf" name="Test_suite_test_aaf.R"/>
    <testcase time="0.00600000000000023" classname="aaf" name="Test_suite_test_aaf.R"/>
    <testcase time="0.00600000000000023" classname="aaf" name="Test_suite_test_aaf.R"/>
    <testcase time="0.00499999999999901" classname="aaf" name="Test_suite_test_aaf.R"/>
    <testcase time="0.00600000000000023" classname="aaf" name="Test_suite_test_aaf.R"/>
    <testcase time="0.00500000000000078" classname="aaf" name="Test_suite_test_aaf.R"/>
    <testcase time="0.00600000000000023" classname="aaf" name="Test_suite_test_aaf.R"/>
    <testcase time="0.00499999999999901" classname="aaf" name="Test_suite_test_aaf.R"/>
    <testcase time="0.00300000000000011" classname="aaf" name="Test_suite_test_aaf.R"/>
    <testcase time="0.00399999999999956" classname="aaf" name="Test_suite_test_aaf.R"/>
    <testcase time="0.00300000000000011" classname="aaf" name="Test_suite_test_aaf.R"/>
    <testcase time="0.00300000000000011" classname="aaf" name="Test_suite_test_aaf.R"/>
    <testcase time="0.00300000000000011" classname="aaf" name="Test_suite_test_aaf.R"/>
    <testcase time="0.00300000000000011" classname="aaf" name="Test_suite_test_aaf.R"/>
    <testcase time="0.00300000000000011" classname="aaf" name="Test_suite_test_aaf.R"/>
    <testcase time="0.00300000000000011" classname="aaf" name="Test_suite_test_aaf.R"/>
    <testcase time="0.00300000000000011" classname="aaf" name="Test_suite_test_aaf.R"/>
    <testcase time="0.00300000000000011" classname="aaf" name="Test_suite_test_aaf.R"/>
    <testcase time="0.00300000000000011" classname="aaf" name="Test_suite_test_aaf.R"/>
    <testcase time="0.00300000000000011" classname="aaf" name="Test_suite_test_aaf.R"/>
    <testcase time="0.00399999999999956" classname="aaf" name="Test_suite_test_aaf.R"/>
    <testcase time="0.00300000000000011" classname="aaf" name="Test_suite_test_aaf.R"/>
    <testcase time="0.00399999999999956" classname="aaf" name="Test_suite_test_aaf.R"/>
    <testcase time="0.00300000000000011" classname="aaf" name="Test_suite_test_aaf.R"/>
    <testcase time="0.00300000000000011" classname="aaf" name="Test_suite_test_aaf.R"/>
    <testcase time="0.00300000000000011" classname="aaf" name="Test_suite_test_aaf.R"/>
    <testcase time="0.00300000000000011" classname="aaf" name="Test_suite_test_aaf.R"/>
    <testcase time="0.00300000000000011" classname="aaf" name="Test_suite_test_aaf.R"/>
    <testcase time="0.00300000000000011" classname="aaf" name="Test_suite_test_aaf.R"/>
    <testcase time="0.00300000000000011" classname="aaf" name="Test_suite_test_aaf.R"/>
    <testcase time="0.00300000000000011" classname="aaf" name="Test_suite_test_aaf.R"/>
    <testcase time="0.00300000000000011" classname="aaf" name="Test_suite_test_aaf.R"/>
    <testcase time="0.00600000000000023" classname="aaf" name="Test_suite_test_aaf.R"/>
    <testcase time="0.00300000000000011" classname="aaf" name="Test_suite_test_aaf.R"/>
    <testcase time="0.00699999999999967" classname="aaf" name="Test_suite_test_aaf.R"/>
    <testcase time="0.011000000000001" classname="aaf" name="Test_suite_test_aaf.R"/>
    <testcase time="0.00799999999999912" classname="aaf" name="Test_suite_test_aaf.R"/>
    <testcase time="0.00699999999999967" classname="aaf" name="Test_suite_test_aaf.R"/>
    <testcase time="0.011000000000001" classname="aaf" name="Test_suite_test_aaf.R"/>
    <testcase time="0.00699999999999967" classname="aaf" name="Test_suite_test_aaf.R"/>
    <testcase time="0.00699999999999967" classname="aaf" name="Test_suite_test_aaf.R"/>
    <testcase time="0.0080000000000009" classname="aaf" name="Test_suite_test_aaf.R"/>
    <testcase time="0.00699999999999967" classname="aaf" name="Test_suite_test_aaf.R"/>
    <testcase time="0.00900000000000034" classname="aaf" name="Test_suite_test_aaf.R"/>
    <testcase time="0.0149999999999988" classname="aaf" name="Test_suite_test_aaf.R"/>
    <testcase time="0.0180000000000007" classname="aaf" name="Test_suite_test_aaf.R"/>
    <testcase time="0.0120000000000005" classname="aaf" name="Test_suite_test_aaf.R"/>
    <testcase time="0.016" classname="aaf" name="Test_suite_test_aaf.R"/>
    <testcase time="0.0109999999999992" classname="aaf" name="Test_suite_test_aaf.R"/>
    <testcase time="0.00699999999999967" classname="aaf" name="Test_suite_test_aaf.R"/>
    <testcase time="0.00699999999999967" classname="aaf" name="Test_suite_test_aaf.R"/>
    <testcase time="0.0120000000000005" classname="aaf" name="Test_suite_test_aaf.R"/>
    <testcase time="0.0080000000000009" classname="aaf" name="Test_suite_test_aaf.R"/>
    <testcase time="0.0139999999999993" classname="aaf" name="Test_suite_test_aaf.R"/>
    <testcase time="0.0150000000000006" classname="aaf" name="Test_suite_test_aaf.R"/>
    <testcase time="0.0129999999999999" classname="aaf" name="Test_suite_test_aaf.R"/>
    <testcase time="0.00799999999999912" classname="aaf" name="Test_suite_test_aaf.R"/>
    <testcase time="0.00999999999999979" classname="aaf" name="Test_suite_test_aaf.R"/>
    <testcase time="0.0080000000000009" classname="aaf" name="Test_suite_test_aaf.R"/>
    <testcase time="0.00699999999999967" classname="aaf" name="Test_suite_test_aaf.R"/>
    <testcase time="0.0180000000000007" classname="aaf" name="Test_suite_test_aaf.R"/>
    <testcase time="0.00899999999999856" classname="aaf" name="Test_suite_test_aaf.R"/>
    <testcase time="0.00500000000000078" classname="aaf" name="Test_suite_test_aaf.R"/>
    <testcase time="0.0459999999999994" classname="aaf" name="Test_suite_test_aaf.R"/>
    <testcase time="0.0440000000000005" classname="aaf" name="Test_suite_test_aaf.R"/>
    <testcase time="0.027000000000001" classname="aaf" name="Test_suite_test_aaf.R"/>
    <testcase time="0.104999999999999" classname="aaf" name="Test_suite_test_aaf.R"/>
    <testcase time="0.00999999999999979" classname="aaf" name="Test_suite_test_aaf.R"/>
    <testcase time="3.743" classname="aaf" name="Test_suite_test_aaf.R"/>
    <testcase time="0.00700000000000145" classname="aaf" name="Test_suite_test_aaf.R"/>
    <testcase time="0.0069999999999979" classname="aaf" name="Test_suite_test_aaf.R"/>
    <testcase time="0.0180000000000007" classname="aaf" name="Test_suite_test_aaf.R"/>
    <testcase time="0.0640000000000001" classname="aaf" name="Test_suite_test_aaf.R"/>
    <testcase time="0.0570000000000022" classname="aaf" name="Test_suite_test_aaf.R"/>
    <testcase time="0.104999999999997" classname="aaf" name="Test_suite_test_aaf.R"/>
    <testcase time="0.00300000000000011" classname="aaf" name="Test_suite_test_aaf.R"/>
    <testcase time="0.00400000000000134" classname="aaf" name="Test_suite_test_aaf.R"/>
    <testcase time="0.00300000000000011" classname="aaf" name="Test_suite_test_aaf.R"/>
    <testcase time="0.027000000000001" classname="aaf" name="Test_suite_test_aaf.R"/>
    <testcase time="0.00600000000000023" classname="aaf" name="Test_suite_test_aaf.R"/>
    <testcase time="0.00499999999999901" classname="aaf" name="Test_suite_test_aaf.R"/>
  </testsuite>
  <testsuite name="aag" timestamp="2025-10-05T20:48:05Z" hostname="473b9c209b7f" tests="19" skipped="0" failures="0" errors="0" time="0.318">
    <testcase time="0.0120000000000005" classname="aag" name="Test_suite_test_aag.R"/>
    <testcase time="0.00600000000000023" classname="aag" name="Test_suite_test_aag.R"/>
    <testcase time="0.00300000000000011" classname="aag" name="Test_suite_test_aag.R"/>
    <testcase time="0.00199999999999889" classname="aag" name="Test_suite_test_aag.R"/>
    <testcase time="0.00400000000000134" classname="aag" name="Test_suite_test_aag.R"/>
    <testcase time="0.00600000000000023" classname="aag" name="Test_suite_test_aag.R"/>
    <testcase time="0.00499999999999901" classname="aag" name="Test_suite_test_aag.R"/>
    <testcase time="0.0120000000000005" classname="aag" name="Test_suite_test_aag.R"/>
    <testcase time="0.0150000000000006" classname="aag" name="Test_suite_test_aag.R"/>
    <testcase time="0.0179999999999971" classname="aag" name="Test_suite_test_aag.R"/>
    <testcase time="0.00900000000000034" classname="aag" name="Test_suite_test_aag.R"/>
    <testcase time="0.00700000000000145" classname="aag" name="Test_suite_test_aag.R"/>
    <testcase time="0.0139999999999993" classname="aag" name="Test_suite_test_aag.R"/>
    <testcase time="0.00499999999999901" classname="aag" name="Test_suite_test_aag.R"/>
    <testcase time="0.00400000000000134" classname="aag" name="Test_suite_test_aag.R"/>
    <testcase time="0.0940000000000012" classname="aag" name="Test_suite_test_aag.R"/>
    <testcase time="0.0489999999999995" classname="aag" name="Test_suite_test_aag.R"/>
    <testcase time="0.0410000000000004" classname="aag" name="Test_suite_test_aag.R"/>
    <testcase time="0.0119999999999969" classname="aag" name="Test_suite_test_aag.R"/>
  </testsuite>
  <testsuite name="aah" timestamp="2025-10-05T20:48:05Z" hostname="473b9c209b7f" tests="17" skipped="0" failures="0" errors="0" time="0.402">
    <testcase time="0.0230000000000032" classname="aah" name="Test_suite_test_aah.R"/>
    <testcase time="0.0159999999999982" classname="aah" name="Test_suite_test_aah.R"/>
    <testcase time="0.0229999999999997" classname="aah" name="Test_suite_test_aah.R"/>
    <testcase time="0.0300000000000011" classname="aah" name="Test_suite_test_aah.R"/>
    <testcase time="0.0249999999999986" classname="aah" name="Test_suite_test_aah.R"/>
    <testcase time="0.0289999999999999" classname="aah" name="Test_suite_test_aah.R"/>
    <testcase time="0.0390000000000015" classname="aah" name="Test_suite_test_aah.R"/>
    <testcase time="0.0240000000000009" classname="aah" name="Test_suite_test_aah.R"/>
    <testcase time="0.0209999999999972" classname="aah" name="Test_suite_test_aah.R"/>
    <testcase time="0.0420000000000016" classname="aah" name="Test_suite_test_aah.R"/>
    <testcase time="0.0240000000000009" classname="aah" name="Test_suite_test_aah.R"/>
    <testcase time="0.0219999999999985" classname="aah" name="Test_suite_test_aah.R"/>
    <testcase time="0.0229999999999997" classname="aah" name="Test_suite_test_aah.R"/>
    <testcase time="0.00600000000000023" classname="aah" name="Test_suite_test_aah.R"/>
    <testcase time="0.0160000000000018" classname="aah" name="Test_suite_test_aah.R"/>
    <testcase time="0.0189999999999984" classname="aah" name="Test_suite_test_aah.R"/>
    <testcase time="0.0199999999999996" classname="aah" name="Test_suite_test_aah.R"/>
  </testsuite>
</testsuites>
