<?xml version="1.0" encoding="UTF-8"?>
<testsuites>
  <testsuite name="aaa" timestamp="2025-06-08T08:47:57Z" hostname="b8ca3ae4d0d6" tests="74" skipped="0" failures="0" errors="0" time="3.853">
    <testcase time="0.134" classname="aaa" name="Test_suite_aaa.R"/>
    <testcase time="0.044" classname="aaa" name="Test_suite_aaa.R"/>
    <testcase time="0.034" classname="aaa" name="Test_suite_aaa.R"/>
    <testcase time="0.0329999999999999" classname="aaa" name="Test_suite_aaa.R"/>
    <testcase time="0.046" classname="aaa" name="Test_suite_aaa.R"/>
    <testcase time="0.0250000000000001" classname="aaa" name="Test_suite_aaa.R"/>
    <testcase time="0.0329999999999999" classname="aaa" name="Test_suite_aaa.R"/>
    <testcase time="0.0169999999999999" classname="aaa" name="Test_suite_aaa.R"/>
    <testcase time="0.00700000000000012" classname="aaa" name="Test_suite_aaa.R"/>
    <testcase time="0.0179999999999998" classname="aaa" name="Test_suite_aaa.R"/>
    <testcase time="0.0209999999999999" classname="aaa" name="Test_suite_aaa.R"/>
    <testcase time="0.0250000000000004" classname="aaa" name="Test_suite_aaa.R"/>
    <testcase time="0.028" classname="aaa" name="Test_suite_aaa.R"/>
    <testcase time="0.0329999999999999" classname="aaa" name="Test_suite_aaa.R"/>
    <testcase time="0.036" classname="aaa" name="Test_suite_aaa.R"/>
    <testcase time="0.0139999999999998" classname="aaa" name="Test_suite_aaa.R"/>
    <testcase time="0.0190000000000001" classname="aaa" name="Test_suite_aaa.R"/>
    <testcase time="0.032" classname="aaa" name="Test_suite_aaa.R"/>
    <testcase time="0.0419999999999998" classname="aaa" name="Test_suite_aaa.R"/>
    <testcase time="0.069" classname="aaa" name="Test_suite_aaa.R"/>
    <testcase time="0.00300000000000011" classname="aaa" name="Test_suite_aaa.R"/>
    <testcase time="0.00800000000000001" classname="aaa" name="Test_suite_aaa.R"/>
    <testcase time="0.0110000000000001" classname="aaa" name="Test_suite_aaa.R"/>
    <testcase time="0.0299999999999998" classname="aaa" name="Test_suite_aaa.R"/>
    <testcase time="0.0340000000000003" classname="aaa" name="Test_suite_aaa.R"/>
    <testcase time="0.0499999999999998" classname="aaa" name="Test_suite_aaa.R"/>
    <testcase time="0.04" classname="aaa" name="Test_suite_aaa.R"/>
    <testcase time="0.024" classname="aaa" name="Test_suite_aaa.R"/>
    <testcase time="0.0449999999999999" classname="aaa" name="Test_suite_aaa.R"/>
    <testcase time="0.0220000000000002" classname="aaa" name="Test_suite_aaa.R"/>
    <testcase time="0.0249999999999999" classname="aaa" name="Test_suite_aaa.R"/>
    <testcase time="0.0329999999999999" classname="aaa" name="Test_suite_aaa.R"/>
    <testcase time="0.0529999999999999" classname="aaa" name="Test_suite_aaa.R"/>
    <testcase time="0.0750000000000002" classname="aaa" name="Test_suite_aaa.R"/>
    <testcase time="0.00999999999999979" classname="aaa" name="Test_suite_aaa.R"/>
    <testcase time="0.0310000000000001" classname="aaa" name="Test_suite_aaa.R"/>
    <testcase time="0.105" classname="aaa" name="Test_suite_aaa.R"/>
    <testcase time="1.42" classname="aaa" name="Test_suite_aaa.R"/>
    <testcase time="0.024" classname="aaa" name="Test_suite_aaa.R"/>
    <testcase time="0.0199999999999996" classname="aaa" name="Test_suite_aaa.R"/>
    <testcase time="0.0250000000000004" classname="aaa" name="Test_suite_aaa.R"/>
    <testcase time="0.0359999999999996" classname="aaa" name="Test_suite_aaa.R"/>
    <testcase time="0.0170000000000003" classname="aaa" name="Test_suite_aaa.R"/>
    <testcase time="0.032" classname="aaa" name="Test_suite_aaa.R"/>
    <testcase time="0.016" classname="aaa" name="Test_suite_aaa.R"/>
    <testcase time="0.00699999999999967" classname="aaa" name="Test_suite_aaa.R"/>
    <testcase time="0.0170000000000003" classname="aaa" name="Test_suite_aaa.R"/>
    <testcase time="0.0199999999999996" classname="aaa" name="Test_suite_aaa.R"/>
    <testcase time="0.0250000000000004" classname="aaa" name="Test_suite_aaa.R"/>
    <testcase time="0.0270000000000001" classname="aaa" name="Test_suite_aaa.R"/>
    <testcase time="0.0350000000000001" classname="aaa" name="Test_suite_aaa.R"/>
    <testcase time="0.0349999999999993" classname="aaa" name="Test_suite_aaa.R"/>
    <testcase time="0.0140000000000002" classname="aaa" name="Test_suite_aaa.R"/>
    <testcase time="0.0170000000000003" classname="aaa" name="Test_suite_aaa.R"/>
    <testcase time="0.0259999999999998" classname="aaa" name="Test_suite_aaa.R"/>
    <testcase time="0.04" classname="aaa" name="Test_suite_aaa.R"/>
    <testcase time="0.0709999999999997" classname="aaa" name="Test_suite_aaa.R"/>
    <testcase time="0.00300000000000011" classname="aaa" name="Test_suite_aaa.R"/>
    <testcase time="0.0110000000000001" classname="aaa" name="Test_suite_aaa.R"/>
    <testcase time="0.00999999999999979" classname="aaa" name="Test_suite_aaa.R"/>
    <testcase time="0.0280000000000005" classname="aaa" name="Test_suite_aaa.R"/>
    <testcase time="0.0300000000000002" classname="aaa" name="Test_suite_aaa.R"/>
    <testcase time="0.0309999999999997" classname="aaa" name="Test_suite_aaa.R"/>
    <testcase time="0.0410000000000004" classname="aaa" name="Test_suite_aaa.R"/>
    <testcase time="0.0209999999999999" classname="aaa" name="Test_suite_aaa.R"/>
    <testcase time="0.0449999999999999" classname="aaa" name="Test_suite_aaa.R"/>
    <testcase time="0.0250000000000004" classname="aaa" name="Test_suite_aaa.R"/>
    <testcase time="0.0309999999999997" classname="aaa" name="Test_suite_aaa.R"/>
    <testcase time="0.04" classname="aaa" name="Test_suite_aaa.R"/>
    <testcase time="0.0590000000000002" classname="aaa" name="Test_suite_aaa.R"/>
    <testcase time="0.0990000000000002" classname="aaa" name="Test_suite_aaa.R"/>
    <testcase time="0.016" classname="aaa" name="Test_suite_aaa.R"/>
    <testcase time="0.04" classname="aaa" name="Test_suite_aaa.R"/>
    <testcase time="0.0899999999999999" classname="aaa" name="Test_suite_aaa.R"/>
  </testsuite>
  <testsuite name="aab" timestamp="2025-06-08T08:48:02Z" hostname="b8ca3ae4d0d6" tests="12" skipped="0" failures="0" errors="0" time="2.908">
    <testcase time="1.471" classname="aab" name="Test_suite_aab.R"/>
    <testcase time="0.132" classname="aab" name="Test_suite_aab.R"/>
    <testcase time="0.12" classname="aab" name="Test_suite_aab.R"/>
    <testcase time="0.122" classname="aab" name="Test_suite_aab.R"/>
    <testcase time="0.122" classname="aab" name="Test_suite_aab.R"/>
    <testcase time="0.108" classname="aab" name="Test_suite_aab.R"/>
    <testcase time="0.101" classname="aab" name="Test_suite_aab.R"/>
    <testcase time="0.122" classname="aab" name="Test_suite_aab.R"/>
    <testcase time="0.116000000000001" classname="aab" name="Test_suite_aab.R"/>
    <testcase time="0.121999999999999" classname="aab" name="Test_suite_aab.R"/>
    <testcase time="0.365" classname="aab" name="Test_suite_aab.R"/>
    <testcase time="0.00699999999999967" classname="aab" name="Test_suite_aab.R"/>
  </testsuite>
  <testsuite name="aac" timestamp="2025-06-08T08:48:04Z" hostname="b8ca3ae4d0d6" tests="26" skipped="0" failures="0" errors="0" time="0.595">
    <testcase time="0.0520000000000014" classname="aac" name="Test_suite_aac.R"/>
    <testcase time="0.0279999999999987" classname="aac" name="Test_suite_aac.R"/>
    <testcase time="0.0350000000000001" classname="aac" name="Test_suite_aac.R"/>
    <testcase time="0.0360000000000014" classname="aac" name="Test_suite_aac.R"/>
    <testcase time="0.0419999999999998" classname="aac" name="Test_suite_aac.R"/>
    <testcase time="0.0429999999999993" classname="aac" name="Test_suite_aac.R"/>
    <testcase time="0.0389999999999997" classname="aac" name="Test_suite_aac.R"/>
    <testcase time="0.0280000000000005" classname="aac" name="Test_suite_aac.R"/>
    <testcase time="0.00500000000000078" classname="aac" name="Test_suite_aac.R"/>
    <testcase time="0.00799999999999912" classname="aac" name="Test_suite_aac.R"/>
    <testcase time="0.043000000000001" classname="aac" name="Test_suite_aac.R"/>
    <testcase time="0.0459999999999994" classname="aac" name="Test_suite_aac.R"/>
    <testcase time="0.077" classname="aac" name="Test_suite_aac.R"/>
    <testcase time="0.00600000000000023" classname="aac" name="Test_suite_aac.R"/>
    <testcase time="0.00499999999999901" classname="aac" name="Test_suite_aac.R"/>
    <testcase time="0.027000000000001" classname="aac" name="Test_suite_aac.R"/>
    <testcase time="0.00399999999999956" classname="aac" name="Test_suite_aac.R"/>
    <testcase time="0.00399999999999956" classname="aac" name="Test_suite_aac.R"/>
    <testcase time="0.00399999999999956" classname="aac" name="Test_suite_aac.R"/>
    <testcase time="0.00400000000000134" classname="aac" name="Test_suite_aac.R"/>
    <testcase time="0.00399999999999956" classname="aac" name="Test_suite_aac.R"/>
    <testcase time="0.00399999999999956" classname="aac" name="Test_suite_aac.R"/>
    <testcase time="0.00399999999999956" classname="aac" name="Test_suite_aac.R"/>
    <testcase time="0.0140000000000011" classname="aac" name="Test_suite_aac.R"/>
    <testcase time="0.016" classname="aac" name="Test_suite_aac.R"/>
    <testcase time="0.0169999999999995" classname="aac" name="Test_suite_aac.R"/>
  </testsuite>
  <testsuite name="aad" timestamp="2025-06-08T08:48:04Z" hostname="b8ca3ae4d0d6" tests="1" skipped="0" failures="0" errors="0" time="0.23">
    <testcase time="0.23" classname="aad" name="Test_suite_aad.R_Degen_s_eight_square_identity"/>
  </testsuite>
  <testsuite name="aae" timestamp="2025-06-08T08:48:05Z" hostname="b8ca3ae4d0d6" tests="13" skipped="0" failures="0" errors="0" time="0.062">
    <testcase time="0.00699999999999967" classname="aae" name="Test_suite_test_aae.R"/>
    <testcase time="0.00200000000000067" classname="aae" name="Test_suite_test_aae.R"/>
    <testcase time="0.00499999999999901" classname="aae" name="Test_suite_test_aae.R"/>
    <testcase time="0.00400000000000134" classname="aae" name="Test_suite_test_aae.R"/>
    <testcase time="0.00399999999999956" classname="aae" name="Test_suite_test_aae.R"/>
    <testcase time="0.00499999999999901" classname="aae" name="Test_suite_test_aae.R"/>
    <testcase time="0.00300000000000011" classname="aae" name="Test_suite_test_aae.R"/>
    <testcase time="0.00400000000000134" classname="aae" name="Test_suite_test_aae.R"/>
    <testcase time="0.00199999999999889" classname="aae" name="Test_suite_test_aae.R"/>
    <testcase time="0.00399999999999956" classname="aae" name="Test_suite_test_aae.R"/>
    <testcase time="0.00500000000000078" classname="aae" name="Test_suite_test_aae.R"/>
    <testcase time="0.0139999999999993" classname="aae" name="Test_suite_test_aae.R"/>
    <testcase time="0.00300000000000011" classname="aae" name="Test_suite_test_aae.R"/>
  </testsuite>
  <testsuite name="aaf" timestamp="2025-06-08T08:48:05Z" hostname="b8ca3ae4d0d6" tests="389" skipped="0" failures="0" errors="0" time="6.678">
    <testcase time="0.0800000000000001" classname="aaf" name="Test_suite_test_aaf.R"/>
    <testcase time="0.00200000000000067" classname="aaf" name="Test_suite_test_aaf.R"/>
    <testcase time="0.00199999999999889" classname="aaf" name="Test_suite_test_aaf.R"/>
    <testcase time="0.00200000000000067" classname="aaf" name="Test_suite_test_aaf.R"/>
    <testcase time="0.00200000000000067" classname="aaf" name="Test_suite_test_aaf.R"/>
    <testcase time="0.00300000000000011" classname="aaf" name="Test_suite_test_aaf.R"/>
    <testcase time="0.00199999999999889" classname="aaf" name="Test_suite_test_aaf.R"/>
    <testcase time="0.00300000000000011" classname="aaf" name="Test_suite_test_aaf.R"/>
    <testcase time="0.00200000000000067" classname="aaf" name="Test_suite_test_aaf.R"/>
    <testcase time="0.00199999999999889" classname="aaf" name="Test_suite_test_aaf.R"/>
    <testcase time="0.00200000000000067" classname="aaf" name="Test_suite_test_aaf.R"/>
    <testcase time="0.00200000000000067" classname="aaf" name="Test_suite_test_aaf.R"/>
    <testcase time="0.00499999999999901" classname="aaf" name="Test_suite_test_aaf.R"/>
    <testcase time="0.00500000000000078" classname="aaf" name="Test_suite_test_aaf.R"/>
    <testcase time="0.00399999999999956" classname="aaf" name="Test_suite_test_aaf.R"/>
    <testcase time="0.00399999999999956" classname="aaf" name="Test_suite_test_aaf.R"/>
    <testcase time="0.00500000000000078" classname="aaf" name="Test_suite_test_aaf.R"/>
    <testcase time="0.00399999999999956" classname="aaf" name="Test_suite_test_aaf.R"/>
    <testcase time="0.00399999999999956" classname="aaf" name="Test_suite_test_aaf.R"/>
    <testcase time="0.00500000000000078" classname="aaf" name="Test_suite_test_aaf.R"/>
    <testcase time="0.00200000000000067" classname="aaf" name="Test_suite_test_aaf.R"/>
    <testcase time="0.00199999999999889" classname="aaf" name="Test_suite_test_aaf.R"/>
    <testcase time="0.00300000000000011" classname="aaf" name="Test_suite_test_aaf.R"/>
    <testcase time="0.00699999999999967" classname="aaf" name="Test_suite_test_aaf.R"/>
    <testcase time="0.00200000000000067" classname="aaf" name="Test_suite_test_aaf.R"/>
    <testcase time="0.00200000000000067" classname="aaf" name="Test_suite_test_aaf.R"/>
    <testcase time="0.00299999999999834" classname="aaf" name="Test_suite_test_aaf.R"/>
    <testcase time="0.00200000000000067" classname="aaf" name="Test_suite_test_aaf.R"/>
    <testcase time="0.00300000000000011" classname="aaf" name="Test_suite_test_aaf.R"/>
    <testcase time="0.00200000000000067" classname="aaf" name="Test_suite_test_aaf.R"/>
    <testcase time="0.00300000000000011" classname="aaf" name="Test_suite_test_aaf.R"/>
    <testcase time="0.00300000000000011" classname="aaf" name="Test_suite_test_aaf.R"/>
    <testcase time="0.00199999999999889" classname="aaf" name="Test_suite_test_aaf.R"/>
    <testcase time="0.00200000000000067" classname="aaf" name="Test_suite_test_aaf.R"/>
    <testcase time="0.00300000000000011" classname="aaf" name="Test_suite_test_aaf.R"/>
    <testcase time="0.00199999999999889" classname="aaf" name="Test_suite_test_aaf.R"/>
    <testcase time="0.00200000000000067" classname="aaf" name="Test_suite_test_aaf.R"/>
    <testcase time="0.00300000000000011" classname="aaf" name="Test_suite_test_aaf.R"/>
    <testcase time="0.00200000000000067" classname="aaf" name="Test_suite_test_aaf.R"/>
    <testcase time="0.00299999999999834" classname="aaf" name="Test_suite_test_aaf.R"/>
    <testcase time="0.00200000000000067" classname="aaf" name="Test_suite_test_aaf.R"/>
    <testcase time="0.00300000000000011" classname="aaf" name="Test_suite_test_aaf.R"/>
    <testcase time="0.00300000000000011" classname="aaf" name="Test_suite_test_aaf.R"/>
    <testcase time="0.00200000000000067" classname="aaf" name="Test_suite_test_aaf.R"/>
    <testcase time="0.00499999999999901" classname="aaf" name="Test_suite_test_aaf.R"/>
    <testcase time="0.00200000000000067" classname="aaf" name="Test_suite_test_aaf.R"/>
    <testcase time="0.00600000000000023" classname="aaf" name="Test_suite_test_aaf.R"/>
    <testcase time="0.00600000000000023" classname="aaf" name="Test_suite_test_aaf.R"/>
    <testcase time="0.00599999999999845" classname="aaf" name="Test_suite_test_aaf.R"/>
    <testcase time="0.00600000000000023" classname="aaf" name="Test_suite_test_aaf.R"/>
    <testcase time="0.011000000000001" classname="aaf" name="Test_suite_test_aaf.R"/>
    <testcase time="0.00600000000000023" classname="aaf" name="Test_suite_test_aaf.R"/>
    <testcase time="0.00499999999999901" classname="aaf" name="Test_suite_test_aaf.R"/>
    <testcase time="0.00699999999999967" classname="aaf" name="Test_suite_test_aaf.R"/>
    <testcase time="0.00600000000000023" classname="aaf" name="Test_suite_test_aaf.R"/>
    <testcase time="0.0080000000000009" classname="aaf" name="Test_suite_test_aaf.R"/>
    <testcase time="0.0139999999999993" classname="aaf" name="Test_suite_test_aaf.R"/>
    <testcase time="0.0139999999999993" classname="aaf" name="Test_suite_test_aaf.R"/>
    <testcase time="0.011000000000001" classname="aaf" name="Test_suite_test_aaf.R"/>
    <testcase time="0.0150000000000006" classname="aaf" name="Test_suite_test_aaf.R"/>
    <testcase time="0.00999999999999979" classname="aaf" name="Test_suite_test_aaf.R"/>
    <testcase time="0.00600000000000023" classname="aaf" name="Test_suite_test_aaf.R"/>
    <testcase time="0.00599999999999845" classname="aaf" name="Test_suite_test_aaf.R"/>
    <testcase time="0.00700000000000145" classname="aaf" name="Test_suite_test_aaf.R"/>
    <testcase time="0.00799999999999912" classname="aaf" name="Test_suite_test_aaf.R"/>
    <testcase time="0.0129999999999999" classname="aaf" name="Test_suite_test_aaf.R"/>
    <testcase time="0.0139999999999993" classname="aaf" name="Test_suite_test_aaf.R"/>
    <testcase time="0.0120000000000005" classname="aaf" name="Test_suite_test_aaf.R"/>
    <testcase time="0.0119999999999987" classname="aaf" name="Test_suite_test_aaf.R"/>
    <testcase time="0.00999999999999979" classname="aaf" name="Test_suite_test_aaf.R"/>
    <testcase time="0.00600000000000023" classname="aaf" name="Test_suite_test_aaf.R"/>
    <testcase time="0.00600000000000023" classname="aaf" name="Test_suite_test_aaf.R"/>
    <testcase time="0.0190000000000001" classname="aaf" name="Test_suite_test_aaf.R"/>
    <testcase time="0.00699999999999967" classname="aaf" name="Test_suite_test_aaf.R"/>
    <testcase time="0.129000000000001" classname="aaf" name="Test_suite_test_aaf.R"/>
    <testcase time="0.00299999999999834" classname="aaf" name="Test_suite_test_aaf.R"/>
    <testcase time="0.00200000000000067" classname="aaf" name="Test_suite_test_aaf.R"/>
    <testcase time="0.00200000000000067" classname="aaf" name="Test_suite_test_aaf.R"/>
    <testcase time="0.00199999999999889" classname="aaf" name="Test_suite_test_aaf.R"/>
    <testcase time="0.00300000000000011" classname="aaf" name="Test_suite_test_aaf.R"/>
    <testcase time="0.00200000000000067" classname="aaf" name="Test_suite_test_aaf.R"/>
    <testcase time="0.00300000000000011" classname="aaf" name="Test_suite_test_aaf.R"/>
    <testcase time="0.00199999999999889" classname="aaf" name="Test_suite_test_aaf.R"/>
    <testcase time="0.00200000000000067" classname="aaf" name="Test_suite_test_aaf.R"/>
    <testcase time="0.00200000000000067" classname="aaf" name="Test_suite_test_aaf.R"/>
    <testcase time="0.00300000000000011" classname="aaf" name="Test_suite_test_aaf.R"/>
    <testcase time="0.00399999999999956" classname="aaf" name="Test_suite_test_aaf.R"/>
    <testcase time="0.00499999999999901" classname="aaf" name="Test_suite_test_aaf.R"/>
    <testcase time="0.00500000000000078" classname="aaf" name="Test_suite_test_aaf.R"/>
    <testcase time="0.00399999999999956" classname="aaf" name="Test_suite_test_aaf.R"/>
    <testcase time="0.00500000000000078" classname="aaf" name="Test_suite_test_aaf.R"/>
    <testcase time="0.00499999999999901" classname="aaf" name="Test_suite_test_aaf.R"/>
    <testcase time="0.00900000000000034" classname="aaf" name="Test_suite_test_aaf.R"/>
    <testcase time="0.00399999999999956" classname="aaf" name="Test_suite_test_aaf.R"/>
    <testcase time="0.00300000000000011" classname="aaf" name="Test_suite_test_aaf.R"/>
    <testcase time="0.00200000000000067" classname="aaf" name="Test_suite_test_aaf.R"/>
    <testcase time="0.00200000000000067" classname="aaf" name="Test_suite_test_aaf.R"/>
    <testcase time="0.00199999999999889" classname="aaf" name="Test_suite_test_aaf.R"/>
    <testcase time="0.00300000000000011" classname="aaf" name="Test_suite_test_aaf.R"/>
    <testcase time="0.00200000000000067" classname="aaf" name="Test_suite_test_aaf.R"/>
    <testcase time="0.00199999999999889" classname="aaf" name="Test_suite_test_aaf.R"/>
    <testcase time="0.00200000000000067" classname="aaf" name="Test_suite_test_aaf.R"/>
    <testcase time="0.00300000000000011" classname="aaf" name="Test_suite_test_aaf.R"/>
    <testcase time="0.00200000000000067" classname="aaf" name="Test_suite_test_aaf.R"/>
    <testcase time="0.00199999999999889" classname="aaf" name="Test_suite_test_aaf.R"/>
    <testcase time="0.00200000000000067" classname="aaf" name="Test_suite_test_aaf.R"/>
    <testcase time="0.00300000000000011" classname="aaf" name="Test_suite_test_aaf.R"/>
    <testcase time="0.00199999999999889" classname="aaf" name="Test_suite_test_aaf.R"/>
    <testcase time="0.00300000000000011" classname="aaf" name="Test_suite_test_aaf.R"/>
    <testcase time="0.00200000000000067" classname="aaf" name="Test_suite_test_aaf.R"/>
    <testcase time="0.00200000000000067" classname="aaf" name="Test_suite_test_aaf.R"/>
    <testcase time="0.00300000000000011" classname="aaf" name="Test_suite_test_aaf.R"/>
    <testcase time="0.00199999999999889" classname="aaf" name="Test_suite_test_aaf.R"/>
    <testcase time="0.00200000000000067" classname="aaf" name="Test_suite_test_aaf.R"/>
    <testcase time="0.00199999999999889" classname="aaf" name="Test_suite_test_aaf.R"/>
    <testcase time="0.00300000000000011" classname="aaf" name="Test_suite_test_aaf.R"/>
    <testcase time="0.00200000000000067" classname="aaf" name="Test_suite_test_aaf.R"/>
    <testcase time="0.00200000000000067" classname="aaf" name="Test_suite_test_aaf.R"/>
    <testcase time="0.00499999999999901" classname="aaf" name="Test_suite_test_aaf.R"/>
    <testcase time="0.00300000000000011" classname="aaf" name="Test_suite_test_aaf.R"/>
    <testcase time="0.00600000000000023" classname="aaf" name="Test_suite_test_aaf.R"/>
    <testcase time="0.00600000000000023" classname="aaf" name="Test_suite_test_aaf.R"/>
    <testcase time="0.00600000000000023" classname="aaf" name="Test_suite_test_aaf.R"/>
    <testcase time="0.00600000000000023" classname="aaf" name="Test_suite_test_aaf.R"/>
    <testcase time="0.00999999999999979" classname="aaf" name="Test_suite_test_aaf.R"/>
    <testcase time="0.00600000000000023" classname="aaf" name="Test_suite_test_aaf.R"/>
    <testcase time="0.00599999999999845" classname="aaf" name="Test_suite_test_aaf.R"/>
    <testcase time="0.00600000000000023" classname="aaf" name="Test_suite_test_aaf.R"/>
    <testcase time="0.00600000000000023" classname="aaf" name="Test_suite_test_aaf.R"/>
    <testcase time="0.0080000000000009" classname="aaf" name="Test_suite_test_aaf.R"/>
    <testcase time="0.0129999999999999" classname="aaf" name="Test_suite_test_aaf.R"/>
    <testcase time="0.0139999999999993" classname="aaf" name="Test_suite_test_aaf.R"/>
    <testcase time="0.00999999999999979" classname="aaf" name="Test_suite_test_aaf.R"/>
    <testcase time="0.0140000000000011" classname="aaf" name="Test_suite_test_aaf.R"/>
    <testcase time="0.00999999999999979" classname="aaf" name="Test_suite_test_aaf.R"/>
    <testcase time="0.00600000000000023" classname="aaf" name="Test_suite_test_aaf.R"/>
    <testcase time="0.00599999999999845" classname="aaf" name="Test_suite_test_aaf.R"/>
    <testcase time="0.00600000000000023" classname="aaf" name="Test_suite_test_aaf.R"/>
    <testcase time="0.0080000000000009" classname="aaf" name="Test_suite_test_aaf.R"/>
    <testcase time="0.0120000000000005" classname="aaf" name="Test_suite_test_aaf.R"/>
    <testcase time="0.0129999999999999" classname="aaf" name="Test_suite_test_aaf.R"/>
    <testcase time="0.0149999999999988" classname="aaf" name="Test_suite_test_aaf.R"/>
    <testcase time="0.0080000000000009" classname="aaf" name="Test_suite_test_aaf.R"/>
    <testcase time="0.00799999999999912" classname="aaf" name="Test_suite_test_aaf.R"/>
    <testcase time="0.00600000000000023" classname="aaf" name="Test_suite_test_aaf.R"/>
    <testcase time="0.00600000000000023" classname="aaf" name="Test_suite_test_aaf.R"/>
    <testcase time="0.016" classname="aaf" name="Test_suite_test_aaf.R"/>
    <testcase time="0.00699999999999967" classname="aaf" name="Test_suite_test_aaf.R"/>
    <testcase time="0.0679999999999996" classname="aaf" name="Test_suite_test_aaf.R"/>
    <testcase time="0.00200000000000067" classname="aaf" name="Test_suite_test_aaf.R"/>
    <testcase time="0.00200000000000067" classname="aaf" name="Test_suite_test_aaf.R"/>
    <testcase time="0.00200000000000067" classname="aaf" name="Test_suite_test_aaf.R"/>
    <testcase time="0.00300000000000011" classname="aaf" name="Test_suite_test_aaf.R"/>
    <testcase time="0.00299999999999834" classname="aaf" name="Test_suite_test_aaf.R"/>
    <testcase time="0.00200000000000067" classname="aaf" name="Test_suite_test_aaf.R"/>
    <testcase time="0.00300000000000011" classname="aaf" name="Test_suite_test_aaf.R"/>
    <testcase time="0.00300000000000011" classname="aaf" name="Test_suite_test_aaf.R"/>
    <testcase time="0.00200000000000067" classname="aaf" name="Test_suite_test_aaf.R"/>
    <testcase time="0.00300000000000011" classname="aaf" name="Test_suite_test_aaf.R"/>
    <testcase time="0.00199999999999889" classname="aaf" name="Test_suite_test_aaf.R"/>
    <testcase time="0.00500000000000078" classname="aaf" name="Test_suite_test_aaf.R"/>
    <testcase time="0.00499999999999901" classname="aaf" name="Test_suite_test_aaf.R"/>
    <testcase time="0.00500000000000078" classname="aaf" name="Test_suite_test_aaf.R"/>
    <testcase time="0.00499999999999901" classname="aaf" name="Test_suite_test_aaf.R"/>
    <testcase time="0.00400000000000134" classname="aaf" name="Test_suite_test_aaf.R"/>
    <testcase time="0.00499999999999901" classname="aaf" name="Test_suite_test_aaf.R"/>
    <testcase time="0.00500000000000078" classname="aaf" name="Test_suite_test_aaf.R"/>
    <testcase time="0.00499999999999901" classname="aaf" name="Test_suite_test_aaf.R"/>
    <testcase time="0.00200000000000067" classname="aaf" name="Test_suite_test_aaf.R"/>
    <testcase time="0.00200000000000067" classname="aaf" name="Test_suite_test_aaf.R"/>
    <testcase time="0.00200000000000067" classname="aaf" name="Test_suite_test_aaf.R"/>
    <testcase time="0.00299999999999834" classname="aaf" name="Test_suite_test_aaf.R"/>
    <testcase time="0.00200000000000067" classname="aaf" name="Test_suite_test_aaf.R"/>
    <testcase time="0.00300000000000011" classname="aaf" name="Test_suite_test_aaf.R"/>
    <testcase time="0.00200000000000067" classname="aaf" name="Test_suite_test_aaf.R"/>
    <testcase time="0.00300000000000011" classname="aaf" name="Test_suite_test_aaf.R"/>
    <testcase time="0.00199999999999889" classname="aaf" name="Test_suite_test_aaf.R"/>
    <testcase time="0.00300000000000011" classname="aaf" name="Test_suite_test_aaf.R"/>
    <testcase time="0.00200000000000067" classname="aaf" name="Test_suite_test_aaf.R"/>
    <testcase time="0.00300000000000011" classname="aaf" name="Test_suite_test_aaf.R"/>
    <testcase time="0.00199999999999889" classname="aaf" name="Test_suite_test_aaf.R"/>
    <testcase time="0.00199999999999889" classname="aaf" name="Test_suite_test_aaf.R"/>
    <testcase time="0.00300000000000011" classname="aaf" name="Test_suite_test_aaf.R"/>
    <testcase time="0.00300000000000011" classname="aaf" name="Test_suite_test_aaf.R"/>
    <testcase time="0.00200000000000067" classname="aaf" name="Test_suite_test_aaf.R"/>
    <testcase time="0.00600000000000023" classname="aaf" name="Test_suite_test_aaf.R"/>
    <testcase time="0.00300000000000011" classname="aaf" name="Test_suite_test_aaf.R"/>
    <testcase time="0.00199999999999889" classname="aaf" name="Test_suite_test_aaf.R"/>
    <testcase time="0.00300000000000011" classname="aaf" name="Test_suite_test_aaf.R"/>
    <testcase time="0.00200000000000067" classname="aaf" name="Test_suite_test_aaf.R"/>
    <testcase time="0.00300000000000011" classname="aaf" name="Test_suite_test_aaf.R"/>
    <testcase time="0.00200000000000067" classname="aaf" name="Test_suite_test_aaf.R"/>
    <testcase time="0.00499999999999901" classname="aaf" name="Test_suite_test_aaf.R"/>
    <testcase time="0.00300000000000011" classname="aaf" name="Test_suite_test_aaf.R"/>
    <testcase time="0.0080000000000009" classname="aaf" name="Test_suite_test_aaf.R"/>
    <testcase time="0.00799999999999912" classname="aaf" name="Test_suite_test_aaf.R"/>
    <testcase time="0.00699999999999967" classname="aaf" name="Test_suite_test_aaf.R"/>
    <testcase time="0.00600000000000023" classname="aaf" name="Test_suite_test_aaf.R"/>
    <testcase time="0.011000000000001" classname="aaf" name="Test_suite_test_aaf.R"/>
    <testcase time="0.00699999999999967" classname="aaf" name="Test_suite_test_aaf.R"/>
    <testcase time="0.00600000000000023" classname="aaf" name="Test_suite_test_aaf.R"/>
    <testcase time="0.00699999999999967" classname="aaf" name="Test_suite_test_aaf.R"/>
    <testcase time="0.00600000000000023" classname="aaf" name="Test_suite_test_aaf.R"/>
    <testcase time="0.00900000000000034" classname="aaf" name="Test_suite_test_aaf.R"/>
    <testcase time="0.0149999999999988" classname="aaf" name="Test_suite_test_aaf.R"/>
    <testcase time="0.0140000000000011" classname="aaf" name="Test_suite_test_aaf.R"/>
    <testcase time="0.0109999999999992" classname="aaf" name="Test_suite_test_aaf.R"/>
    <testcase time="0.0150000000000006" classname="aaf" name="Test_suite_test_aaf.R"/>
    <testcase time="0.0109999999999992" classname="aaf" name="Test_suite_test_aaf.R"/>
    <testcase time="0.00600000000000023" classname="aaf" name="Test_suite_test_aaf.R"/>
    <testcase time="0.00699999999999967" classname="aaf" name="Test_suite_test_aaf.R"/>
    <testcase time="0.00600000000000023" classname="aaf" name="Test_suite_test_aaf.R"/>
    <testcase time="0.0080000000000009" classname="aaf" name="Test_suite_test_aaf.R"/>
    <testcase time="0.0139999999999993" classname="aaf" name="Test_suite_test_aaf.R"/>
    <testcase time="0.0150000000000006" classname="aaf" name="Test_suite_test_aaf.R"/>
    <testcase time="0.0119999999999987" classname="aaf" name="Test_suite_test_aaf.R"/>
    <testcase time="0.0080000000000009" classname="aaf" name="Test_suite_test_aaf.R"/>
    <testcase time="0.0139999999999993" classname="aaf" name="Test_suite_test_aaf.R"/>
    <testcase time="0.00699999999999967" classname="aaf" name="Test_suite_test_aaf.R"/>
    <testcase time="0.00600000000000023" classname="aaf" name="Test_suite_test_aaf.R"/>
    <testcase time="0.0170000000000012" classname="aaf" name="Test_suite_test_aaf.R"/>
    <testcase time="0.00799999999999912" classname="aaf" name="Test_suite_test_aaf.R"/>
    <testcase time="0.0679999999999996" classname="aaf" name="Test_suite_test_aaf.R"/>
    <testcase time="0.00200000000000067" classname="aaf" name="Test_suite_test_aaf.R"/>
    <testcase time="0.00300000000000011" classname="aaf" name="Test_suite_test_aaf.R"/>
    <testcase time="0.00300000000000011" classname="aaf" name="Test_suite_test_aaf.R"/>
    <testcase time="0.00199999999999889" classname="aaf" name="Test_suite_test_aaf.R"/>
    <testcase time="0.00400000000000134" classname="aaf" name="Test_suite_test_aaf.R"/>
    <testcase time="0.00199999999999889" classname="aaf" name="Test_suite_test_aaf.R"/>
    <testcase time="0.00300000000000011" classname="aaf" name="Test_suite_test_aaf.R"/>
    <testcase time="0.00300000000000011" classname="aaf" name="Test_suite_test_aaf.R"/>
    <testcase time="0.00300000000000011" classname="aaf" name="Test_suite_test_aaf.R"/>
    <testcase time="0.00300000000000011" classname="aaf" name="Test_suite_test_aaf.R"/>
    <testcase time="0.00300000000000011" classname="aaf" name="Test_suite_test_aaf.R"/>
    <testcase time="0.00499999999999901" classname="aaf" name="Test_suite_test_aaf.R"/>
    <testcase time="0.00500000000000078" classname="aaf" name="Test_suite_test_aaf.R"/>
    <testcase time="0.00500000000000078" classname="aaf" name="Test_suite_test_aaf.R"/>
    <testcase time="0.00499999999999901" classname="aaf" name="Test_suite_test_aaf.R"/>
    <testcase time="0.00500000000000078" classname="aaf" name="Test_suite_test_aaf.R"/>
    <testcase time="0.00600000000000023" classname="aaf" name="Test_suite_test_aaf.R"/>
    <testcase time="0.00499999999999901" classname="aaf" name="Test_suite_test_aaf.R"/>
    <testcase time="0.00500000000000078" classname="aaf" name="Test_suite_test_aaf.R"/>
    <testcase time="0.00199999999999889" classname="aaf" name="Test_suite_test_aaf.R"/>
    <testcase time="0.00199999999999889" classname="aaf" name="Test_suite_test_aaf.R"/>
    <testcase time="0.00300000000000011" classname="aaf" name="Test_suite_test_aaf.R"/>
    <testcase time="0.00300000000000011" classname="aaf" name="Test_suite_test_aaf.R"/>
    <testcase time="0.00300000000000011" classname="aaf" name="Test_suite_test_aaf.R"/>
    <testcase time="0.00200000000000067" classname="aaf" name="Test_suite_test_aaf.R"/>
    <testcase time="0.00300000000000011" classname="aaf" name="Test_suite_test_aaf.R"/>
    <testcase time="0.00300000000000011" classname="aaf" name="Test_suite_test_aaf.R"/>
    <testcase time="0.00300000000000011" classname="aaf" name="Test_suite_test_aaf.R"/>
    <testcase time="0.00199999999999889" classname="aaf" name="Test_suite_test_aaf.R"/>
    <testcase time="0.00300000000000011" classname="aaf" name="Test_suite_test_aaf.R"/>
    <testcase time="0.00300000000000011" classname="aaf" name="Test_suite_test_aaf.R"/>
    <testcase time="0.00300000000000011" classname="aaf" name="Test_suite_test_aaf.R"/>
    <testcase time="0.00300000000000011" classname="aaf" name="Test_suite_test_aaf.R"/>
    <testcase time="0.00300000000000011" classname="aaf" name="Test_suite_test_aaf.R"/>
    <testcase time="0.00300000000000011" classname="aaf" name="Test_suite_test_aaf.R"/>
    <testcase time="0.00699999999999967" classname="aaf" name="Test_suite_test_aaf.R"/>
    <testcase time="0.00300000000000011" classname="aaf" name="Test_suite_test_aaf.R"/>
    <testcase time="0.00200000000000067" classname="aaf" name="Test_suite_test_aaf.R"/>
    <testcase time="0.00299999999999834" classname="aaf" name="Test_suite_test_aaf.R"/>
    <testcase time="0.00300000000000011" classname="aaf" name="Test_suite_test_aaf.R"/>
    <testcase time="0.00300000000000011" classname="aaf" name="Test_suite_test_aaf.R"/>
    <testcase time="0.00300000000000011" classname="aaf" name="Test_suite_test_aaf.R"/>
    <testcase time="0.00200000000000067" classname="aaf" name="Test_suite_test_aaf.R"/>
    <testcase time="0.00600000000000023" classname="aaf" name="Test_suite_test_aaf.R"/>
    <testcase time="0.00300000000000011" classname="aaf" name="Test_suite_test_aaf.R"/>
    <testcase time="0.00699999999999967" classname="aaf" name="Test_suite_test_aaf.R"/>
    <testcase time="0.00600000000000023" classname="aaf" name="Test_suite_test_aaf.R"/>
    <testcase time="0.00600000000000023" classname="aaf" name="Test_suite_test_aaf.R"/>
    <testcase time="0.00699999999999967" classname="aaf" name="Test_suite_test_aaf.R"/>
    <testcase time="0.011000000000001" classname="aaf" name="Test_suite_test_aaf.R"/>
    <testcase time="0.00699999999999967" classname="aaf" name="Test_suite_test_aaf.R"/>
    <testcase time="0.00600000000000023" classname="aaf" name="Test_suite_test_aaf.R"/>
    <testcase time="0.00799999999999912" classname="aaf" name="Test_suite_test_aaf.R"/>
    <testcase time="0.00600000000000023" classname="aaf" name="Test_suite_test_aaf.R"/>
    <testcase time="0.00900000000000034" classname="aaf" name="Test_suite_test_aaf.R"/>
    <testcase time="0.0149999999999988" classname="aaf" name="Test_suite_test_aaf.R"/>
    <testcase time="0.0150000000000006" classname="aaf" name="Test_suite_test_aaf.R"/>
    <testcase time="0.011000000000001" classname="aaf" name="Test_suite_test_aaf.R"/>
    <testcase time="0.0149999999999988" classname="aaf" name="Test_suite_test_aaf.R"/>
    <testcase time="0.011000000000001" classname="aaf" name="Test_suite_test_aaf.R"/>
    <testcase time="0.00600000000000023" classname="aaf" name="Test_suite_test_aaf.R"/>
    <testcase time="0.00699999999999967" classname="aaf" name="Test_suite_test_aaf.R"/>
    <testcase time="0.00699999999999967" classname="aaf" name="Test_suite_test_aaf.R"/>
    <testcase time="0.00799999999999912" classname="aaf" name="Test_suite_test_aaf.R"/>
    <testcase time="0.0140000000000011" classname="aaf" name="Test_suite_test_aaf.R"/>
    <testcase time="0.0149999999999988" classname="aaf" name="Test_suite_test_aaf.R"/>
    <testcase time="0.0310000000000006" classname="aaf" name="Test_suite_test_aaf.R"/>
    <testcase time="0.00900000000000034" classname="aaf" name="Test_suite_test_aaf.R"/>
    <testcase time="0.00999999999999979" classname="aaf" name="Test_suite_test_aaf.R"/>
    <testcase time="0.00699999999999967" classname="aaf" name="Test_suite_test_aaf.R"/>
    <testcase time="0.00699999999999967" classname="aaf" name="Test_suite_test_aaf.R"/>
    <testcase time="0.0180000000000007" classname="aaf" name="Test_suite_test_aaf.R"/>
    <testcase time="0.0080000000000009" classname="aaf" name="Test_suite_test_aaf.R"/>
    <testcase time="0.0699999999999985" classname="aaf" name="Test_suite_test_aaf.R"/>
    <testcase time="0.00400000000000134" classname="aaf" name="Test_suite_test_aaf.R"/>
    <testcase time="0.00300000000000011" classname="aaf" name="Test_suite_test_aaf.R"/>
    <testcase time="0.00300000000000011" classname="aaf" name="Test_suite_test_aaf.R"/>
    <testcase time="0.00299999999999834" classname="aaf" name="Test_suite_test_aaf.R"/>
    <testcase time="0.00400000000000134" classname="aaf" name="Test_suite_test_aaf.R"/>
    <testcase time="0.00300000000000011" classname="aaf" name="Test_suite_test_aaf.R"/>
    <testcase time="0.00300000000000011" classname="aaf" name="Test_suite_test_aaf.R"/>
    <testcase time="0.00300000000000011" classname="aaf" name="Test_suite_test_aaf.R"/>
    <testcase time="0.00299999999999834" classname="aaf" name="Test_suite_test_aaf.R"/>
    <testcase time="0.00400000000000134" classname="aaf" name="Test_suite_test_aaf.R"/>
    <testcase time="0.00300000000000011" classname="aaf" name="Test_suite_test_aaf.R"/>
    <testcase time="0.00599999999999845" classname="aaf" name="Test_suite_test_aaf.R"/>
    <testcase time="0.00500000000000078" classname="aaf" name="Test_suite_test_aaf.R"/>
    <testcase time="0.00600000000000023" classname="aaf" name="Test_suite_test_aaf.R"/>
    <testcase time="0.00499999999999901" classname="aaf" name="Test_suite_test_aaf.R"/>
    <testcase time="0.00499999999999901" classname="aaf" name="Test_suite_test_aaf.R"/>
    <testcase time="0.00600000000000023" classname="aaf" name="Test_suite_test_aaf.R"/>
    <testcase time="0.00500000000000078" classname="aaf" name="Test_suite_test_aaf.R"/>
    <testcase time="0.00600000000000023" classname="aaf" name="Test_suite_test_aaf.R"/>
    <testcase time="0.00300000000000011" classname="aaf" name="Test_suite_test_aaf.R"/>
    <testcase time="0.00300000000000011" classname="aaf" name="Test_suite_test_aaf.R"/>
    <testcase time="0.00299999999999834" classname="aaf" name="Test_suite_test_aaf.R"/>
    <testcase time="0.00400000000000134" classname="aaf" name="Test_suite_test_aaf.R"/>
    <testcase time="0.00300000000000011" classname="aaf" name="Test_suite_test_aaf.R"/>
    <testcase time="0.00300000000000011" classname="aaf" name="Test_suite_test_aaf.R"/>
    <testcase time="0.00300000000000011" classname="aaf" name="Test_suite_test_aaf.R"/>
    <testcase time="0.00799999999999912" classname="aaf" name="Test_suite_test_aaf.R"/>
    <testcase time="0.00300000000000011" classname="aaf" name="Test_suite_test_aaf.R"/>
    <testcase time="0.00300000000000011" classname="aaf" name="Test_suite_test_aaf.R"/>
    <testcase time="0.00300000000000011" classname="aaf" name="Test_suite_test_aaf.R"/>
    <testcase time="0.00300000000000011" classname="aaf" name="Test_suite_test_aaf.R"/>
    <testcase time="0.00300000000000011" classname="aaf" name="Test_suite_test_aaf.R"/>
    <testcase time="0.00300000000000011" classname="aaf" name="Test_suite_test_aaf.R"/>
    <testcase time="0.00300000000000011" classname="aaf" name="Test_suite_test_aaf.R"/>
    <testcase time="0.00399999999999956" classname="aaf" name="Test_suite_test_aaf.R"/>
    <testcase time="0.00300000000000011" classname="aaf" name="Test_suite_test_aaf.R"/>
    <testcase time="0.00300000000000011" classname="aaf" name="Test_suite_test_aaf.R"/>
    <testcase time="0.00300000000000011" classname="aaf" name="Test_suite_test_aaf.R"/>
    <testcase time="0.00300000000000011" classname="aaf" name="Test_suite_test_aaf.R"/>
    <testcase time="0.00300000000000011" classname="aaf" name="Test_suite_test_aaf.R"/>
    <testcase time="0.00299999999999834" classname="aaf" name="Test_suite_test_aaf.R"/>
    <testcase time="0.00300000000000011" classname="aaf" name="Test_suite_test_aaf.R"/>
    <testcase time="0.00300000000000011" classname="aaf" name="Test_suite_test_aaf.R"/>
    <testcase time="0.00600000000000023" classname="aaf" name="Test_suite_test_aaf.R"/>
    <testcase time="0.00300000000000011" classname="aaf" name="Test_suite_test_aaf.R"/>
    <testcase time="0.00699999999999967" classname="aaf" name="Test_suite_test_aaf.R"/>
    <testcase time="0.00699999999999967" classname="aaf" name="Test_suite_test_aaf.R"/>
    <testcase time="0.00699999999999967" classname="aaf" name="Test_suite_test_aaf.R"/>
    <testcase time="0.00699999999999967" classname="aaf" name="Test_suite_test_aaf.R"/>
    <testcase time="0.011000000000001" classname="aaf" name="Test_suite_test_aaf.R"/>
    <testcase time="0.00699999999999967" classname="aaf" name="Test_suite_test_aaf.R"/>
    <testcase time="0.00699999999999967" classname="aaf" name="Test_suite_test_aaf.R"/>
    <testcase time="0.00799999999999912" classname="aaf" name="Test_suite_test_aaf.R"/>
    <testcase time="0.00700000000000145" classname="aaf" name="Test_suite_test_aaf.R"/>
    <testcase time="0.00899999999999856" classname="aaf" name="Test_suite_test_aaf.R"/>
    <testcase time="0.0150000000000006" classname="aaf" name="Test_suite_test_aaf.R"/>
    <testcase time="0.0150000000000006" classname="aaf" name="Test_suite_test_aaf.R"/>
    <testcase time="0.0120000000000005" classname="aaf" name="Test_suite_test_aaf.R"/>
    <testcase time="0.016" classname="aaf" name="Test_suite_test_aaf.R"/>
    <testcase time="0.0109999999999992" classname="aaf" name="Test_suite_test_aaf.R"/>
    <testcase time="0.00699999999999967" classname="aaf" name="Test_suite_test_aaf.R"/>
    <testcase time="0.00699999999999967" classname="aaf" name="Test_suite_test_aaf.R"/>
    <testcase time="0.00700000000000145" classname="aaf" name="Test_suite_test_aaf.R"/>
    <testcase time="0.0129999999999999" classname="aaf" name="Test_suite_test_aaf.R"/>
    <testcase time="0.0149999999999988" classname="aaf" name="Test_suite_test_aaf.R"/>
    <testcase time="0.0150000000000006" classname="aaf" name="Test_suite_test_aaf.R"/>
    <testcase time="0.0129999999999999" classname="aaf" name="Test_suite_test_aaf.R"/>
    <testcase time="0.0080000000000009" classname="aaf" name="Test_suite_test_aaf.R"/>
    <testcase time="0.0109999999999992" classname="aaf" name="Test_suite_test_aaf.R"/>
    <testcase time="0.00699999999999967" classname="aaf" name="Test_suite_test_aaf.R"/>
    <testcase time="0.00600000000000023" classname="aaf" name="Test_suite_test_aaf.R"/>
    <testcase time="0.0190000000000001" classname="aaf" name="Test_suite_test_aaf.R"/>
    <testcase time="0.00799999999999912" classname="aaf" name="Test_suite_test_aaf.R"/>
    <testcase time="0.00600000000000023" classname="aaf" name="Test_suite_test_aaf.R"/>
    <testcase time="0.0410000000000004" classname="aaf" name="Test_suite_test_aaf.R"/>
    <testcase time="0.0419999999999998" classname="aaf" name="Test_suite_test_aaf.R"/>
    <testcase time="0.0280000000000005" classname="aaf" name="Test_suite_test_aaf.R"/>
    <testcase time="0.103" classname="aaf" name="Test_suite_test_aaf.R"/>
    <testcase time="0.00999999999999979" classname="aaf" name="Test_suite_test_aaf.R"/>
    <testcase time="3.681" classname="aaf" name="Test_suite_test_aaf.R"/>
    <testcase time="0.00699999999999967" classname="aaf" name="Test_suite_test_aaf.R"/>
    <testcase time="0.00600000000000023" classname="aaf" name="Test_suite_test_aaf.R"/>
    <testcase time="0.0179999999999989" classname="aaf" name="Test_suite_test_aaf.R"/>
    <testcase time="0.0620000000000012" classname="aaf" name="Test_suite_test_aaf.R"/>
    <testcase time="0.0549999999999997" classname="aaf" name="Test_suite_test_aaf.R"/>
    <testcase time="0.102" classname="aaf" name="Test_suite_test_aaf.R"/>
    <testcase time="0.00300000000000011" classname="aaf" name="Test_suite_test_aaf.R"/>
    <testcase time="0.00399999999999956" classname="aaf" name="Test_suite_test_aaf.R"/>
    <testcase time="0.00399999999999956" classname="aaf" name="Test_suite_test_aaf.R"/>
    <testcase time="0.0260000000000016" classname="aaf" name="Test_suite_test_aaf.R"/>
    <testcase time="0.00600000000000023" classname="aaf" name="Test_suite_test_aaf.R"/>
    <testcase time="0.00499999999999901" classname="aaf" name="Test_suite_test_aaf.R"/>
  </testsuite>
  <testsuite name="aag" timestamp="2025-06-08T08:48:11Z" hostname="b8ca3ae4d0d6" tests="19" skipped="0" failures="0" errors="0" time="0.323">
    <testcase time="0.0120000000000005" classname="aag" name="Test_suite_test_aag.R"/>
    <testcase time="0.00600000000000023" classname="aag" name="Test_suite_test_aag.R"/>
    <testcase time="0.00199999999999889" classname="aag" name="Test_suite_test_aag.R"/>
    <testcase time="0.00199999999999889" classname="aag" name="Test_suite_test_aag.R"/>
    <testcase time="0.00500000000000256" classname="aag" name="Test_suite_test_aag.R"/>
    <testcase time="0.00499999999999901" classname="aag" name="Test_suite_test_aag.R"/>
    <testcase time="0.00499999999999901" classname="aag" name="Test_suite_test_aag.R"/>
    <testcase time="0.0169999999999995" classname="aag" name="Test_suite_test_aag.R"/>
    <testcase time="0.00900000000000034" classname="aag" name="Test_suite_test_aag.R"/>
    <testcase time="0.0169999999999995" classname="aag" name="Test_suite_test_aag.R"/>
    <testcase time="0.00900000000000034" classname="aag" name="Test_suite_test_aag.R"/>
    <testcase time="0.00600000000000023" classname="aag" name="Test_suite_test_aag.R"/>
    <testcase time="0.0139999999999993" classname="aag" name="Test_suite_test_aag.R"/>
    <testcase time="0.00500000000000256" classname="aag" name="Test_suite_test_aag.R"/>
    <testcase time="0.00399999999999778" classname="aag" name="Test_suite_test_aag.R"/>
    <testcase time="0.0910000000000011" classname="aag" name="Test_suite_test_aag.R"/>
    <testcase time="0.0429999999999993" classname="aag" name="Test_suite_test_aag.R"/>
    <testcase time="0.0590000000000011" classname="aag" name="Test_suite_test_aag.R"/>
    <testcase time="0.0120000000000005" classname="aag" name="Test_suite_test_aag.R"/>
  </testsuite>
  <testsuite name="aah" timestamp="2025-06-08T08:48:12Z" hostname="b8ca3ae4d0d6" tests="17" skipped="0" failures="0" errors="0" time="0.393">
    <testcase time="0.0219999999999985" classname="aah" name="Test_suite_test_aah.R"/>
    <testcase time="0.0160000000000018" classname="aah" name="Test_suite_test_aah.R"/>
    <testcase time="0.0219999999999985" classname="aah" name="Test_suite_test_aah.R"/>
    <testcase time="0.0240000000000009" classname="aah" name="Test_suite_test_aah.R"/>
    <testcase time="0.0249999999999986" classname="aah" name="Test_suite_test_aah.R"/>
    <testcase time="0.0289999999999999" classname="aah" name="Test_suite_test_aah.R"/>
    <testcase time="0.0390000000000015" classname="aah" name="Test_suite_test_aah.R"/>
    <testcase time="0.027000000000001" classname="aah" name="Test_suite_test_aah.R"/>
    <testcase time="0.0209999999999972" classname="aah" name="Test_suite_test_aah.R"/>
    <testcase time="0.0410000000000004" classname="aah" name="Test_suite_test_aah.R"/>
    <testcase time="0.0240000000000009" classname="aah" name="Test_suite_test_aah.R"/>
    <testcase time="0.0219999999999985" classname="aah" name="Test_suite_test_aah.R"/>
    <testcase time="0.0229999999999997" classname="aah" name="Test_suite_test_aah.R"/>
    <testcase time="0.00500000000000256" classname="aah" name="Test_suite_test_aah.R"/>
    <testcase time="0.0150000000000006" classname="aah" name="Test_suite_test_aah.R"/>
    <testcase time="0.0179999999999971" classname="aah" name="Test_suite_test_aah.R"/>
    <testcase time="0.0200000000000031" classname="aah" name="Test_suite_test_aah.R"/>
  </testsuite>
</testsuites>
