<?xml version="1.0" encoding="UTF-8"?>
<testsuites>
  <testsuite name="aaa" timestamp="2024-12-06T08:01:57Z" hostname="53b9c7dd6cea" tests="74" skipped="0" failures="0" errors="0" time="3.709">
    <testcase time="0.13" classname="aaa" name="Test_suite_aaa.R"/>
    <testcase time="0.0409999999999999" classname="aaa" name="Test_suite_aaa.R"/>
    <testcase time="0.032" classname="aaa" name="Test_suite_aaa.R"/>
    <testcase time="0.0309999999999999" classname="aaa" name="Test_suite_aaa.R"/>
    <testcase time="0.044" classname="aaa" name="Test_suite_aaa.R"/>
    <testcase time="0.0210000000000001" classname="aaa" name="Test_suite_aaa.R"/>
    <testcase time="0.0409999999999999" classname="aaa" name="Test_suite_aaa.R"/>
    <testcase time="0.016" classname="aaa" name="Test_suite_aaa.R"/>
    <testcase time="0.0069999999999999" classname="aaa" name="Test_suite_aaa.R"/>
    <testcase time="0.0170000000000001" classname="aaa" name="Test_suite_aaa.R"/>
    <testcase time="0.0199999999999998" classname="aaa" name="Test_suite_aaa.R"/>
    <testcase time="0.0250000000000004" classname="aaa" name="Test_suite_aaa.R"/>
    <testcase time="0.0269999999999997" classname="aaa" name="Test_suite_aaa.R"/>
    <testcase time="0.0310000000000001" classname="aaa" name="Test_suite_aaa.R"/>
    <testcase time="0.0350000000000001" classname="aaa" name="Test_suite_aaa.R"/>
    <testcase time="0.0139999999999998" classname="aaa" name="Test_suite_aaa.R"/>
    <testcase time="0.0169999999999999" classname="aaa" name="Test_suite_aaa.R"/>
    <testcase time="0.0270000000000001" classname="aaa" name="Test_suite_aaa.R"/>
    <testcase time="0.048" classname="aaa" name="Test_suite_aaa.R"/>
    <testcase time="0.069" classname="aaa" name="Test_suite_aaa.R"/>
    <testcase time="0.00300000000000011" classname="aaa" name="Test_suite_aaa.R"/>
    <testcase time="0.00800000000000001" classname="aaa" name="Test_suite_aaa.R"/>
    <testcase time="0.00999999999999979" classname="aaa" name="Test_suite_aaa.R"/>
    <testcase time="0.0270000000000001" classname="aaa" name="Test_suite_aaa.R"/>
    <testcase time="0.0310000000000001" classname="aaa" name="Test_suite_aaa.R"/>
    <testcase time="0.0309999999999997" classname="aaa" name="Test_suite_aaa.R"/>
    <testcase time="0.0449999999999999" classname="aaa" name="Test_suite_aaa.R"/>
    <testcase time="0.024" classname="aaa" name="Test_suite_aaa.R"/>
    <testcase time="0.0430000000000001" classname="aaa" name="Test_suite_aaa.R"/>
    <testcase time="0.0209999999999999" classname="aaa" name="Test_suite_aaa.R"/>
    <testcase time="0.024" classname="aaa" name="Test_suite_aaa.R"/>
    <testcase time="0.032" classname="aaa" name="Test_suite_aaa.R"/>
    <testcase time="0.0489999999999999" classname="aaa" name="Test_suite_aaa.R"/>
    <testcase time="0.0950000000000002" classname="aaa" name="Test_suite_aaa.R"/>
    <testcase time="0.016" classname="aaa" name="Test_suite_aaa.R"/>
    <testcase time="0.0299999999999998" classname="aaa" name="Test_suite_aaa.R"/>
    <testcase time="0.106" classname="aaa" name="Test_suite_aaa.R"/>
    <testcase time="1.501" classname="aaa" name="Test_suite_aaa.R"/>
    <testcase time="0.0179999999999998" classname="aaa" name="Test_suite_aaa.R"/>
    <testcase time="0.0179999999999998" classname="aaa" name="Test_suite_aaa.R"/>
    <testcase time="0.0220000000000002" classname="aaa" name="Test_suite_aaa.R"/>
    <testcase time="0.0350000000000001" classname="aaa" name="Test_suite_aaa.R"/>
    <testcase time="0.016" classname="aaa" name="Test_suite_aaa.R"/>
    <testcase time="0.0299999999999994" classname="aaa" name="Test_suite_aaa.R"/>
    <testcase time="0.0150000000000006" classname="aaa" name="Test_suite_aaa.R"/>
    <testcase time="0.00599999999999934" classname="aaa" name="Test_suite_aaa.R"/>
    <testcase time="0.016" classname="aaa" name="Test_suite_aaa.R"/>
    <testcase time="0.0200000000000005" classname="aaa" name="Test_suite_aaa.R"/>
    <testcase time="0.0220000000000002" classname="aaa" name="Test_suite_aaa.R"/>
    <testcase time="0.0259999999999998" classname="aaa" name="Test_suite_aaa.R"/>
    <testcase time="0.0300000000000002" classname="aaa" name="Test_suite_aaa.R"/>
    <testcase time="0.032" classname="aaa" name="Test_suite_aaa.R"/>
    <testcase time="0.0129999999999999" classname="aaa" name="Test_suite_aaa.R"/>
    <testcase time="0.016" classname="aaa" name="Test_suite_aaa.R"/>
    <testcase time="0.0259999999999998" classname="aaa" name="Test_suite_aaa.R"/>
    <testcase time="0.032" classname="aaa" name="Test_suite_aaa.R"/>
    <testcase time="0.0449999999999999" classname="aaa" name="Test_suite_aaa.R"/>
    <testcase time="0.00300000000000011" classname="aaa" name="Test_suite_aaa.R"/>
    <testcase time="0.00999999999999979" classname="aaa" name="Test_suite_aaa.R"/>
    <testcase time="0.00999999999999979" classname="aaa" name="Test_suite_aaa.R"/>
    <testcase time="0.0270000000000001" classname="aaa" name="Test_suite_aaa.R"/>
    <testcase time="0.0289999999999999" classname="aaa" name="Test_suite_aaa.R"/>
    <testcase time="0.0289999999999999" classname="aaa" name="Test_suite_aaa.R"/>
    <testcase time="0.0390000000000006" classname="aaa" name="Test_suite_aaa.R"/>
    <testcase time="0.0209999999999999" classname="aaa" name="Test_suite_aaa.R"/>
    <testcase time="0.0469999999999997" classname="aaa" name="Test_suite_aaa.R"/>
    <testcase time="0.0200000000000005" classname="aaa" name="Test_suite_aaa.R"/>
    <testcase time="0.0229999999999997" classname="aaa" name="Test_suite_aaa.R"/>
    <testcase time="0.0270000000000001" classname="aaa" name="Test_suite_aaa.R"/>
    <testcase time="0.0369999999999999" classname="aaa" name="Test_suite_aaa.R"/>
    <testcase time="0.0469999999999997" classname="aaa" name="Test_suite_aaa.R"/>
    <testcase time="0.00900000000000034" classname="aaa" name="Test_suite_aaa.R"/>
    <testcase time="0.0300000000000002" classname="aaa" name="Test_suite_aaa.R"/>
    <testcase time="0.0739999999999998" classname="aaa" name="Test_suite_aaa.R"/>
  </testsuite>
  <testsuite name="aab" timestamp="2024-12-06T08:02:03Z" hostname="53b9c7dd6cea" tests="12" skipped="0" failures="0" errors="0" time="2.851">
    <testcase time="1.489" classname="aab" name="Test_suite_aab.R"/>
    <testcase time="0.128" classname="aab" name="Test_suite_aab.R"/>
    <testcase time="0.115" classname="aab" name="Test_suite_aab.R"/>
    <testcase time="0.108000000000001" classname="aab" name="Test_suite_aab.R"/>
    <testcase time="0.116" classname="aab" name="Test_suite_aab.R"/>
    <testcase time="0.108" classname="aab" name="Test_suite_aab.R"/>
    <testcase time="0.114" classname="aab" name="Test_suite_aab.R"/>
    <testcase time="0.116000000000001" classname="aab" name="Test_suite_aab.R"/>
    <testcase time="0.106" classname="aab" name="Test_suite_aab.R"/>
    <testcase time="0.112" classname="aab" name="Test_suite_aab.R"/>
    <testcase time="0.332000000000001" classname="aab" name="Test_suite_aab.R"/>
    <testcase time="0.00699999999999967" classname="aab" name="Test_suite_aab.R"/>
  </testsuite>
  <testsuite name="aac" timestamp="2024-12-06T08:02:04Z" hostname="53b9c7dd6cea" tests="26" skipped="0" failures="0" errors="0" time="0.593">
    <testcase time="0.052999999999999" classname="aac" name="Test_suite_aac.R"/>
    <testcase time="0.0280000000000005" classname="aac" name="Test_suite_aac.R"/>
    <testcase time="0.0350000000000001" classname="aac" name="Test_suite_aac.R"/>
    <testcase time="0.0350000000000001" classname="aac" name="Test_suite_aac.R"/>
    <testcase time="0.0419999999999998" classname="aac" name="Test_suite_aac.R"/>
    <testcase time="0.0389999999999997" classname="aac" name="Test_suite_aac.R"/>
    <testcase time="0.0449999999999999" classname="aac" name="Test_suite_aac.R"/>
    <testcase time="0.0280000000000005" classname="aac" name="Test_suite_aac.R"/>
    <testcase time="0.00399999999999956" classname="aac" name="Test_suite_aac.R"/>
    <testcase time="0.0080000000000009" classname="aac" name="Test_suite_aac.R"/>
    <testcase time="0.0429999999999993" classname="aac" name="Test_suite_aac.R"/>
    <testcase time="0.0419999999999998" classname="aac" name="Test_suite_aac.R"/>
    <testcase time="0.0760000000000005" classname="aac" name="Test_suite_aac.R"/>
    <testcase time="0.00600000000000023" classname="aac" name="Test_suite_aac.R"/>
    <testcase time="0.00399999999999956" classname="aac" name="Test_suite_aac.R"/>
    <testcase time="0.0280000000000005" classname="aac" name="Test_suite_aac.R"/>
    <testcase time="0.00399999999999956" classname="aac" name="Test_suite_aac.R"/>
    <testcase time="0.00900000000000034" classname="aac" name="Test_suite_aac.R"/>
    <testcase time="0.00399999999999956" classname="aac" name="Test_suite_aac.R"/>
    <testcase time="0.00399999999999956" classname="aac" name="Test_suite_aac.R"/>
    <testcase time="0.00399999999999956" classname="aac" name="Test_suite_aac.R"/>
    <testcase time="0.00400000000000134" classname="aac" name="Test_suite_aac.R"/>
    <testcase time="0.00399999999999956" classname="aac" name="Test_suite_aac.R"/>
    <testcase time="0.0129999999999999" classname="aac" name="Test_suite_aac.R"/>
    <testcase time="0.0150000000000006" classname="aac" name="Test_suite_aac.R"/>
    <testcase time="0.016" classname="aac" name="Test_suite_aac.R"/>
  </testsuite>
  <testsuite name="aad" timestamp="2024-12-06T08:02:05Z" hostname="53b9c7dd6cea" tests="1" skipped="0" failures="0" errors="0" time="0.225">
    <testcase time="0.225" classname="aad" name="Test_suite_aad.R_Degen_s_eight_square_identity"/>
  </testsuite>
  <testsuite name="aae" timestamp="2024-12-06T08:02:05Z" hostname="53b9c7dd6cea" tests="13" skipped="0" failures="0" errors="0" time="0.061">
    <testcase time="0.00699999999999967" classname="aae" name="Test_suite_test_aae.R"/>
    <testcase time="0.00200000000000067" classname="aae" name="Test_suite_test_aae.R"/>
    <testcase time="0.00399999999999956" classname="aae" name="Test_suite_test_aae.R"/>
    <testcase time="0.00399999999999956" classname="aae" name="Test_suite_test_aae.R"/>
    <testcase time="0.00500000000000078" classname="aae" name="Test_suite_test_aae.R"/>
    <testcase time="0.00399999999999956" classname="aae" name="Test_suite_test_aae.R"/>
    <testcase time="0.00300000000000011" classname="aae" name="Test_suite_test_aae.R"/>
    <testcase time="0.00399999999999956" classname="aae" name="Test_suite_test_aae.R"/>
    <testcase time="0.00200000000000067" classname="aae" name="Test_suite_test_aae.R"/>
    <testcase time="0.00399999999999956" classname="aae" name="Test_suite_test_aae.R"/>
    <testcase time="0.00600000000000023" classname="aae" name="Test_suite_test_aae.R"/>
    <testcase time="0.0139999999999993" classname="aae" name="Test_suite_test_aae.R"/>
    <testcase time="0.00200000000000067" classname="aae" name="Test_suite_test_aae.R"/>
  </testsuite>
  <testsuite name="aaf" timestamp="2024-12-06T08:02:05Z" hostname="53b9c7dd6cea" tests="389" skipped="0" failures="0" errors="0" time="6.722">
    <testcase time="0.0790000000000006" classname="aaf" name="Test_suite_test_aaf.R"/>
    <testcase time="0.00199999999999889" classname="aaf" name="Test_suite_test_aaf.R"/>
    <testcase time="0.00200000000000067" classname="aaf" name="Test_suite_test_aaf.R"/>
    <testcase time="0.00199999999999889" classname="aaf" name="Test_suite_test_aaf.R"/>
    <testcase time="0.00200000000000067" classname="aaf" name="Test_suite_test_aaf.R"/>
    <testcase time="0.00200000000000067" classname="aaf" name="Test_suite_test_aaf.R"/>
    <testcase time="0.00199999999999889" classname="aaf" name="Test_suite_test_aaf.R"/>
    <testcase time="0.00300000000000011" classname="aaf" name="Test_suite_test_aaf.R"/>
    <testcase time="0.00200000000000067" classname="aaf" name="Test_suite_test_aaf.R"/>
    <testcase time="0.00200000000000067" classname="aaf" name="Test_suite_test_aaf.R"/>
    <testcase time="0.00199999999999889" classname="aaf" name="Test_suite_test_aaf.R"/>
    <testcase time="0.00200000000000067" classname="aaf" name="Test_suite_test_aaf.R"/>
    <testcase time="0.00399999999999956" classname="aaf" name="Test_suite_test_aaf.R"/>
    <testcase time="0.00500000000000078" classname="aaf" name="Test_suite_test_aaf.R"/>
    <testcase time="0.00399999999999956" classname="aaf" name="Test_suite_test_aaf.R"/>
    <testcase time="0.00399999999999956" classname="aaf" name="Test_suite_test_aaf.R"/>
    <testcase time="0.00399999999999956" classname="aaf" name="Test_suite_test_aaf.R"/>
    <testcase time="0.00399999999999956" classname="aaf" name="Test_suite_test_aaf.R"/>
    <testcase time="0.00399999999999956" classname="aaf" name="Test_suite_test_aaf.R"/>
    <testcase time="0.00399999999999956" classname="aaf" name="Test_suite_test_aaf.R"/>
    <testcase time="0.00200000000000067" classname="aaf" name="Test_suite_test_aaf.R"/>
    <testcase time="0.00300000000000011" classname="aaf" name="Test_suite_test_aaf.R"/>
    <testcase time="0.00200000000000067" classname="aaf" name="Test_suite_test_aaf.R"/>
    <testcase time="0.00199999999999889" classname="aaf" name="Test_suite_test_aaf.R"/>
    <testcase time="0.00200000000000067" classname="aaf" name="Test_suite_test_aaf.R"/>
    <testcase time="0.00199999999999889" classname="aaf" name="Test_suite_test_aaf.R"/>
    <testcase time="0.00300000000000011" classname="aaf" name="Test_suite_test_aaf.R"/>
    <testcase time="0.00200000000000067" classname="aaf" name="Test_suite_test_aaf.R"/>
    <testcase time="0.00300000000000011" classname="aaf" name="Test_suite_test_aaf.R"/>
    <testcase time="0.00200000000000067" classname="aaf" name="Test_suite_test_aaf.R"/>
    <testcase time="0.00300000000000011" classname="aaf" name="Test_suite_test_aaf.R"/>
    <testcase time="0.00699999999999967" classname="aaf" name="Test_suite_test_aaf.R"/>
    <testcase time="0.00199999999999889" classname="aaf" name="Test_suite_test_aaf.R"/>
    <testcase time="0.00300000000000011" classname="aaf" name="Test_suite_test_aaf.R"/>
    <testcase time="0.00200000000000067" classname="aaf" name="Test_suite_test_aaf.R"/>
    <testcase time="0.00199999999999889" classname="aaf" name="Test_suite_test_aaf.R"/>
    <testcase time="0.00300000000000011" classname="aaf" name="Test_suite_test_aaf.R"/>
    <testcase time="0.00200000000000067" classname="aaf" name="Test_suite_test_aaf.R"/>
    <testcase time="0.00200000000000067" classname="aaf" name="Test_suite_test_aaf.R"/>
    <testcase time="0.00300000000000011" classname="aaf" name="Test_suite_test_aaf.R"/>
    <testcase time="0.00199999999999889" classname="aaf" name="Test_suite_test_aaf.R"/>
    <testcase time="0.00300000000000011" classname="aaf" name="Test_suite_test_aaf.R"/>
    <testcase time="0.00200000000000067" classname="aaf" name="Test_suite_test_aaf.R"/>
    <testcase time="0.00300000000000011" classname="aaf" name="Test_suite_test_aaf.R"/>
    <testcase time="0.00399999999999956" classname="aaf" name="Test_suite_test_aaf.R"/>
    <testcase time="0.00300000000000011" classname="aaf" name="Test_suite_test_aaf.R"/>
    <testcase time="0.00499999999999901" classname="aaf" name="Test_suite_test_aaf.R"/>
    <testcase time="0.00600000000000023" classname="aaf" name="Test_suite_test_aaf.R"/>
    <testcase time="0.00600000000000023" classname="aaf" name="Test_suite_test_aaf.R"/>
    <testcase time="0.00600000000000023" classname="aaf" name="Test_suite_test_aaf.R"/>
    <testcase time="0.00999999999999979" classname="aaf" name="Test_suite_test_aaf.R"/>
    <testcase time="0.00500000000000078" classname="aaf" name="Test_suite_test_aaf.R"/>
    <testcase time="0.00600000000000023" classname="aaf" name="Test_suite_test_aaf.R"/>
    <testcase time="0.00699999999999967" classname="aaf" name="Test_suite_test_aaf.R"/>
    <testcase time="0.00499999999999901" classname="aaf" name="Test_suite_test_aaf.R"/>
    <testcase time="0.0080000000000009" classname="aaf" name="Test_suite_test_aaf.R"/>
    <testcase time="0.0139999999999993" classname="aaf" name="Test_suite_test_aaf.R"/>
    <testcase time="0.0129999999999999" classname="aaf" name="Test_suite_test_aaf.R"/>
    <testcase time="0.0120000000000005" classname="aaf" name="Test_suite_test_aaf.R"/>
    <testcase time="0.0150000000000006" classname="aaf" name="Test_suite_test_aaf.R"/>
    <testcase time="0.00999999999999979" classname="aaf" name="Test_suite_test_aaf.R"/>
    <testcase time="0.00499999999999901" classname="aaf" name="Test_suite_test_aaf.R"/>
    <testcase time="0.00600000000000023" classname="aaf" name="Test_suite_test_aaf.R"/>
    <testcase time="0.00699999999999967" classname="aaf" name="Test_suite_test_aaf.R"/>
    <testcase time="0.0080000000000009" classname="aaf" name="Test_suite_test_aaf.R"/>
    <testcase time="0.0139999999999993" classname="aaf" name="Test_suite_test_aaf.R"/>
    <testcase time="0.0140000000000011" classname="aaf" name="Test_suite_test_aaf.R"/>
    <testcase time="0.0129999999999999" classname="aaf" name="Test_suite_test_aaf.R"/>
    <testcase time="0.00799999999999912" classname="aaf" name="Test_suite_test_aaf.R"/>
    <testcase time="0.00999999999999979" classname="aaf" name="Test_suite_test_aaf.R"/>
    <testcase time="0.00600000000000023" classname="aaf" name="Test_suite_test_aaf.R"/>
    <testcase time="0.011000000000001" classname="aaf" name="Test_suite_test_aaf.R"/>
    <testcase time="0.0169999999999995" classname="aaf" name="Test_suite_test_aaf.R"/>
    <testcase time="0.00799999999999912" classname="aaf" name="Test_suite_test_aaf.R"/>
    <testcase time="0.127000000000001" classname="aaf" name="Test_suite_test_aaf.R"/>
    <testcase time="0.00300000000000011" classname="aaf" name="Test_suite_test_aaf.R"/>
    <testcase time="0.00200000000000067" classname="aaf" name="Test_suite_test_aaf.R"/>
    <testcase time="0.00199999999999889" classname="aaf" name="Test_suite_test_aaf.R"/>
    <testcase time="0.00200000000000067" classname="aaf" name="Test_suite_test_aaf.R"/>
    <testcase time="0.00200000000000067" classname="aaf" name="Test_suite_test_aaf.R"/>
    <testcase time="0.00199999999999889" classname="aaf" name="Test_suite_test_aaf.R"/>
    <testcase time="0.00300000000000011" classname="aaf" name="Test_suite_test_aaf.R"/>
    <testcase time="0.00200000000000067" classname="aaf" name="Test_suite_test_aaf.R"/>
    <testcase time="0.00199999999999889" classname="aaf" name="Test_suite_test_aaf.R"/>
    <testcase time="0.00200000000000067" classname="aaf" name="Test_suite_test_aaf.R"/>
    <testcase time="0.00200000000000067" classname="aaf" name="Test_suite_test_aaf.R"/>
    <testcase time="0.00499999999999901" classname="aaf" name="Test_suite_test_aaf.R"/>
    <testcase time="0.00500000000000078" classname="aaf" name="Test_suite_test_aaf.R"/>
    <testcase time="0.00399999999999956" classname="aaf" name="Test_suite_test_aaf.R"/>
    <testcase time="0.00399999999999956" classname="aaf" name="Test_suite_test_aaf.R"/>
    <testcase time="0.00500000000000078" classname="aaf" name="Test_suite_test_aaf.R"/>
    <testcase time="0.00399999999999956" classname="aaf" name="Test_suite_test_aaf.R"/>
    <testcase time="0.00400000000000134" classname="aaf" name="Test_suite_test_aaf.R"/>
    <testcase time="0.00499999999999901" classname="aaf" name="Test_suite_test_aaf.R"/>
    <testcase time="0.00200000000000067" classname="aaf" name="Test_suite_test_aaf.R"/>
    <testcase time="0.00199999999999889" classname="aaf" name="Test_suite_test_aaf.R"/>
    <testcase time="0.00200000000000067" classname="aaf" name="Test_suite_test_aaf.R"/>
    <testcase time="0.00200000000000067" classname="aaf" name="Test_suite_test_aaf.R"/>
    <testcase time="0.00199999999999889" classname="aaf" name="Test_suite_test_aaf.R"/>
    <testcase time="0.00300000000000011" classname="aaf" name="Test_suite_test_aaf.R"/>
    <testcase time="0.00200000000000067" classname="aaf" name="Test_suite_test_aaf.R"/>
    <testcase time="0.00199999999999889" classname="aaf" name="Test_suite_test_aaf.R"/>
    <testcase time="0.00200000000000067" classname="aaf" name="Test_suite_test_aaf.R"/>
    <testcase time="0.00200000000000067" classname="aaf" name="Test_suite_test_aaf.R"/>
    <testcase time="0.00199999999999889" classname="aaf" name="Test_suite_test_aaf.R"/>
    <testcase time="0.00300000000000011" classname="aaf" name="Test_suite_test_aaf.R"/>
    <testcase time="0.00600000000000023" classname="aaf" name="Test_suite_test_aaf.R"/>
    <testcase time="0.00200000000000067" classname="aaf" name="Test_suite_test_aaf.R"/>
    <testcase time="0.00300000000000011" classname="aaf" name="Test_suite_test_aaf.R"/>
    <testcase time="0.00199999999999889" classname="aaf" name="Test_suite_test_aaf.R"/>
    <testcase time="0.00200000000000067" classname="aaf" name="Test_suite_test_aaf.R"/>
    <testcase time="0.00200000000000067" classname="aaf" name="Test_suite_test_aaf.R"/>
    <testcase time="0.00299999999999834" classname="aaf" name="Test_suite_test_aaf.R"/>
    <testcase time="0.00200000000000067" classname="aaf" name="Test_suite_test_aaf.R"/>
    <testcase time="0.00200000000000067" classname="aaf" name="Test_suite_test_aaf.R"/>
    <testcase time="0.00199999999999889" classname="aaf" name="Test_suite_test_aaf.R"/>
    <testcase time="0.00200000000000067" classname="aaf" name="Test_suite_test_aaf.R"/>
    <testcase time="0.00200000000000067" classname="aaf" name="Test_suite_test_aaf.R"/>
    <testcase time="0.00499999999999901" classname="aaf" name="Test_suite_test_aaf.R"/>
    <testcase time="0.00300000000000011" classname="aaf" name="Test_suite_test_aaf.R"/>
    <testcase time="0.00500000000000078" classname="aaf" name="Test_suite_test_aaf.R"/>
    <testcase time="0.00600000000000023" classname="aaf" name="Test_suite_test_aaf.R"/>
    <testcase time="0.00699999999999967" classname="aaf" name="Test_suite_test_aaf.R"/>
    <testcase time="0.00600000000000023" classname="aaf" name="Test_suite_test_aaf.R"/>
    <testcase time="0.00999999999999979" classname="aaf" name="Test_suite_test_aaf.R"/>
    <testcase time="0.00600000000000023" classname="aaf" name="Test_suite_test_aaf.R"/>
    <testcase time="0.00599999999999845" classname="aaf" name="Test_suite_test_aaf.R"/>
    <testcase time="0.00700000000000145" classname="aaf" name="Test_suite_test_aaf.R"/>
    <testcase time="0.00499999999999901" classname="aaf" name="Test_suite_test_aaf.R"/>
    <testcase time="0.0080000000000009" classname="aaf" name="Test_suite_test_aaf.R"/>
    <testcase time="0.0139999999999993" classname="aaf" name="Test_suite_test_aaf.R"/>
    <testcase time="0.0139999999999993" classname="aaf" name="Test_suite_test_aaf.R"/>
    <testcase time="0.011000000000001" classname="aaf" name="Test_suite_test_aaf.R"/>
    <testcase time="0.0150000000000006" classname="aaf" name="Test_suite_test_aaf.R"/>
    <testcase time="0.00999999999999979" classname="aaf" name="Test_suite_test_aaf.R"/>
    <testcase time="0.00600000000000023" classname="aaf" name="Test_suite_test_aaf.R"/>
    <testcase time="0.00599999999999845" classname="aaf" name="Test_suite_test_aaf.R"/>
    <testcase time="0.00600000000000023" classname="aaf" name="Test_suite_test_aaf.R"/>
    <testcase time="0.0080000000000009" classname="aaf" name="Test_suite_test_aaf.R"/>
    <testcase time="0.0139999999999993" classname="aaf" name="Test_suite_test_aaf.R"/>
    <testcase time="0.0140000000000011" classname="aaf" name="Test_suite_test_aaf.R"/>
    <testcase time="0.0129999999999999" classname="aaf" name="Test_suite_test_aaf.R"/>
    <testcase time="0.00799999999999912" classname="aaf" name="Test_suite_test_aaf.R"/>
    <testcase time="0.00999999999999979" classname="aaf" name="Test_suite_test_aaf.R"/>
    <testcase time="0.00999999999999979" classname="aaf" name="Test_suite_test_aaf.R"/>
    <testcase time="0.00600000000000023" classname="aaf" name="Test_suite_test_aaf.R"/>
    <testcase time="0.016" classname="aaf" name="Test_suite_test_aaf.R"/>
    <testcase time="0.0080000000000009" classname="aaf" name="Test_suite_test_aaf.R"/>
    <testcase time="0.0649999999999995" classname="aaf" name="Test_suite_test_aaf.R"/>
    <testcase time="0.00300000000000011" classname="aaf" name="Test_suite_test_aaf.R"/>
    <testcase time="0.00200000000000067" classname="aaf" name="Test_suite_test_aaf.R"/>
    <testcase time="0.00199999999999889" classname="aaf" name="Test_suite_test_aaf.R"/>
    <testcase time="0.00300000000000011" classname="aaf" name="Test_suite_test_aaf.R"/>
    <testcase time="0.00200000000000067" classname="aaf" name="Test_suite_test_aaf.R"/>
    <testcase time="0.00300000000000011" classname="aaf" name="Test_suite_test_aaf.R"/>
    <testcase time="0.00300000000000011" classname="aaf" name="Test_suite_test_aaf.R"/>
    <testcase time="0.00199999999999889" classname="aaf" name="Test_suite_test_aaf.R"/>
    <testcase time="0.00200000000000067" classname="aaf" name="Test_suite_test_aaf.R"/>
    <testcase time="0.00300000000000011" classname="aaf" name="Test_suite_test_aaf.R"/>
    <testcase time="0.00199999999999889" classname="aaf" name="Test_suite_test_aaf.R"/>
    <testcase time="0.00500000000000078" classname="aaf" name="Test_suite_test_aaf.R"/>
    <testcase time="0.00499999999999901" classname="aaf" name="Test_suite_test_aaf.R"/>
    <testcase time="0.00500000000000078" classname="aaf" name="Test_suite_test_aaf.R"/>
    <testcase time="0.00399999999999956" classname="aaf" name="Test_suite_test_aaf.R"/>
    <testcase time="0.00500000000000078" classname="aaf" name="Test_suite_test_aaf.R"/>
    <testcase time="0.00499999999999901" classname="aaf" name="Test_suite_test_aaf.R"/>
    <testcase time="0.00500000000000078" classname="aaf" name="Test_suite_test_aaf.R"/>
    <testcase time="0.00399999999999956" classname="aaf" name="Test_suite_test_aaf.R"/>
    <testcase time="0.00300000000000011" classname="aaf" name="Test_suite_test_aaf.R"/>
    <testcase time="0.00200000000000067" classname="aaf" name="Test_suite_test_aaf.R"/>
    <testcase time="0.00300000000000011" classname="aaf" name="Test_suite_test_aaf.R"/>
    <testcase time="0.00199999999999889" classname="aaf" name="Test_suite_test_aaf.R"/>
    <testcase time="0.00300000000000011" classname="aaf" name="Test_suite_test_aaf.R"/>
    <testcase time="0.00200000000000067" classname="aaf" name="Test_suite_test_aaf.R"/>
    <testcase time="0.00300000000000011" classname="aaf" name="Test_suite_test_aaf.R"/>
    <testcase time="0.00199999999999889" classname="aaf" name="Test_suite_test_aaf.R"/>
    <testcase time="0.00200000000000067" classname="aaf" name="Test_suite_test_aaf.R"/>
    <testcase time="0.00300000000000011" classname="aaf" name="Test_suite_test_aaf.R"/>
    <testcase time="0.00200000000000067" classname="aaf" name="Test_suite_test_aaf.R"/>
    <testcase time="0.00300000000000011" classname="aaf" name="Test_suite_test_aaf.R"/>
    <testcase time="0.00199999999999889" classname="aaf" name="Test_suite_test_aaf.R"/>
    <testcase time="0.00300000000000011" classname="aaf" name="Test_suite_test_aaf.R"/>
    <testcase time="0.00300000000000011" classname="aaf" name="Test_suite_test_aaf.R"/>
    <testcase time="0.00200000000000067" classname="aaf" name="Test_suite_test_aaf.R"/>
    <testcase time="0.00300000000000011" classname="aaf" name="Test_suite_test_aaf.R"/>
    <testcase time="0.00199999999999889" classname="aaf" name="Test_suite_test_aaf.R"/>
    <testcase time="0.00300000000000011" classname="aaf" name="Test_suite_test_aaf.R"/>
    <testcase time="0.00200000000000067" classname="aaf" name="Test_suite_test_aaf.R"/>
    <testcase time="0.00300000000000011" classname="aaf" name="Test_suite_test_aaf.R"/>
    <testcase time="0.00199999999999889" classname="aaf" name="Test_suite_test_aaf.R"/>
    <testcase time="0.00300000000000011" classname="aaf" name="Test_suite_test_aaf.R"/>
    <testcase time="0.00200000000000067" classname="aaf" name="Test_suite_test_aaf.R"/>
    <testcase time="0.00500000000000078" classname="aaf" name="Test_suite_test_aaf.R"/>
    <testcase time="0.00299999999999834" classname="aaf" name="Test_suite_test_aaf.R"/>
    <testcase time="0.00600000000000023" classname="aaf" name="Test_suite_test_aaf.R"/>
    <testcase time="0.011000000000001" classname="aaf" name="Test_suite_test_aaf.R"/>
    <testcase time="0.00600000000000023" classname="aaf" name="Test_suite_test_aaf.R"/>
    <testcase time="0.00599999999999845" classname="aaf" name="Test_suite_test_aaf.R"/>
    <testcase time="0.0100000000000016" classname="aaf" name="Test_suite_test_aaf.R"/>
    <testcase time="0.00599999999999845" classname="aaf" name="Test_suite_test_aaf.R"/>
    <testcase time="0.00600000000000023" classname="aaf" name="Test_suite_test_aaf.R"/>
    <testcase time="0.00700000000000145" classname="aaf" name="Test_suite_test_aaf.R"/>
    <testcase time="0.00599999999999845" classname="aaf" name="Test_suite_test_aaf.R"/>
    <testcase time="0.0080000000000009" classname="aaf" name="Test_suite_test_aaf.R"/>
    <testcase time="0.0139999999999993" classname="aaf" name="Test_suite_test_aaf.R"/>
    <testcase time="0.0140000000000011" classname="aaf" name="Test_suite_test_aaf.R"/>
    <testcase time="0.0109999999999992" classname="aaf" name="Test_suite_test_aaf.R"/>
    <testcase time="0.0150000000000006" classname="aaf" name="Test_suite_test_aaf.R"/>
    <testcase time="0.00999999999999979" classname="aaf" name="Test_suite_test_aaf.R"/>
    <testcase time="0.00600000000000023" classname="aaf" name="Test_suite_test_aaf.R"/>
    <testcase time="0.00600000000000023" classname="aaf" name="Test_suite_test_aaf.R"/>
    <testcase time="0.00599999999999845" classname="aaf" name="Test_suite_test_aaf.R"/>
    <testcase time="0.0080000000000009" classname="aaf" name="Test_suite_test_aaf.R"/>
    <testcase time="0.0139999999999993" classname="aaf" name="Test_suite_test_aaf.R"/>
    <testcase time="0.0140000000000011" classname="aaf" name="Test_suite_test_aaf.R"/>
    <testcase time="0.0119999999999987" classname="aaf" name="Test_suite_test_aaf.R"/>
    <testcase time="0.0080000000000009" classname="aaf" name="Test_suite_test_aaf.R"/>
    <testcase time="0.00900000000000034" classname="aaf" name="Test_suite_test_aaf.R"/>
    <testcase time="0.00699999999999967" classname="aaf" name="Test_suite_test_aaf.R"/>
    <testcase time="0.00600000000000023" classname="aaf" name="Test_suite_test_aaf.R"/>
    <testcase time="0.016" classname="aaf" name="Test_suite_test_aaf.R"/>
    <testcase time="0.0120000000000005" classname="aaf" name="Test_suite_test_aaf.R"/>
    <testcase time="0.0669999999999984" classname="aaf" name="Test_suite_test_aaf.R"/>
    <testcase time="0.00200000000000067" classname="aaf" name="Test_suite_test_aaf.R"/>
    <testcase time="0.00300000000000011" classname="aaf" name="Test_suite_test_aaf.R"/>
    <testcase time="0.00200000000000067" classname="aaf" name="Test_suite_test_aaf.R"/>
    <testcase time="0.00300000000000011" classname="aaf" name="Test_suite_test_aaf.R"/>
    <testcase time="0.00300000000000011" classname="aaf" name="Test_suite_test_aaf.R"/>
    <testcase time="0.00299999999999834" classname="aaf" name="Test_suite_test_aaf.R"/>
    <testcase time="0.00300000000000011" classname="aaf" name="Test_suite_test_aaf.R"/>
    <testcase time="0.00200000000000067" classname="aaf" name="Test_suite_test_aaf.R"/>
    <testcase time="0.00300000000000011" classname="aaf" name="Test_suite_test_aaf.R"/>
    <testcase time="0.00300000000000011" classname="aaf" name="Test_suite_test_aaf.R"/>
    <testcase time="0.00200000000000067" classname="aaf" name="Test_suite_test_aaf.R"/>
    <testcase time="0.00599999999999845" classname="aaf" name="Test_suite_test_aaf.R"/>
    <testcase time="0.00500000000000078" classname="aaf" name="Test_suite_test_aaf.R"/>
    <testcase time="0.00500000000000078" classname="aaf" name="Test_suite_test_aaf.R"/>
    <testcase time="0.00499999999999901" classname="aaf" name="Test_suite_test_aaf.R"/>
    <testcase time="0.00500000000000078" classname="aaf" name="Test_suite_test_aaf.R"/>
    <testcase time="0.00499999999999901" classname="aaf" name="Test_suite_test_aaf.R"/>
    <testcase time="0.00500000000000078" classname="aaf" name="Test_suite_test_aaf.R"/>
    <testcase time="0.00499999999999901" classname="aaf" name="Test_suite_test_aaf.R"/>
    <testcase time="0.00300000000000011" classname="aaf" name="Test_suite_test_aaf.R"/>
    <testcase time="0.00200000000000067" classname="aaf" name="Test_suite_test_aaf.R"/>
    <testcase time="0.00300000000000011" classname="aaf" name="Test_suite_test_aaf.R"/>
    <testcase time="0.00300000000000011" classname="aaf" name="Test_suite_test_aaf.R"/>
    <testcase time="0.00300000000000011" classname="aaf" name="Test_suite_test_aaf.R"/>
    <testcase time="0.00199999999999889" classname="aaf" name="Test_suite_test_aaf.R"/>
    <testcase time="0.00300000000000011" classname="aaf" name="Test_suite_test_aaf.R"/>
    <testcase time="0.00300000000000011" classname="aaf" name="Test_suite_test_aaf.R"/>
    <testcase time="0.00200000000000067" classname="aaf" name="Test_suite_test_aaf.R"/>
    <testcase time="0.00300000000000011" classname="aaf" name="Test_suite_test_aaf.R"/>
    <testcase time="0.00300000000000011" classname="aaf" name="Test_suite_test_aaf.R"/>
    <testcase time="0.00199999999999889" classname="aaf" name="Test_suite_test_aaf.R"/>
    <testcase time="0.00300000000000011" classname="aaf" name="Test_suite_test_aaf.R"/>
    <testcase time="0.00300000000000011" classname="aaf" name="Test_suite_test_aaf.R"/>
    <testcase time="0.00300000000000011" classname="aaf" name="Test_suite_test_aaf.R"/>
    <testcase time="0.00300000000000011" classname="aaf" name="Test_suite_test_aaf.R"/>
    <testcase time="0.00300000000000011" classname="aaf" name="Test_suite_test_aaf.R"/>
    <testcase time="0.00300000000000011" classname="aaf" name="Test_suite_test_aaf.R"/>
    <testcase time="0.00200000000000067" classname="aaf" name="Test_suite_test_aaf.R"/>
    <testcase time="0.00299999999999834" classname="aaf" name="Test_suite_test_aaf.R"/>
    <testcase time="0.00300000000000011" classname="aaf" name="Test_suite_test_aaf.R"/>
    <testcase time="0.00200000000000067" classname="aaf" name="Test_suite_test_aaf.R"/>
    <testcase time="0.00300000000000011" classname="aaf" name="Test_suite_test_aaf.R"/>
    <testcase time="0.00300000000000011" classname="aaf" name="Test_suite_test_aaf.R"/>
    <testcase time="0.00499999999999901" classname="aaf" name="Test_suite_test_aaf.R"/>
    <testcase time="0.00300000000000011" classname="aaf" name="Test_suite_test_aaf.R"/>
    <testcase time="0.00600000000000023" classname="aaf" name="Test_suite_test_aaf.R"/>
    <testcase time="0.00699999999999967" classname="aaf" name="Test_suite_test_aaf.R"/>
    <testcase time="0.00700000000000145" classname="aaf" name="Test_suite_test_aaf.R"/>
    <testcase time="0.00600000000000023" classname="aaf" name="Test_suite_test_aaf.R"/>
    <testcase time="0.0149999999999988" classname="aaf" name="Test_suite_test_aaf.R"/>
    <testcase time="0.00600000000000023" classname="aaf" name="Test_suite_test_aaf.R"/>
    <testcase time="0.00600000000000023" classname="aaf" name="Test_suite_test_aaf.R"/>
    <testcase time="0.00699999999999967" classname="aaf" name="Test_suite_test_aaf.R"/>
    <testcase time="0.00699999999999967" classname="aaf" name="Test_suite_test_aaf.R"/>
    <testcase time="0.0080000000000009" classname="aaf" name="Test_suite_test_aaf.R"/>
    <testcase time="0.0139999999999993" classname="aaf" name="Test_suite_test_aaf.R"/>
    <testcase time="0.0140000000000011" classname="aaf" name="Test_suite_test_aaf.R"/>
    <testcase time="0.0149999999999988" classname="aaf" name="Test_suite_test_aaf.R"/>
    <testcase time="0.0150000000000006" classname="aaf" name="Test_suite_test_aaf.R"/>
    <testcase time="0.00999999999999979" classname="aaf" name="Test_suite_test_aaf.R"/>
    <testcase time="0.00600000000000023" classname="aaf" name="Test_suite_test_aaf.R"/>
    <testcase time="0.00699999999999967" classname="aaf" name="Test_suite_test_aaf.R"/>
    <testcase time="0.00600000000000023" classname="aaf" name="Test_suite_test_aaf.R"/>
    <testcase time="0.00900000000000034" classname="aaf" name="Test_suite_test_aaf.R"/>
    <testcase time="0.0139999999999993" classname="aaf" name="Test_suite_test_aaf.R"/>
    <testcase time="0.0139999999999993" classname="aaf" name="Test_suite_test_aaf.R"/>
    <testcase time="0.0120000000000005" classname="aaf" name="Test_suite_test_aaf.R"/>
    <testcase time="0.00900000000000034" classname="aaf" name="Test_suite_test_aaf.R"/>
    <testcase time="0.00900000000000034" classname="aaf" name="Test_suite_test_aaf.R"/>
    <testcase time="0.00600000000000023" classname="aaf" name="Test_suite_test_aaf.R"/>
    <testcase time="0.00600000000000023" classname="aaf" name="Test_suite_test_aaf.R"/>
    <testcase time="0.0169999999999995" classname="aaf" name="Test_suite_test_aaf.R"/>
    <testcase time="0.0080000000000009" classname="aaf" name="Test_suite_test_aaf.R"/>
    <testcase time="0.0700000000000003" classname="aaf" name="Test_suite_test_aaf.R"/>
    <testcase time="0.00299999999999834" classname="aaf" name="Test_suite_test_aaf.R"/>
    <testcase time="0.00300000000000011" classname="aaf" name="Test_suite_test_aaf.R"/>
    <testcase time="0.00300000000000011" classname="aaf" name="Test_suite_test_aaf.R"/>
    <testcase time="0.00300000000000011" classname="aaf" name="Test_suite_test_aaf.R"/>
    <testcase time="0.00300000000000011" classname="aaf" name="Test_suite_test_aaf.R"/>
    <testcase time="0.00300000000000011" classname="aaf" name="Test_suite_test_aaf.R"/>
    <testcase time="0.00300000000000011" classname="aaf" name="Test_suite_test_aaf.R"/>
    <testcase time="0.00300000000000011" classname="aaf" name="Test_suite_test_aaf.R"/>
    <testcase time="0.00300000000000011" classname="aaf" name="Test_suite_test_aaf.R"/>
    <testcase time="0.00300000000000011" classname="aaf" name="Test_suite_test_aaf.R"/>
    <testcase time="0.00300000000000011" classname="aaf" name="Test_suite_test_aaf.R"/>
    <testcase time="0.00499999999999901" classname="aaf" name="Test_suite_test_aaf.R"/>
    <testcase time="0.00500000000000078" classname="aaf" name="Test_suite_test_aaf.R"/>
    <testcase time="0.00500000000000078" classname="aaf" name="Test_suite_test_aaf.R"/>
    <testcase time="0.00499999999999901" classname="aaf" name="Test_suite_test_aaf.R"/>
    <testcase time="0.00600000000000023" classname="aaf" name="Test_suite_test_aaf.R"/>
    <testcase time="0.00500000000000078" classname="aaf" name="Test_suite_test_aaf.R"/>
    <testcase time="0.00499999999999901" classname="aaf" name="Test_suite_test_aaf.R"/>
    <testcase time="0.00500000000000078" classname="aaf" name="Test_suite_test_aaf.R"/>
    <testcase time="0.00300000000000011" classname="aaf" name="Test_suite_test_aaf.R"/>
    <testcase time="0.00300000000000011" classname="aaf" name="Test_suite_test_aaf.R"/>
    <testcase time="0.00300000000000011" classname="aaf" name="Test_suite_test_aaf.R"/>
    <testcase time="0.00300000000000011" classname="aaf" name="Test_suite_test_aaf.R"/>
    <testcase time="0.00300000000000011" classname="aaf" name="Test_suite_test_aaf.R"/>
    <testcase time="0.00300000000000011" classname="aaf" name="Test_suite_test_aaf.R"/>
    <testcase time="0.00300000000000011" classname="aaf" name="Test_suite_test_aaf.R"/>
    <testcase time="0.00299999999999834" classname="aaf" name="Test_suite_test_aaf.R"/>
    <testcase time="0.00300000000000011" classname="aaf" name="Test_suite_test_aaf.R"/>
    <testcase time="0.00300000000000011" classname="aaf" name="Test_suite_test_aaf.R"/>
    <testcase time="0.00300000000000011" classname="aaf" name="Test_suite_test_aaf.R"/>
    <testcase time="0.00300000000000011" classname="aaf" name="Test_suite_test_aaf.R"/>
    <testcase time="0.00300000000000011" classname="aaf" name="Test_suite_test_aaf.R"/>
    <testcase time="0.00300000000000011" classname="aaf" name="Test_suite_test_aaf.R"/>
    <testcase time="0.00300000000000011" classname="aaf" name="Test_suite_test_aaf.R"/>
    <testcase time="0.00399999999999956" classname="aaf" name="Test_suite_test_aaf.R"/>
    <testcase time="0.00300000000000011" classname="aaf" name="Test_suite_test_aaf.R"/>
    <testcase time="0.00300000000000011" classname="aaf" name="Test_suite_test_aaf.R"/>
    <testcase time="0.00300000000000011" classname="aaf" name="Test_suite_test_aaf.R"/>
    <testcase time="0.00300000000000011" classname="aaf" name="Test_suite_test_aaf.R"/>
    <testcase time="0.00300000000000011" classname="aaf" name="Test_suite_test_aaf.R"/>
    <testcase time="0.00300000000000011" classname="aaf" name="Test_suite_test_aaf.R"/>
    <testcase time="0.00300000000000011" classname="aaf" name="Test_suite_test_aaf.R"/>
    <testcase time="0.00300000000000011" classname="aaf" name="Test_suite_test_aaf.R"/>
    <testcase time="0.00499999999999901" classname="aaf" name="Test_suite_test_aaf.R"/>
    <testcase time="0.00400000000000134" classname="aaf" name="Test_suite_test_aaf.R"/>
    <testcase time="0.00599999999999845" classname="aaf" name="Test_suite_test_aaf.R"/>
    <testcase time="0.011000000000001" classname="aaf" name="Test_suite_test_aaf.R"/>
    <testcase time="0.00699999999999967" classname="aaf" name="Test_suite_test_aaf.R"/>
    <testcase time="0.00699999999999967" classname="aaf" name="Test_suite_test_aaf.R"/>
    <testcase time="0.00999999999999979" classname="aaf" name="Test_suite_test_aaf.R"/>
    <testcase time="0.00700000000000145" classname="aaf" name="Test_suite_test_aaf.R"/>
    <testcase time="0.00599999999999845" classname="aaf" name="Test_suite_test_aaf.R"/>
    <testcase time="0.0080000000000009" classname="aaf" name="Test_suite_test_aaf.R"/>
    <testcase time="0.00600000000000023" classname="aaf" name="Test_suite_test_aaf.R"/>
    <testcase time="0.00900000000000034" classname="aaf" name="Test_suite_test_aaf.R"/>
    <testcase time="0.0139999999999993" classname="aaf" name="Test_suite_test_aaf.R"/>
    <testcase time="0.0139999999999993" classname="aaf" name="Test_suite_test_aaf.R"/>
    <testcase time="0.0120000000000005" classname="aaf" name="Test_suite_test_aaf.R"/>
    <testcase time="0.0150000000000006" classname="aaf" name="Test_suite_test_aaf.R"/>
    <testcase time="0.0109999999999992" classname="aaf" name="Test_suite_test_aaf.R"/>
    <testcase time="0.00699999999999967" classname="aaf" name="Test_suite_test_aaf.R"/>
    <testcase time="0.00600000000000023" classname="aaf" name="Test_suite_test_aaf.R"/>
    <testcase time="0.00699999999999967" classname="aaf" name="Test_suite_test_aaf.R"/>
    <testcase time="0.00900000000000034" classname="aaf" name="Test_suite_test_aaf.R"/>
    <testcase time="0.0140000000000011" classname="aaf" name="Test_suite_test_aaf.R"/>
    <testcase time="0.0149999999999988" classname="aaf" name="Test_suite_test_aaf.R"/>
    <testcase time="0.0120000000000005" classname="aaf" name="Test_suite_test_aaf.R"/>
    <testcase time="0.00900000000000034" classname="aaf" name="Test_suite_test_aaf.R"/>
    <testcase time="0.00999999999999979" classname="aaf" name="Test_suite_test_aaf.R"/>
    <testcase time="0.00600000000000023" classname="aaf" name="Test_suite_test_aaf.R"/>
    <testcase time="0.00699999999999967" classname="aaf" name="Test_suite_test_aaf.R"/>
    <testcase time="0.0210000000000008" classname="aaf" name="Test_suite_test_aaf.R"/>
    <testcase time="0.00899999999999856" classname="aaf" name="Test_suite_test_aaf.R"/>
    <testcase time="0.00500000000000078" classname="aaf" name="Test_suite_test_aaf.R"/>
    <testcase time="0.0389999999999997" classname="aaf" name="Test_suite_test_aaf.R"/>
    <testcase time="0.0400000000000009" classname="aaf" name="Test_suite_test_aaf.R"/>
    <testcase time="0.0259999999999998" classname="aaf" name="Test_suite_test_aaf.R"/>
    <testcase time="0.097999999999999" classname="aaf" name="Test_suite_test_aaf.R"/>
    <testcase time="0.00900000000000034" classname="aaf" name="Test_suite_test_aaf.R"/>
    <testcase time="3.803" classname="aaf" name="Test_suite_test_aaf.R"/>
    <testcase time="0.00600000000000023" classname="aaf" name="Test_suite_test_aaf.R"/>
    <testcase time="0.00699999999999967" classname="aaf" name="Test_suite_test_aaf.R"/>
    <testcase time="0.0190000000000001" classname="aaf" name="Test_suite_test_aaf.R"/>
    <testcase time="0.0559999999999992" classname="aaf" name="Test_suite_test_aaf.R"/>
    <testcase time="0.0640000000000001" classname="aaf" name="Test_suite_test_aaf.R"/>
    <testcase time="0.101000000000001" classname="aaf" name="Test_suite_test_aaf.R"/>
    <testcase time="0.00300000000000011" classname="aaf" name="Test_suite_test_aaf.R"/>
    <testcase time="0.00399999999999956" classname="aaf" name="Test_suite_test_aaf.R"/>
    <testcase time="0.00399999999999956" classname="aaf" name="Test_suite_test_aaf.R"/>
    <testcase time="0.0259999999999998" classname="aaf" name="Test_suite_test_aaf.R"/>
    <testcase time="0.00600000000000023" classname="aaf" name="Test_suite_test_aaf.R"/>
    <testcase time="0.00500000000000078" classname="aaf" name="Test_suite_test_aaf.R"/>
  </testsuite>
  <testsuite name="aag" timestamp="2024-12-06T08:02:12Z" hostname="53b9c7dd6cea" tests="19" skipped="0" failures="0" errors="0" time="0.3">
    <testcase time="0.0109999999999992" classname="aag" name="Test_suite_test_aag.R"/>
    <testcase time="0.00600000000000023" classname="aag" name="Test_suite_test_aag.R"/>
    <testcase time="0.00199999999999889" classname="aag" name="Test_suite_test_aag.R"/>
    <testcase time="0.00300000000000011" classname="aag" name="Test_suite_test_aag.R"/>
    <testcase time="0.00400000000000134" classname="aag" name="Test_suite_test_aag.R"/>
    <testcase time="0.00499999999999901" classname="aag" name="Test_suite_test_aag.R"/>
    <testcase time="0.00500000000000078" classname="aag" name="Test_suite_test_aag.R"/>
    <testcase time="0.0109999999999992" classname="aag" name="Test_suite_test_aag.R"/>
    <testcase time="0.00900000000000034" classname="aag" name="Test_suite_test_aag.R"/>
    <testcase time="0.0169999999999995" classname="aag" name="Test_suite_test_aag.R"/>
    <testcase time="0.00900000000000034" classname="aag" name="Test_suite_test_aag.R"/>
    <testcase time="0.0129999999999999" classname="aag" name="Test_suite_test_aag.R"/>
    <testcase time="0.0140000000000011" classname="aag" name="Test_suite_test_aag.R"/>
    <testcase time="0.00399999999999956" classname="aag" name="Test_suite_test_aag.R"/>
    <testcase time="0.00499999999999901" classname="aag" name="Test_suite_test_aag.R"/>
    <testcase time="0.0910000000000011" classname="aag" name="Test_suite_test_aag.R"/>
    <testcase time="0.0399999999999991" classname="aag" name="Test_suite_test_aag.R"/>
    <testcase time="0.0390000000000015" classname="aag" name="Test_suite_test_aag.R"/>
    <testcase time="0.0120000000000005" classname="aag" name="Test_suite_test_aag.R"/>
  </testsuite>
</testsuites>
